11/2/2015 8:41:11 AM | ::1 | huyen | http://it.mt.gov.vn/dctquantri/DashBoard/DashBoard.aspx|huyenhs|Truy cập trang:Tổng quan
11/2/2015 8:45:55 AM | ::1 | huyen | http://it.mt.gov.vn/dctquantri/DashBoard/DashBoard.aspx|huyenhs|Truy cập trang:Tổng quan
11/2/2015 8:45:56 AM | ::1 | huyen | http://it.mt.gov.vn/dctquantri/DashBoard/DashBoard.aspx|huyenhs|Truy cập trang:Tổng quan
11/2/2015 9:57:25 AM | ::1 | huyen | http://it.mt.gov.vn/dctquantri/tTrafficSafety_07_DanhMucTinTuc/ShowTTrafficSafety_07_DanhMucTinTucTable.aspx|huyenhs|Truy cập trang:Xem danh sách  Danh mục tin tức
11/2/2015 10:04:16 AM | ::1 | huyen | http://it.mt.gov.vn/dctquantri/tTrafficSafety_07_DanhMucTinTuc/ShowTTrafficSafety_07_DanhMucTinTucTable.aspx|huyenhs|Truy cập trang:Xem danh sách  Danh mục tin tức
11/2/2015 1:58:36 PM | ::1 | huyen | http://it.mt.gov.vn/dctquantri/tTrafficSafety_21_QuanLyTrangChu/ShowTTrafficSafety_21_QuanLyTrangChuTable.aspx|huyenhs|Truy cập trang:Xem danh sách module CT
11/2/2015 1:58:41 PM | ::1 | huyen | http://it.mt.gov.vn/dctquantri/tTrafficSafety_21_QuanLyTrangChu/EditTTrafficSafety_21_QuanLyTrangChu.aspx?TTrafficSafety_21_QuanLyTrangChu=<key><cv><c>Id</c><v>4</v></cv></key>|huyenhs|Truy cập trang:Sửa module CT
11/2/2015 1:58:45 PM | ::1 | huyen | http://it.mt.gov.vn/dctquantri/tTrafficSafety_21_QuanLyTrangChu/ShowTTrafficSafety_21_QuanLyTrangChuTable.aspx|huyenhs|Truy cập trang:Xem danh sách module CT
11/2/2015 1:58:53 PM | ::1 | huyen | http://it.mt.gov.vn/dctquantri/tTrafficSafety_21_QuanLyTrangChu/EditTTrafficSafety_21_QuanLyTrangChu.aspx?TTrafficSafety_21_QuanLyTrangChu=<key><cv><c>Id</c><v>17</v></cv></key>|huyenhs|Truy cập trang:Sửa module CT
11/2/2015 2:50:33 PM | ::1 | huyen | http://it.mt.gov.vn/dctquantri/tTrafficSafety_18_ThamDoYKien/ShowTTrafficSafety_18_ThamDoYKienTable.aspx|huyenhs|Truy cập trang:Xem danh sách  thăm dò ý kiến
11/2/2015 2:50:36 PM | ::1 | huyen | http://it.mt.gov.vn/dctquantri/tTrafficSafety_18_ThamDoYKien/EditTTrafficSafety_18_ThamDoYKien.aspx?TTrafficSafety_18_ThamDoYKien=<key><cv><c>id</c><v>1</v></cv></key>|huyenhs|Truy cập trang:Sửa  thăm dò ý kiến
11/2/2015 3:07:58 PM | ::1 | huyen | http://it.mt.gov.vn/dctquantri/tTrafficSafety_09_Videos/ShowTTrafficSafety_09_VideosTable.aspx|huyenhs|Truy cập trang:Xem danh sách  Videos
11/2/2015 3:08:10 PM | ::1 | huyen | http://it.mt.gov.vn/dctquantri/tTrafficSafety_09_Videos/EditTTrafficSafety_09_Videos.aspx?TTrafficSafety_09_Videos=<key><cv><c>Id</c><v>23</v></cv></key>|huyenhs|Truy cập trang:Sửa  Videos
11/2/2015 3:08:17 PM | ::1 | huyen | http://it.mt.gov.vn/dctquantri/tTrafficSafety_09_Videos/ShowTTrafficSafety_09_VideosTable.aspx|huyenhs|Truy cập trang:Xem danh sách  Videos
11/2/2015 3:08:31 PM | ::1 | huyen | http://it.mt.gov.vn/dctquantri/tTrafficSafety_09_Videos/EditTTrafficSafety_09_Videos.aspx?TTrafficSafety_09_Videos=<key><cv><c>Id</c><v>23</v></cv></key>|huyenhs|Truy cập trang:Sửa  Videos
11/2/2015 3:08:41 PM | ::1 | huyen | http://it.mt.gov.vn/dctquantri/tTrafficSafety_09_Videos/ShowTTrafficSafety_09_VideosTable.aspx|huyenhs|Truy cập trang:Xem danh sách  Videos
11/2/2015 3:09:04 PM | ::1 | huyen | http://it.mt.gov.vn/dctquantri/tTrafficSafety_09_Videos/EditTTrafficSafety_09_Videos.aspx?TTrafficSafety_09_Videos=<key><cv><c>Id</c><v>23</v></cv></key>|huyenhs|Truy cập trang:Sửa  Videos
11/2/2015 3:09:09 PM | ::1 | huyen | http://it.mt.gov.vn/dctquantri/tTrafficSafety_09_Videos/ShowTTrafficSafety_09_VideosTable.aspx|huyenhs|Truy cập trang:Xem danh sách  Videos
11/2/2015 3:09:25 PM | ::1 | huyen | http://it.mt.gov.vn/dctquantri/tTrafficSafety_09_Videos/EditTTrafficSafety_09_Videos.aspx?TTrafficSafety_09_Videos=<key><cv><c>Id</c><v>23</v></cv></key>|huyenhs|Truy cập trang:Sửa  Videos
11/2/2015 3:38:36 PM | ::1 | huyen | http://it.mt.gov.vn/dctquantri/tTrafficSafety_09_Videos/EditTTrafficSafety_09_Videos.aspx?TTrafficSafety_09_Videos=<key><cv><c>Id</c><v>23</v></cv></key>|huyenhs|Truy cập trang:Sửa  Videos
11/2/2015 3:41:17 PM | ::1 | huyen | http://it.mt.gov.vn/dctquantri/tTrafficSafety_09_Videos/EditTTrafficSafety_09_Videos.aspx?TTrafficSafety_09_Videos=<key><cv><c>Id</c><v>23</v></cv></key>|huyenhs|Truy cập trang:Sửa  Videos
11/2/2015 4:04:53 PM | ::1 | huyen | http://it.mt.gov.vn/dctquantri/tTrafficSafety_09_Videos/EditTTrafficSafety_09_Videos.aspx?TTrafficSafety_09_Videos=<key><cv><c>Id</c><v>23</v></cv></key>|huyenhs|Truy cập trang:Sửa  Videos
11/2/2015 4:36:50 PM | ::1 | huyen | http://it.mt.gov.vn/dctquantri/tTrafficSafety_09_Videos/EditTTrafficSafety_09_Videos.aspx?TTrafficSafety_09_Videos=<key><cv><c>Id</c><v>23</v></cv></key>|huyenhs|Truy cập trang:Sửa  Videos
