11/4/2015 10:18:19 AM | ::1 | huyen | http://it.mt.gov.vn/dctquantri/tTrafficSafety_18_ThamDoYKien/ShowTTrafficSafety_18_ThamDoYKienTable.aspx|huyenhs|Truy cập trang:Xem danh sách  thăm dò ý kiến
11/4/2015 10:18:22 AM | ::1 | huyen | http://it.mt.gov.vn/dctquantri/tTrafficSafety_18_ThamDoYKien/AddTTrafficSafety_18_ThamDoYKien.aspx|huyenhs|Truy cập trang:Thêm câu hỏi thăm dò ý kiến
11/4/2015 10:31:24 AM | ::1 | huyen | http://it.mt.gov.vn/dctquantri/tTrafficSafety_18_ThamDoYKien/AddTTrafficSafety_18_ThamDoYKien.aspx|huyenhs|Truy cập trang:Thêm câu hỏi thăm dò ý kiến
11/4/2015 10:32:06 AM | ::1 | huyen | http://it.mt.gov.vn/dctquantri/tTrafficSafety_18_ThamDoYKien/AddTTrafficSafety_18_ThamDoYKien.aspx|huyenhs|Truy cập trang:Thêm câu hỏi thăm dò ý kiến
11/4/2015 10:35:07 AM | ::1 | huyen | http://it.mt.gov.vn/dctquantri/tTrafficSafety_18_ThamDoYKien/AddTTrafficSafety_18_ThamDoYKien.aspx|huyenhs|Truy cập trang:Thêm câu hỏi thăm dò ý kiến
11/4/2015 1:39:36 PM | ::1 | huyen | http://it.mt.gov.vn/dctquantri/tTrafficSafety_18_ThamDoYKien/ShowTTrafficSafety_18_ThamDoYKienTable.aspx|huyenhs|Truy cập trang:Xem danh sách  thăm dò ý kiến
11/4/2015 1:39:47 PM | ::1 | huyen | http://it.mt.gov.vn/dctquantri/tTrafficSafety_18_ThamDoYKien/ShowTTrafficSafety_18_ThamDoYKienTable.aspx|huyenhs|Truy cập trang:Xem danh sách  thăm dò ý kiến
11/4/2015 1:39:49 PM | ::1 | huyen | http://it.mt.gov.vn/dctquantri/tTrafficSafety_18_ThamDoYKien/EditTTrafficSafety_18_ThamDoYKien.aspx?TTrafficSafety_18_ThamDoYKien=<key><cv><c>id</c><v>1</v></cv></key>|huyenhs|Truy cập trang:Sửa  thăm dò ý kiến
11/4/2015 1:41:08 PM | ::1 | huyen | http://it.mt.gov.vn/dctquantri/tTrafficSafety_18_ThamDoYKien/ShowTTrafficSafety_18_ThamDoYKienTable.aspx|huyenhs|Truy cập trang:Xem danh sách  thăm dò ý kiến
11/4/2015 1:43:03 PM | ::1 | huyen | http://it.mt.gov.vn/dctquantri/tTrafficSafety_18_ThamDoYKien/ShowTTrafficSafety_18_ThamDoYKienTable.aspx|huyenhs|Truy cập trang:Xem danh sách  thăm dò ý kiến
11/4/2015 1:43:06 PM | ::1 | huyen | http://it.mt.gov.vn/dctquantri/tTrafficSafety_18_ThamDoYKien/EditTTrafficSafety_18_ThamDoYKien.aspx?TTrafficSafety_18_ThamDoYKien=<key><cv><c>id</c><v>1</v></cv></key>|huyenhs|Truy cập trang:Sửa  thăm dò ý kiến
11/4/2015 1:44:54 PM | ::1 | huyen | http://it.mt.gov.vn/dctquantri/tTrafficSafety_18_ThamDoYKien/EditTTrafficSafety_18_ThamDoYKien.aspx?TTrafficSafety_18_ThamDoYKien=<key><cv><c>id</c><v>1</v></cv></key>|huyenhs|Truy cập trang:Sửa  thăm dò ý kiến
11/4/2015 1:45:16 PM | ::1 | huyen | http://it.mt.gov.vn/dctquantri/tTrafficSafety_18_ThamDoYKien/ShowTTrafficSafety_18_ThamDoYKienTable.aspx|huyenhs|Truy cập trang:Xem danh sách  thăm dò ý kiến
11/4/2015 1:45:18 PM | ::1 | huyen | http://it.mt.gov.vn/dctquantri/tTrafficSafety_18_ThamDoYKien/EditTTrafficSafety_18_ThamDoYKien.aspx?TTrafficSafety_18_ThamDoYKien=<key><cv><c>id</c><v>1</v></cv></key>|huyenhs|Truy cập trang:Sửa  thăm dò ý kiến
11/4/2015 1:46:00 PM | ::1 | huyen | http://it.mt.gov.vn/dctquantri/tTrafficSafety_18_ThamDoYKien/AddTTrafficSafety_18_ThamDoYKien.aspx|huyenhs|Truy cập trang:Thêm câu hỏi thăm dò ý kiến
11/4/2015 1:48:37 PM | ::1 | huyen | http://it.mt.gov.vn/dctquantri/tTrafficSafety_18_ThamDoYKien/ShowTTrafficSafety_18_ThamDoYKienTable.aspx|huyenhs|Truy cập trang:Xem danh sách  thăm dò ý kiến
11/4/2015 1:48:40 PM | ::1 | huyen | http://it.mt.gov.vn/dctquantri/tTrafficSafety_18_ThamDoYKien/EditTTrafficSafety_18_ThamDoYKien.aspx?TTrafficSafety_18_ThamDoYKien=<key><cv><c>id</c><v>1</v></cv></key>|huyenhs|Truy cập trang:Sửa  thăm dò ý kiến
11/4/2015 1:50:58 PM | ::1 | huyen | http://it.mt.gov.vn/dctquantri/tTrafficSafety_18_ThamDoYKien/EditTTrafficSafety_18_ThamDoYKien.aspx?TTrafficSafety_18_ThamDoYKien=<key><cv><c>id</c><v>1</v></cv></key>|huyenhs|Truy cập trang:Sửa  thăm dò ý kiến
11/4/2015 1:54:34 PM | ::1 | huyen | http://it.mt.gov.vn/dctquantri/tTrafficSafety_18_ThamDoYKien/EditTTrafficSafety_18_ThamDoYKien.aspx?TTrafficSafety_18_ThamDoYKien=<key><cv><c>id</c><v>1</v></cv></key>|huyenhs|Truy cập trang:Sửa  thăm dò ý kiến
11/4/2015 2:01:09 PM | ::1 | huyen | http://it.mt.gov.vn/dctquantri/tTrafficSafety_18_ThamDoYKien/ShowTTrafficSafety_18_ThamDoYKienTable.aspx|huyenhs|Truy cập trang:Xem danh sách  thăm dò ý kiến
11/4/2015 2:01:13 PM | ::1 | huyen | http://it.mt.gov.vn/dctquantri/tTrafficSafety_18_ThamDoYKien/EditTTrafficSafety_18_ThamDoYKien.aspx?TTrafficSafety_18_ThamDoYKien=<key><cv><c>id</c><v>1</v></cv></key>|huyenhs|Truy cập trang:Sửa  thăm dò ý kiến
11/4/2015 2:01:22 PM | ::1 | huyen | http://it.mt.gov.vn/dctquantri/tTrafficSafety_18_ThamDoYKien/ShowTTrafficSafety_18_ThamDoYKienTable.aspx|huyenhs|Truy cập trang:Xem danh sách  thăm dò ý kiến
11/4/2015 2:04:31 PM | ::1 | huyen | http://it.mt.gov.vn/dctquantri/tTrafficSafety_18_ThamDoYKien/ShowTTrafficSafety_18_ThamDoYKienTable.aspx|huyenhs|Truy cập trang:Xem danh sách  thăm dò ý kiến
11/4/2015 2:04:33 PM | ::1 | huyen | http://it.mt.gov.vn/dctquantri/tTrafficSafety_18_ThamDoYKien/EditTTrafficSafety_18_ThamDoYKien.aspx?TTrafficSafety_18_ThamDoYKien=<key><cv><c>id</c><v>1</v></cv></key>|huyenhs|Truy cập trang:Sửa  thăm dò ý kiến
11/4/2015 2:04:39 PM | ::1 | huyen | http://it.mt.gov.vn/dctquantri/tTrafficSafety_18_ThamDoYKien/ShowTTrafficSafety_18_ThamDoYKienTable.aspx|huyenhs|Truy cập trang:Xem danh sách  thăm dò ý kiến
11/4/2015 2:04:41 PM | ::1 | huyen | http://it.mt.gov.vn/dctquantri/tTrafficSafety_18_ThamDoYKien/EditTTrafficSafety_18_ThamDoYKien.aspx?TTrafficSafety_18_ThamDoYKien=<key><cv><c>id</c><v>1</v></cv></key>|huyenhs|Truy cập trang:Sửa  thăm dò ý kiến
11/4/2015 2:05:20 PM | ::1 | huyen | http://it.mt.gov.vn/dctquantri/tTrafficSafety_18_ThamDoYKien/ShowTTrafficSafety_18_ThamDoYKienTable.aspx|huyenhs|Truy cập trang:Xem danh sách  thăm dò ý kiến
11/4/2015 2:05:22 PM | ::1 | huyen | http://it.mt.gov.vn/dctquantri/tTrafficSafety_18_ThamDoYKien/EditTTrafficSafety_18_ThamDoYKien.aspx?TTrafficSafety_18_ThamDoYKien=<key><cv><c>id</c><v>1</v></cv></key>|huyenhs|Truy cập trang:Sửa  thăm dò ý kiến
11/4/2015 2:07:12 PM | ::1 | huyen | http://it.mt.gov.vn/dctquantri/tTrafficSafety_18_ThamDoYKien/EditTTrafficSafety_18_ThamDoYKien.aspx?TTrafficSafety_18_ThamDoYKien=<key><cv><c>id</c><v>1</v></cv></key>|huyenhs|Truy cập trang:Sửa  thăm dò ý kiến
11/4/2015 2:07:17 PM | ::1 | huyen | http://it.mt.gov.vn/dctquantri/tTrafficSafety_18_ThamDoYKien/ShowTTrafficSafety_18_ThamDoYKienTable.aspx|huyenhs|Truy cập trang:Xem danh sách  thăm dò ý kiến
11/4/2015 2:07:18 PM | ::1 | huyen | http://it.mt.gov.vn/dctquantri/tTrafficSafety_18_ThamDoYKien/EditTTrafficSafety_18_ThamDoYKien.aspx?TTrafficSafety_18_ThamDoYKien=<key><cv><c>id</c><v>1</v></cv></key>|huyenhs|Truy cập trang:Sửa  thăm dò ý kiến
11/4/2015 2:07:23 PM | ::1 | huyen | http://it.mt.gov.vn/dctquantri/tTrafficSafety_18_ThamDoYKien/ShowTTrafficSafety_18_ThamDoYKienTable.aspx|huyenhs|Truy cập trang:Xem danh sách  thăm dò ý kiến
11/4/2015 2:07:25 PM | ::1 | huyen | http://it.mt.gov.vn/dctquantri/tTrafficSafety_18_ThamDoYKien/EditTTrafficSafety_18_ThamDoYKien.aspx?TTrafficSafety_18_ThamDoYKien=<key><cv><c>id</c><v>1</v></cv></key>|huyenhs|Truy cập trang:Sửa  thăm dò ý kiến
11/4/2015 2:09:51 PM | ::1 | huyen | http://it.mt.gov.vn/dctquantri/tTrafficSafety_18_ThamDoYKien/EditTTrafficSafety_18_ThamDoYKien.aspx?TTrafficSafety_18_ThamDoYKien=<key><cv><c>id</c><v>1</v></cv></key>|huyenhs|Truy cập trang:Sửa  thăm dò ý kiến
11/4/2015 2:09:56 PM | ::1 | huyen | http://it.mt.gov.vn/dctquantri/tTrafficSafety_18_ThamDoYKien/ShowTTrafficSafety_18_ThamDoYKienTable.aspx|huyenhs|Truy cập trang:Xem danh sách  thăm dò ý kiến
11/4/2015 2:09:58 PM | ::1 | huyen | http://it.mt.gov.vn/dctquantri/tTrafficSafety_18_ThamDoYKien/EditTTrafficSafety_18_ThamDoYKien.aspx?TTrafficSafety_18_ThamDoYKien=<key><cv><c>id</c><v>1</v></cv></key>|huyenhs|Truy cập trang:Sửa  thăm dò ý kiến
11/4/2015 2:10:09 PM | ::1 | huyen | http://it.mt.gov.vn/dctquantri/tTrafficSafety_18_ThamDoYKien/ShowTTrafficSafety_18_ThamDoYKienTable.aspx|huyenhs|Truy cập trang:Xem danh sách  thăm dò ý kiến
11/4/2015 2:10:11 PM | ::1 | huyen | http://it.mt.gov.vn/dctquantri/tTrafficSafety_18_ThamDoYKien/EditTTrafficSafety_18_ThamDoYKien.aspx?TTrafficSafety_18_ThamDoYKien=<key><cv><c>id</c><v>1</v></cv></key>|huyenhs|Truy cập trang:Sửa  thăm dò ý kiến
11/4/2015 2:10:21 PM | ::1 | huyen | http://it.mt.gov.vn/dctquantri/tTrafficSafety_18_ThamDoYKien/ShowTTrafficSafety_18_ThamDoYKienTable.aspx|huyenhs|Truy cập trang:Xem danh sách  thăm dò ý kiến
11/4/2015 2:10:23 PM | ::1 | huyen | http://it.mt.gov.vn/dctquantri/tTrafficSafety_18_ThamDoYKien/EditTTrafficSafety_18_ThamDoYKien.aspx?TTrafficSafety_18_ThamDoYKien=<key><cv><c>id</c><v>1</v></cv></key>|huyenhs|Truy cập trang:Sửa  thăm dò ý kiến
11/4/2015 2:11:18 PM | ::1 | huyen | http://it.mt.gov.vn/dctquantri/tTrafficSafety_18_ThamDoYKien/EditTTrafficSafety_18_ThamDoYKien.aspx?TTrafficSafety_18_ThamDoYKien=<key><cv><c>id</c><v>1</v></cv></key>|huyenhs|Truy cập trang:Sửa  thăm dò ý kiến
11/4/2015 2:13:23 PM | ::1 | huyen | http://it.mt.gov.vn/dctquantri/tTrafficSafety_18_ThamDoYKien/EditTTrafficSafety_18_ThamDoYKien.aspx?TTrafficSafety_18_ThamDoYKien=<key><cv><c>id</c><v>1</v></cv></key>|huyenhs|Truy cập trang:Sửa  thăm dò ý kiến
11/4/2015 2:14:01 PM | ::1 | huyen | http://it.mt.gov.vn/dctquantri/tTrafficSafety_18_ThamDoYKien/ShowTTrafficSafety_18_ThamDoYKienTable.aspx|huyenhs|Truy cập trang:Xem danh sách  thăm dò ý kiến
11/4/2015 2:14:12 PM | ::1 | huyen | http://it.mt.gov.vn/dctquantri/tTrafficSafety_18_ThamDoYKien/EditTTrafficSafety_18_ThamDoYKien.aspx?TTrafficSafety_18_ThamDoYKien=<key><cv><c>id</c><v>1</v></cv></key>|huyenhs|Truy cập trang:Sửa  thăm dò ý kiến
11/4/2015 2:14:20 PM | ::1 | huyen | http://it.mt.gov.vn/dctquantri/tTrafficSafety_18_ThamDoYKien/ShowTTrafficSafety_18_ThamDoYKienTable.aspx|huyenhs|Truy cập trang:Xem danh sách  thăm dò ý kiến
11/4/2015 2:14:30 PM | ::1 | huyen | http://it.mt.gov.vn/dctquantri/tTrafficSafety_18_ThamDoYKien/EditTTrafficSafety_18_ThamDoYKien.aspx?TTrafficSafety_18_ThamDoYKien=<key><cv><c>id</c><v>1</v></cv></key>|huyenhs|Truy cập trang:Sửa  thăm dò ý kiến
11/4/2015 2:14:54 PM | ::1 | huyen | http://it.mt.gov.vn/dctquantri/tTrafficSafety_18_ThamDoYKien/ShowTTrafficSafety_18_ThamDoYKienTable.aspx|huyenhs|Truy cập trang:Xem danh sách  thăm dò ý kiến
11/4/2015 2:17:01 PM | ::1 | huyen | http://it.mt.gov.vn/dctquantri/tTrafficSafety_18_ThamDoYKien/EditTTrafficSafety_18_ThamDoYKien.aspx?TTrafficSafety_18_ThamDoYKien=<key><cv><c>id</c><v>1</v></cv></key>|huyenhs|Truy cập trang:Sửa  thăm dò ý kiến
11/4/2015 2:17:05 PM | ::1 | huyen | http://it.mt.gov.vn/dctquantri/tTrafficSafety_18_ThamDoYKien/ShowTTrafficSafety_18_ThamDoYKienTable.aspx|huyenhs|Truy cập trang:Xem danh sách  thăm dò ý kiến
11/4/2015 2:17:28 PM | ::1 | huyen | http://it.mt.gov.vn/dctquantri/tTrafficSafety_18_ThamDoYKien/EditTTrafficSafety_18_ThamDoYKien.aspx?TTrafficSafety_18_ThamDoYKien=<key><cv><c>id</c><v>1</v></cv></key>|huyenhs|Truy cập trang:Sửa  thăm dò ý kiến
11/4/2015 2:17:42 PM | ::1 | huyen | http://it.mt.gov.vn/dctquantri/tTrafficSafety_18_ThamDoYKien/ShowTTrafficSafety_18_ThamDoYKienTable.aspx|huyenhs|Truy cập trang:Xem danh sách  thăm dò ý kiến
11/4/2015 2:18:15 PM | ::1 | huyen | http://it.mt.gov.vn/dctquantri/tTrafficSafety_18_ThamDoYKien/EditTTrafficSafety_18_ThamDoYKien.aspx?TTrafficSafety_18_ThamDoYKien=<key><cv><c>id</c><v>1</v></cv></key>|huyenhs|Truy cập trang:Sửa  thăm dò ý kiến
11/4/2015 2:18:22 PM | ::1 | huyen | http://it.mt.gov.vn/dctquantri/tTrafficSafety_18_ThamDoYKien/ShowTTrafficSafety_18_ThamDoYKienTable.aspx|huyenhs|Truy cập trang:Xem danh sách  thăm dò ý kiến
11/4/2015 2:18:26 PM | ::1 | huyen | http://it.mt.gov.vn/dctquantri/tTrafficSafety_18_ThamDoYKien/ShowTTrafficSafety_18_ThamDoYKien.aspx?TTrafficSafety_18_ThamDoYKien=<key><cv><c>id</c><v>1</v></cv></key>|huyenhs|Truy cập trang:Xem chi tiết  thăm dò ý kiến
11/4/2015 2:18:29 PM | ::1 | huyen | http://it.mt.gov.vn/dctquantri/tTrafficSafety_18_ThamDoYKien/EditTTrafficSafety_18_ThamDoYKien.aspx?TTrafficSafety_18_ThamDoYKien=<key><cv><c>id</c><v>1</v></cv></key>|huyenhs|Truy cập trang:Sửa  thăm dò ý kiến
11/4/2015 2:18:38 PM | ::1 | huyen | http://it.mt.gov.vn/dctquantri/tTrafficSafety_18_ThamDoYKien/ShowTTrafficSafety_18_ThamDoYKienTable.aspx|huyenhs|Truy cập trang:Xem danh sách  thăm dò ý kiến
11/4/2015 2:18:40 PM | ::1 | huyen | http://it.mt.gov.vn/dctquantri/tTrafficSafety_18_ThamDoYKien/EditTTrafficSafety_18_ThamDoYKien.aspx?TTrafficSafety_18_ThamDoYKien=<key><cv><c>id</c><v>1</v></cv></key>|huyenhs|Truy cập trang:Sửa  thăm dò ý kiến
11/4/2015 2:20:24 PM | ::1 | huyen | http://it.mt.gov.vn/dctquantri/tTrafficSafety_18_ThamDoYKien/EditTTrafficSafety_18_ThamDoYKien.aspx?TTrafficSafety_18_ThamDoYKien=<key><cv><c>id</c><v>1</v></cv></key>|huyenhs|Truy cập trang:Sửa  thăm dò ý kiến
11/4/2015 2:20:30 PM | ::1 | huyen | http://it.mt.gov.vn/dctquantri/tTrafficSafety_18_ThamDoYKien/ShowTTrafficSafety_18_ThamDoYKienTable.aspx|huyenhs|Truy cập trang:Xem danh sách  thăm dò ý kiến
11/4/2015 2:20:32 PM | ::1 | huyen | http://it.mt.gov.vn/dctquantri/tTrafficSafety_18_ThamDoYKien/EditTTrafficSafety_18_ThamDoYKien.aspx?TTrafficSafety_18_ThamDoYKien=<key><cv><c>id</c><v>1</v></cv></key>|huyenhs|Truy cập trang:Sửa  thăm dò ý kiến
11/4/2015 3:40:21 PM | ::1 | huyen | http://it.mt.gov.vn/dctquantri/tTrafficSafety_18_ThamDoYKien/EditTTrafficSafety_18_ThamDoYKien.aspx?TTrafficSafety_18_ThamDoYKien=<key><cv><c>id</c><v>1</v></cv></key>|huyenhs|Truy cập trang:Sửa  thăm dò ý kiến
11/4/2015 3:40:34 PM | ::1 | huyen | http://it.mt.gov.vn/dctquantri/tTrafficSafety_21_QuanLyTrangChu/ShowTTrafficSafety_21_QuanLyTrangChuTable.aspx|huyenhs|Truy cập trang:Xem danh sách module CT
11/4/2015 3:40:39 PM | ::1 | huyen | http://it.mt.gov.vn/dctquantri/tTrafficSafety_21_QuanLyTrangChu/EditTTrafficSafety_21_QuanLyTrangChu.aspx?TTrafficSafety_21_QuanLyTrangChu=<key><cv><c>Id</c><v>21</v></cv></key>|huyenhs|Truy cập trang:Sửa module CT
11/4/2015 3:40:42 PM | ::1 | huyen | http://it.mt.gov.vn/dctquantri/tTrafficSafety_21_QuanLyTrangChu/ShowTTrafficSafety_21_QuanLyTrangChuTable.aspx|huyenhs|Truy cập trang:Xem danh sách module CT
11/4/2015 3:40:54 PM | ::1 | huyen | http://it.mt.gov.vn/dctquantri/tTrafficSafety_21_QuanLyTrangChu/AddTTrafficSafety_21_QuanLyTrangChu.aspx|huyenhs|Truy cập trang:Thêm module CT
11/4/2015 3:40:56 PM | ::1 | huyen | http://it.mt.gov.vn/dctquantri/tTrafficSafety_21_QuanLyTrangChu/ShowTTrafficSafety_21_QuanLyTrangChuTable.aspx|huyenhs|Truy cập trang:Xem danh sách module CT
11/4/2015 3:41:50 PM | ::1 | huyen | http://it.mt.gov.vn/dctquantri/tTrafficSafety_21_QuanLyTrangChu/AddTTrafficSafety_21_QuanLyTrangChu.aspx|huyenhs|Truy cập trang:Thêm module CT
11/4/2015 3:42:17 PM | ::1 | huyen | http://it.mt.gov.vn/dctquantri/tTrafficSafety_21_QuanLyTrangChu/ShowTTrafficSafety_21_QuanLyTrangChuTable.aspx|huyenhs|Truy cập trang:Xem danh sách module CT
