9/16/2015 9:54:59 AM | ::1 | huyen | http://it.mt.gov.vn/dctquantri/DashBoard/DashBoard.aspx|huyenhs|view
9/16/2015 9:58:41 AM | ::1 | huyen | http://it.mt.gov.vn/dctquantri/DashBoard/DashBoard.aspx|huyenhs|Truy cập trang:Tổng quan
9/16/2015 10:27:32 AM | ::1 | huyen | http://it.mt.gov.vn/dctquantri/DashBoard/DashBoard.aspx|huyenhs|Truy cập trang:Tổng quan
9/16/2015 10:31:28 AM | ::1 | huyen | http://it.mt.gov.vn/dctquantri/DashBoard/DashBoard.aspx|huyenhs|view
9/16/2015 10:57:18 AM | ::1 | huyen | http://it.mt.gov.vn/dctquantri/DashBoard/DashBoard.aspx|huyenhs|view
9/16/2015 11:07:13 AM | ::1 | huyen | http://it.mt.gov.vn/dctquantri/DashBoard/DashBoard.aspx|huyenhs|view
9/16/2015 11:10:29 AM | ::1 | huyen | http://it.mt.gov.vn/dctquantri/DashBoard/DashBoard.aspx|huyenhs|view
9/16/2015 11:21:12 AM | ::1 | huyen | http://it.mt.gov.vn/dctquantri/DashBoard/DashBoard.aspx|huyenhs|view
9/16/2015 11:25:33 AM | ::1 | huyen | http://it.mt.gov.vn/dctquantri/DashBoard/DashBoard.aspx|huyenhs|view
9/16/2015 11:28:46 AM | ::1 | huyen | http://it.mt.gov.vn/dctquantri/DashBoard/DashBoard.aspx|huyenhs|view
9/16/2015 1:30:48 PM | ::1 | huyen | http://it.mt.gov.vn/dctquantri/DashBoard/DashBoard.aspx|huyenhs|view
9/16/2015 1:32:30 PM | ::1 | huyen | http://it.mt.gov.vn/dctquantri/DashBoard/DashBoard.aspx|huyenhs|view
9/16/2015 1:37:16 PM | ::1 | huyen | http://it.mt.gov.vn/dctquantri/DashBoard/DashBoard.aspx|huyenhs|view
9/16/2015 1:39:27 PM | ::1 | huyen | http://it.mt.gov.vn/dctquantri/DashBoard/DashBoard.aspx|huyenhs|view
9/16/2015 1:43:30 PM | ::1 | huyen | http://it.mt.gov.vn/dctquantri/DashBoard/DashBoard.aspx|huyenhs|view
9/16/2015 1:48:11 PM | ::1 | huyen | http://it.mt.gov.vn/dctquantri/DashBoard/DashBoard.aspx|huyenhs|view
9/16/2015 1:49:37 PM | ::1 | huyen | http://it.mt.gov.vn/dctquantri/DashBoard/DashBoard.aspx|huyenhs|view
9/16/2015 1:50:56 PM | ::1 | huyen | http://it.mt.gov.vn/dctquantri/DashBoard/DashBoard.aspx|huyenhs|view
9/16/2015 1:55:50 PM | ::1 | huyen | http://it.mt.gov.vn/dctquantri/DashBoard/DashBoard.aspx|huyenhs|Truy cập trang:Tổng quan
9/16/2015 1:58:40 PM | ::1 | huyen | http://it.mt.gov.vn/dctquantri/DashBoard/DashBoard.aspx|huyenhs|Truy cập trang:Tổng quan
9/16/2015 2:04:47 PM | ::1 | huyen | http://it.mt.gov.vn/dctquantri/DashBoard/DashBoard.aspx|huyenhs|Truy cập trang:Tổng quan
9/16/2015 2:10:56 PM | ::1 | huyen | http://it.mt.gov.vn/dctquantri/DashBoard/ChangePasswords.aspx|huyenhs|Truy cập trang:Thay đổi mật khẩu
9/16/2015 2:11:23 PM | ::1 | huyen | http://it.mt.gov.vn/dctquantri/DashBoard/ChangePasswords.aspx|huyenhs|Truy cập trang:Thay đổi mật khẩu
9/16/2015 2:13:02 PM | ::1 | huyen | http://it.mt.gov.vn/dctquantri/DashBoard/ChangePasswords.aspx|huyenhs|Truy cập trang:Thay đổi mật khẩu
9/16/2015 2:26:00 PM | ::1 | huyen | http://it.mt.gov.vn/dctquantri/DashBoard/ChangePasswords.aspx|huyenhs|Truy cập trang:Thay đổi mật khẩu
9/16/2015 2:35:41 PM | ::1 | huyen | http://it.mt.gov.vn/dctquantri/DashBoard/ChangePasswords.aspx|huyenhs|Truy cập trang:Thay đổi mật khẩu
9/16/2015 2:37:23 PM | ::1 | huyen | http://it.mt.gov.vn/dctquantri/DashBoard/ChangePasswords.aspx|huyenhs|Truy cập trang:Thay đổi mật khẩu
9/16/2015 2:40:16 PM | ::1 | huyen | http://it.mt.gov.vn/dctquantri/DashBoard/ChangePasswords.aspx|huyenhs|Truy cập trang:Thay đổi mật khẩu
9/16/2015 2:49:13 PM | ::1 | huyen | http://it.mt.gov.vn/dctquantri/DashBoard/ChangePasswords.aspx|huyenhs|Truy cập trang:Thay đổi mật khẩu
9/16/2015 2:49:33 PM | ::1 | huyen | http://it.mt.gov.vn/dctquantri/DashBoard/ChangePasswords.aspx|huyenhs|Truy cập trang:Thay đổi mật khẩu
9/16/2015 2:53:50 PM | ::1 | huyen | http://it.mt.gov.vn/dctquantri/tTrafficSafety_07_DanhMucTinTuc/ShowTTrafficSafety_07_DanhMucTinTucTable.aspx|huyenhs|Truy cập trang:Xem danh sách  Danh mục tin tức
9/16/2015 2:54:05 PM | ::1 | huyen | http://it.mt.gov.vn/dctquantri/tTrafficSafety_07_DanhMucTinTuc/ShowTTrafficSafety_07_DanhMucTinTuc.aspx?TTrafficSafety_07_DanhMucTinTuc=<key><cv><c>id</c><v>20</v></cv></key>|huyenhs|Truy cập trang:Xem chi tiết Danh mục tin tức
9/16/2015 2:54:10 PM | ::1 | huyen | http://it.mt.gov.vn/dctquantri/tTrafficSafety_07_DanhMucTinTuc/EditTTrafficSafety_07_DanhMucTinTuc.aspx?TTrafficSafety_07_DanhMucTinTuc=<key><cv><c>id</c><v>20</v></cv></key>|huyenhs|Truy cập trang:Sửa  Danh mục tin tức
9/16/2015 2:54:12 PM | ::1 | huyen | http://it.mt.gov.vn/dctquantri/tTrafficSafety_07_DanhMucTinTuc/ShowTTrafficSafety_07_DanhMucTinTuc.aspx?TTrafficSafety_07_DanhMucTinTuc=<key><cv><c>id</c><v>20</v></cv></key>|huyenhs|Truy cập trang:Xem chi tiết Danh mục tin tức
9/16/2015 2:54:46 PM | ::1 | huyen | http://it.mt.gov.vn/dctquantri/tTrafficSafety_07_DanhMucTinTuc/EditTTrafficSafety_07_DanhMucTinTuc.aspx?TTrafficSafety_07_DanhMucTinTuc=<key><cv><c>id</c><v>20</v></cv></key>|huyenhs|Truy cập trang:Sửa  Danh mục tin tức
9/16/2015 2:54:57 PM | ::1 | huyen | http://it.mt.gov.vn/dctquantri/tTrafficSafety_07_DanhMucTinTuc/AddTTrafficSafety_07_DanhMucTinTuc.aspx|huyenhs|Truy cập trang:Thêm Danh mục tin tức
9/16/2015 2:55:07 PM | ::1 | huyen | http://it.mt.gov.vn/dctquantri/tTrafficSafety_08_TinTuc/ShowTTrafficSafety_08_TinTucTable.aspx|huyenhs|Truy cập trang:Xem danh sách  Tin tức
9/16/2015 2:55:30 PM | ::1 | huyen | http://it.mt.gov.vn/dctquantri/DashBoard/DashBoard.aspx|huyenhs|Truy cập trang:Tổng quan
9/16/2015 2:58:14 PM | ::1 | huyen | http://it.mt.gov.vn/dctquantri/tTrafficSafety_08_TinTuc/ShowTTrafficSafety_08_TinTuc.aspx?TTrafficSafety_08_TinTuc=<key><cv><c>id</c><v>1</v></cv></key>|huyenhs|Truy cập trang:Xem chi tiết Tin tức
9/16/2015 2:58:24 PM | ::1 | huyen | http://it.mt.gov.vn/dctquantri/tTrafficSafety_08_TinTuc/ShowTTrafficSafety_08_TinTucTable.aspx|huyenhs|Truy cập trang:Xem danh sách  Tin tức
9/16/2015 2:59:40 PM | ::1 | huyen | http://it.mt.gov.vn/dctquantri/tTrafficSafety_08_TinTuc/ShowTTrafficSafety_08_TinTucTable.aspx|huyenhs|Truy cập trang:Xem danh sách  Tin tức
9/16/2015 3:00:18 PM | ::1 | huyen | http://it.mt.gov.vn/dctquantri/tTrafficSafety_08_TinTuc/ShowTTrafficSafety_08_TinTuc.aspx?TTrafficSafety_08_TinTuc=<key><cv><c>id</c><v>1</v></cv></key>|huyenhs|Truy cập trang:Xem chi tiết Tin tức
9/16/2015 3:00:58 PM | ::1 | huyen | http://it.mt.gov.vn/dctquantri/tTrafficSafety_09_Videos/ShowTTrafficSafety_09_VideosTable.aspx|huyenhs|Truy cập trang:Xem danh sách  Videos
9/16/2015 3:02:17 PM | ::1 | huyen | http://it.mt.gov.vn/dctquantri/tTrafficSafety_09_Videos/ShowTTrafficSafety_09_VideosTable.aspx|huyenhs|Truy cập trang:Xem danh sách  Videos
9/16/2015 3:02:53 PM | ::1 | huyen | http://it.mt.gov.vn/dctquantri/tTrafficSafety_09_Videos/AddTTrafficSafety_09_Videos.aspx|huyenhs|Truy cập trang:Thêm Videos
9/16/2015 3:03:17 PM | ::1 | huyen | http://it.mt.gov.vn/dctquantri/tTrafficSafety_09_Videos/AddTTrafficSafety_09_Videos.aspx|huyenhs|Truy cập trang:Thêm Videos
9/16/2015 3:22:25 PM | ::1 | huyen | http://it.mt.gov.vn/dctquantri/tTrafficSafety_09_Videos/AddTTrafficSafety_09_Videos.aspx|huyenhs|Truy cập trang:Thêm Videos
9/16/2015 3:22:37 PM | ::1 | huyen | http://it.mt.gov.vn/dctquantri/tTrafficSafety_08_TinTuc/ShowTTrafficSafety_08_TinTucTable.aspx|huyenhs|Truy cập trang:Xem danh sách  Tin tức
9/16/2015 3:25:57 PM | ::1 | huyen | http://it.mt.gov.vn/dctquantri/tTrafficSafety_08_TinTuc/ShowTTrafficSafety_08_TinTucTable.aspx|huyenhs|Truy cập trang:Xem danh sách  Tin tức
9/16/2015 3:26:14 PM | ::1 | huyen | http://it.mt.gov.vn/dctquantri/tTrafficSafety_08_TinTuc/ShowTTrafficSafety_08_TinTuc.aspx?TTrafficSafety_08_TinTuc=<key><cv><c>id</c><v>1</v></cv></key>|huyenhs|Truy cập trang:Xem chi tiết Tin tức
9/16/2015 3:42:50 PM | ::1 | huyen | http://it.mt.gov.vn/dctquantri/tTrafficSafety_08_TinTuc/ShowTTrafficSafety_08_TinTuc.aspx?TTrafficSafety_08_TinTuc=<key><cv><c>id</c><v>1</v></cv></key>|huyenhs|Truy cập trang:Xem chi tiết Tin tức
9/16/2015 3:42:58 PM | ::1 | huyen | http://it.mt.gov.vn/dctquantri/tTrafficSafety_08_TinTuc/ShowTTrafficSafety_08_TinTucTable.aspx|huyenhs|Truy cập trang:Xem danh sách  Tin tức
9/16/2015 3:43:02 PM | ::1 | huyen | http://it.mt.gov.vn/dctquantri/tTrafficSafety_08_TinTuc/ShowTTrafficSafety_08_TinTuc.aspx?TTrafficSafety_08_TinTuc=<key><cv><c>id</c><v>1</v></cv></key>|huyenhs|Truy cập trang:Xem chi tiết Tin tức
9/16/2015 3:48:38 PM | ::1 | huyen | http://it.mt.gov.vn/dctquantri/tTrafficSafety_08_TinTuc/ShowTTrafficSafety_08_TinTuc.aspx?TTrafficSafety_08_TinTuc=<key><cv><c>id</c><v>1</v></cv></key>|huyenhs|Truy cập trang:Xem chi tiết Tin tức
9/16/2015 4:08:44 PM | ::1 | huyen | http://it.mt.gov.vn/dctquantri/tTrafficSafety_08_TinTuc/ShowTTrafficSafety_08_TinTuc.aspx?TTrafficSafety_08_TinTuc=<key><cv><c>id</c><v>1</v></cv></key>|huyenhs|Truy cập trang:Xem chi tiết Tin tức
9/16/2015 4:11:57 PM | ::1 | huyen | http://it.mt.gov.vn/dctquantri/tTrafficSafety_08_TinTuc/ShowTTrafficSafety_08_TinTuc.aspx?TTrafficSafety_08_TinTuc=<key><cv><c>id</c><v>1</v></cv></key>|huyenhs|Truy cập trang:Xem chi tiết Tin tức
9/16/2015 4:13:57 PM | ::1 | huyen | http://it.mt.gov.vn/dctquantri/tTrafficSafety_08_TinTuc/ShowTTrafficSafety_08_TinTuc.aspx?TTrafficSafety_08_TinTuc=<key><cv><c>id</c><v>1</v></cv></key>|huyenhs|Truy cập trang:Xem chi tiết Tin tức
9/16/2015 4:17:57 PM | ::1 | huyen | http://it.mt.gov.vn/dctquantri/tTrafficSafety_08_TinTuc/ShowTTrafficSafety_08_TinTuc.aspx?TTrafficSafety_08_TinTuc=<key><cv><c>id</c><v>1</v></cv></key>|huyenhs|Truy cập trang:Xem chi tiết Tin tức
9/16/2015 4:20:18 PM | ::1 | huyen | http://it.mt.gov.vn/dctquantri/tTrafficSafety_08_TinTuc/ShowTTrafficSafety_08_TinTuc.aspx?TTrafficSafety_08_TinTuc=<key><cv><c>id</c><v>1</v></cv></key>|huyenhs|Truy cập trang:Xem chi tiết Tin tức
9/16/2015 4:21:25 PM | ::1 | huyen | http://it.mt.gov.vn/dctquantri/DashBoard/ChangePasswords.aspx|huyenhs|Truy cập trang:Thay đổi mật khẩu
9/16/2015 4:21:31 PM | ::1 | huyen | http://it.mt.gov.vn/dctquantri/tTrafficSafety_08_TinTuc/ShowTTrafficSafety_08_TinTucTable.aspx|huyenhs|Truy cập trang:Xem danh sách  Tin tức
9/16/2015 4:21:34 PM | ::1 | huyen | http://it.mt.gov.vn/dctquantri/tTrafficSafety_08_TinTuc/ShowTTrafficSafety_08_TinTuc.aspx?TTrafficSafety_08_TinTuc=<key><cv><c>id</c><v>1</v></cv></key>|huyenhs|Truy cập trang:Xem chi tiết Tin tức
9/16/2015 4:23:41 PM | ::1 | huyen | http://it.mt.gov.vn/dctquantri/tTrafficSafety_08_TinTuc/ShowTTrafficSafety_08_TinTuc.aspx?TTrafficSafety_08_TinTuc=<key><cv><c>id</c><v>1</v></cv></key>|huyenhs|Truy cập trang:Xem chi tiết Tin tức
9/16/2015 4:27:34 PM | ::1 | huyen | http://it.mt.gov.vn/dctquantri/tTrafficSafety_08_TinTuc/ShowTTrafficSafety_08_TinTuc.aspx?TTrafficSafety_08_TinTuc=<key><cv><c>id</c><v>1</v></cv></key>|huyenhs|Truy cập trang:Xem chi tiết Tin tức
9/16/2015 4:28:26 PM | ::1 | huyen | http://it.mt.gov.vn/dctquantri/tTrafficSafety_08_TinTuc/ShowTTrafficSafety_08_TinTuc.aspx?TTrafficSafety_08_TinTuc=<key><cv><c>id</c><v>1</v></cv></key>|huyenhs|Truy cập trang:Xem chi tiết Tin tức
9/16/2015 4:28:59 PM | ::1 | huyen | http://it.mt.gov.vn/dctquantri/tTrafficSafety_08_TinTuc/ShowTTrafficSafety_08_TinTuc.aspx?TTrafficSafety_08_TinTuc=<key><cv><c>id</c><v>1</v></cv></key>|huyenhs|Truy cập trang:Xem chi tiết Tin tức
9/16/2015 4:29:10 PM | ::1 | huyen | http://it.mt.gov.vn/dctquantri/tTrafficSafety_08_TinTuc/ShowTTrafficSafety_08_TinTuc.aspx?TTrafficSafety_08_TinTuc=<key><cv><c>id</c><v>1</v></cv></key>|huyenhs|Truy cập trang:Xem chi tiết Tin tức
9/16/2015 4:29:28 PM | ::1 | huyen | http://it.mt.gov.vn/dctquantri/tTrafficSafety_08_TinTuc/ShowTTrafficSafety_08_TinTuc.aspx?TTrafficSafety_08_TinTuc=<key><cv><c>id</c><v>1</v></cv></key>|huyenhs|Truy cập trang:Xem chi tiết Tin tức
9/16/2015 4:29:51 PM | ::1 | huyen | http://it.mt.gov.vn/dctquantri/tTrafficSafety_08_TinTuc/ShowTTrafficSafety_08_TinTuc.aspx?TTrafficSafety_08_TinTuc=<key><cv><c>id</c><v>1</v></cv></key>|huyenhs|Truy cập trang:Xem chi tiết Tin tức
9/16/2015 4:30:35 PM | ::1 | huyen | http://it.mt.gov.vn/dctquantri/tTrafficSafety_08_TinTuc/ShowTTrafficSafety_08_TinTuc.aspx?TTrafficSafety_08_TinTuc=<key><cv><c>id</c><v>1</v></cv></key>|huyenhs|Truy cập trang:Xem chi tiết Tin tức
9/16/2015 4:30:54 PM | ::1 | huyen | http://it.mt.gov.vn/dctquantri/tTrafficSafety_08_TinTuc/ShowTTrafficSafety_08_TinTuc.aspx?TTrafficSafety_08_TinTuc=<key><cv><c>id</c><v>1</v></cv></key>|huyenhs|Truy cập trang:Xem chi tiết Tin tức
9/16/2015 4:31:07 PM | ::1 | huyen | http://it.mt.gov.vn/dctquantri/tTrafficSafety_08_TinTuc/ShowTTrafficSafety_08_TinTuc.aspx?TTrafficSafety_08_TinTuc=<key><cv><c>id</c><v>1</v></cv></key>|huyenhs|Truy cập trang:Xem chi tiết Tin tức
9/16/2015 4:31:23 PM | ::1 | huyen | http://it.mt.gov.vn/dctquantri/tTrafficSafety_08_TinTuc/ShowTTrafficSafety_08_TinTuc.aspx?TTrafficSafety_08_TinTuc=<key><cv><c>id</c><v>1</v></cv></key>|huyenhs|Truy cập trang:Xem chi tiết Tin tức
9/16/2015 4:31:45 PM | ::1 | huyen | http://it.mt.gov.vn/dctquantri/tTrafficSafety_08_TinTuc/ShowTTrafficSafety_08_TinTuc.aspx?TTrafficSafety_08_TinTuc=<key><cv><c>id</c><v>1</v></cv></key>|huyenhs|Truy cập trang:Xem chi tiết Tin tức
9/16/2015 4:34:27 PM | ::1 | huyen | http://it.mt.gov.vn/dctquantri/DashBoard/ChangePasswords.aspx|huyenhs|Truy cập trang:Thay đổi mật khẩu
9/16/2015 4:34:32 PM | ::1 | huyen | http://it.mt.gov.vn/dctquantri/tTrafficSafety_08_TinTuc/ShowTTrafficSafety_08_TinTucTable.aspx|huyenhs|Truy cập trang:Xem danh sách  Tin tức
9/16/2015 4:34:34 PM | ::1 | huyen | http://it.mt.gov.vn/dctquantri/tTrafficSafety_08_TinTuc/ShowTTrafficSafety_08_TinTuc.aspx?TTrafficSafety_08_TinTuc=<key><cv><c>id</c><v>1</v></cv></key>|huyenhs|Truy cập trang:Xem chi tiết Tin tức
9/16/2015 4:35:11 PM | ::1 | huyen | http://it.mt.gov.vn/dctquantri/tTrafficSafety_08_TinTuc/ShowTTrafficSafety_08_TinTuc.aspx?TTrafficSafety_08_TinTuc=<key><cv><c>id</c><v>1</v></cv></key>|huyenhs|Truy cập trang:Xem chi tiết Tin tức
9/16/2015 4:35:36 PM | ::1 | huyen | http://it.mt.gov.vn/dctquantri/tTrafficSafety_08_TinTuc/ShowTTrafficSafety_08_TinTuc.aspx?TTrafficSafety_08_TinTuc=<key><cv><c>id</c><v>1</v></cv></key>|huyenhs|Truy cập trang:Xem chi tiết Tin tức
9/16/2015 4:35:44 PM | ::1 | huyen | http://it.mt.gov.vn/dctquantri/tTrafficSafety_08_TinTuc/ShowTTrafficSafety_08_TinTuc.aspx?TTrafficSafety_08_TinTuc=<key><cv><c>id</c><v>1</v></cv></key>|huyenhs|Truy cập trang:Xem chi tiết Tin tức
9/16/2015 4:36:03 PM | ::1 | huyen | http://it.mt.gov.vn/dctquantri/tTrafficSafety_08_TinTuc/ShowTTrafficSafety_08_TinTuc.aspx?TTrafficSafety_08_TinTuc=<key><cv><c>id</c><v>1</v></cv></key>|huyenhs|Truy cập trang:Xem chi tiết Tin tức
9/16/2015 4:36:25 PM | ::1 | huyen | http://it.mt.gov.vn/dctquantri/tTrafficSafety_08_TinTuc/ShowTTrafficSafety_08_TinTuc.aspx?TTrafficSafety_08_TinTuc=<key><cv><c>id</c><v>1</v></cv></key>|huyenhs|Truy cập trang:Xem chi tiết Tin tức
9/16/2015 4:36:47 PM | ::1 | huyen | http://it.mt.gov.vn/dctquantri/tTrafficSafety_08_TinTuc/ShowTTrafficSafety_08_TinTuc.aspx?TTrafficSafety_08_TinTuc=<key><cv><c>id</c><v>1</v></cv></key>|huyenhs|Truy cập trang:Xem chi tiết Tin tức
9/16/2015 4:37:19 PM | ::1 | huyen | http://it.mt.gov.vn/dctquantri/tTrafficSafety_08_TinTuc/ShowTTrafficSafety_08_TinTuc.aspx?TTrafficSafety_08_TinTuc=<key><cv><c>id</c><v>1</v></cv></key>|huyenhs|Truy cập trang:Xem chi tiết Tin tức
9/16/2015 4:40:52 PM | ::1 | huyen | http://it.mt.gov.vn/dctquantri/tTrafficSafety_08_TinTuc/ShowTTrafficSafety_08_TinTuc.aspx?TTrafficSafety_08_TinTuc=<key><cv><c>id</c><v>1</v></cv></key>|huyenhs|Truy cập trang:Xem chi tiết Tin tức
9/16/2015 4:41:43 PM | ::1 | huyen | http://it.mt.gov.vn/dctquantri/tTrafficSafety_08_TinTuc/ShowTTrafficSafety_08_TinTuc.aspx?TTrafficSafety_08_TinTuc=<key><cv><c>id</c><v>1</v></cv></key>|huyenhs|Truy cập trang:Xem chi tiết Tin tức
9/16/2015 4:42:25 PM | ::1 | huyen | http://it.mt.gov.vn/dctquantri/tTrafficSafety_08_TinTuc/ShowTTrafficSafety_08_TinTuc.aspx?TTrafficSafety_08_TinTuc=<key><cv><c>id</c><v>1</v></cv></key>|huyenhs|Truy cập trang:Xem chi tiết Tin tức
9/16/2015 4:43:39 PM | ::1 | huyen | http://it.mt.gov.vn/dctquantri/tTrafficSafety_08_TinTuc/ShowTTrafficSafety_08_TinTuc.aspx?TTrafficSafety_08_TinTuc=<key><cv><c>id</c><v>1</v></cv></key>|huyenhs|Truy cập trang:Xem chi tiết Tin tức
9/16/2015 4:44:07 PM | ::1 | huyen | http://it.mt.gov.vn/dctquantri/tTrafficSafety_08_TinTuc/ShowTTrafficSafety_08_TinTuc.aspx?TTrafficSafety_08_TinTuc=<key><cv><c>id</c><v>1</v></cv></key>|huyenhs|Truy cập trang:Xem chi tiết Tin tức
9/16/2015 4:44:29 PM | ::1 | huyen | http://it.mt.gov.vn/dctquantri/tTrafficSafety_08_TinTuc/ShowTTrafficSafety_08_TinTuc.aspx?TTrafficSafety_08_TinTuc=<key><cv><c>id</c><v>1</v></cv></key>|huyenhs|Truy cập trang:Xem chi tiết Tin tức
9/16/2015 4:46:03 PM | ::1 | huyen | http://it.mt.gov.vn/dctquantri/tTrafficSafety_08_TinTuc/ShowTTrafficSafety_08_TinTuc.aspx?TTrafficSafety_08_TinTuc=<key><cv><c>id</c><v>1</v></cv></key>|huyenhs|Truy cập trang:Xem chi tiết Tin tức
9/16/2015 4:46:16 PM | ::1 | huyen | http://it.mt.gov.vn/dctquantri/tTrafficSafety_08_TinTuc/AddTTrafficSafety_08_TinTuc.aspx|huyenhs|Truy cập trang:Thêm Tin tức
9/16/2015 4:47:02 PM | ::1 | huyen | http://it.mt.gov.vn/dctquantri/tTrafficSafety_08_TinTuc/ShowTTrafficSafety_08_TinTucTable.aspx|huyenhs|Truy cập trang:Xem danh sách  Tin tức
9/16/2015 4:47:06 PM | ::1 | huyen | http://it.mt.gov.vn/dctquantri/tTrafficSafety_08_TinTuc/ShowTTrafficSafety_08_TinTuc.aspx?TTrafficSafety_08_TinTuc=<key><cv><c>id</c><v>21</v></cv></key>|huyenhs|Truy cập trang:Xem chi tiết Tin tức
9/16/2015 4:47:20 PM | ::1 | huyen | http://it.mt.gov.vn/dctquantri/tTrafficSafety_08_TinTuc/EditTTrafficSafety_08_TinTuc.aspx?TTrafficSafety_08_TinTuc=<key><cv><c>id</c><v>21</v></cv></key>|huyenhs|Truy cập trang:Sửa  Tin tức
9/16/2015 4:48:00 PM | ::1 | huyen | http://it.mt.gov.vn/dctquantri/tTrafficSafety_08_TinTuc/ShowTTrafficSafety_08_TinTucTable.aspx|huyenhs|Truy cập trang:Xem danh sách  Tin tức
9/16/2015 4:48:03 PM | ::1 | huyen | http://it.mt.gov.vn/dctquantri/tTrafficSafety_08_TinTuc/ShowTTrafficSafety_08_TinTuc.aspx?TTrafficSafety_08_TinTuc=<key><cv><c>id</c><v>21</v></cv></key>|huyenhs|Truy cập trang:Xem chi tiết Tin tức
