9/22/2015 8:36:05 AM | ::1 | huyen | http://it.mt.gov.vn/dctquantri/DashBoard/QuanlyAnh.aspx|huyenhs|Truy cập trang:Quản lý ảnh
9/22/2015 8:47:44 AM | ::1 | huyen | http://it.mt.gov.vn/dctquantri/DashBoard/QuanlyAnh.aspx|huyenhs|Truy cập trang:Quản lý ảnh
9/22/2015 8:48:41 AM | ::1 | huyen | http://it.mt.gov.vn/dctquantri/DashBoard/QuanlyAnh.aspx|huyenhs|Truy cập trang:Quản lý ảnh
9/22/2015 8:49:15 AM | ::1 | huyen | http://it.mt.gov.vn/dctquantri/DashBoard/QuanlyAnh.aspx|huyenhs|Truy cập trang:Quản lý ảnh
9/22/2015 8:50:30 AM | ::1 | huyen | http://it.mt.gov.vn/dctquantri/DashBoard/QuanlyAnh.aspx|huyenhs|Truy cập trang:Quản lý ảnh
9/22/2015 8:50:49 AM | ::1 | huyen | http://it.mt.gov.vn/dctquantri/DashBoard/QuanlyAnh.aspx|huyenhs|Truy cập trang:Quản lý ảnh
9/22/2015 8:51:30 AM | ::1 | huyen | http://it.mt.gov.vn/dctquantri/DashBoard/QuanlyAnh.aspx|huyenhs|Truy cập trang:Quản lý ảnh
9/22/2015 8:52:55 AM | ::1 | huyen | http://it.mt.gov.vn/dctquantri/DashBoard/QuanlyAnh.aspx|huyenhs|Truy cập trang:Quản lý ảnh
9/22/2015 8:54:13 AM | ::1 | huyen | http://it.mt.gov.vn/dctquantri/DashBoard/QuanlyAnh.aspx|huyenhs|Truy cập trang:Quản lý ảnh
9/22/2015 8:56:15 AM | ::1 | huyen | http://it.mt.gov.vn/dctquantri/DashBoard/QuanlyAnh.aspx|huyenhs|Truy cập trang:Quản lý ảnh
9/22/2015 8:56:38 AM | ::1 | huyen | http://it.mt.gov.vn/dctquantri/DashBoard/QuanlyAnh.aspx|huyenhs|Truy cập trang:Quản lý ảnh
9/22/2015 8:57:00 AM | ::1 | huyen | http://it.mt.gov.vn/dctquantri/DashBoard/QuanlyAnh.aspx|huyenhs|Truy cập trang:Quản lý ảnh
9/22/2015 8:57:26 AM | ::1 | huyen | http://it.mt.gov.vn/dctquantri/DashBoard/QuanlyAnh.aspx|huyenhs|Truy cập trang:Quản lý ảnh
9/22/2015 8:57:37 AM | ::1 | huyen | http://it.mt.gov.vn/dctquantri/DashBoard/QuanlyAnh.aspx|huyenhs|Truy cập trang:Quản lý ảnh
9/22/2015 8:57:52 AM | ::1 | huyen | http://it.mt.gov.vn/dctquantri/DashBoard/QuanlyAnh.aspx|huyenhs|Truy cập trang:Quản lý ảnh
9/22/2015 8:58:25 AM | ::1 | huyen | http://it.mt.gov.vn/dctquantri/DashBoard/QuanlyAnh.aspx|huyenhs|Truy cập trang:Quản lý ảnh
9/22/2015 8:58:41 AM | ::1 | huyen | http://it.mt.gov.vn/dctquantri/DashBoard/QuanlyAnh.aspx|huyenhs|Truy cập trang:Quản lý ảnh
9/22/2015 9:00:01 AM | ::1 | huyen | http://it.mt.gov.vn/dctquantri/DashBoard/QuanlyAnh.aspx|huyenhs|Truy cập trang:Quản lý ảnh
9/22/2015 9:00:43 AM | ::1 | huyen | http://it.mt.gov.vn/dctquantri/DashBoard/QuanlyAnh.aspx|huyenhs|Truy cập trang:Quản lý ảnh
9/22/2015 9:02:04 AM | ::1 | huyen | http://it.mt.gov.vn/dctquantri/DashBoard/QuanlyAnh.aspx|huyenhs|Truy cập trang:Quản lý ảnh
9/22/2015 9:06:02 AM | ::1 | huyen | http://it.mt.gov.vn/dctquantri/DashBoard/QuanlyAnh.aspx|huyenhs|Truy cập trang:Quản lý ảnh
9/22/2015 9:07:01 AM | ::1 | huyen | http://it.mt.gov.vn/dctquantri/DashBoard/QuanlyAnh.aspx|huyenhs|Truy cập trang:Quản lý ảnh
9/22/2015 9:10:10 AM | ::1 | huyen | http://it.mt.gov.vn/dctquantri/DashBoard/QuanlyAnh.aspx|huyenhs|Truy cập trang:Quản lý ảnh
9/22/2015 9:19:22 AM | ::1 | huyen | http://it.mt.gov.vn/dctquantri/DashBoard/QuanlyAnh.aspx|huyenhs|Truy cập trang:Quản lý ảnh
9/22/2015 9:19:44 AM | ::1 | huyen | http://it.mt.gov.vn/dctquantri/DashBoard/QuanlyAnh.aspx|huyenhs|Truy cập trang:Quản lý ảnh
9/22/2015 9:20:31 AM | ::1 | huyen | http://it.mt.gov.vn/dctquantri/DashBoard/QuanlyAnh.aspx|huyenhs|Truy cập trang:Quản lý ảnh
9/22/2015 9:21:03 AM | ::1 | huyen | http://it.mt.gov.vn/dctquantri/DashBoard/QuanlyAnh.aspx|huyenhs|Truy cập trang:Quản lý ảnh
9/22/2015 9:24:43 AM | ::1 | huyen | http://it.mt.gov.vn/dctquantri/DashBoard/QuanlyAnh.aspx|huyenhs|Truy cập trang:Quản lý ảnh
9/22/2015 9:25:04 AM | ::1 | huyen | http://it.mt.gov.vn/dctquantri/DashBoard/QuanlyAnh.aspx|huyenhs|Truy cập trang:Quản lý ảnh
9/22/2015 9:25:30 AM | ::1 | huyen | http://it.mt.gov.vn/dctquantri/DashBoard/QuanlyAnh.aspx|huyenhs|Truy cập trang:Quản lý ảnh
9/22/2015 9:26:06 AM | ::1 | huyen | http://it.mt.gov.vn/dctquantri/DashBoard/QuanlyAnh.aspx|huyenhs|Truy cập trang:Quản lý ảnh
9/22/2015 9:26:59 AM | ::1 | huyen | http://it.mt.gov.vn/dctquantri/DashBoard/QuanlyAnh.aspx|huyenhs|Truy cập trang:Quản lý ảnh
9/22/2015 9:27:16 AM | ::1 | huyen | http://it.mt.gov.vn/dctquantri/DashBoard/QuanlyAnh.aspx|huyenhs|Truy cập trang:Quản lý ảnh
9/22/2015 9:30:23 AM | ::1 | huyen | http://it.mt.gov.vn/dctquantri/DashBoard/QuanlyAnh.aspx|huyenhs|Truy cập trang:Quản lý ảnh
9/22/2015 9:31:06 AM | ::1 | huyen | http://it.mt.gov.vn/dctquantri/DashBoard/QuanlyAnh.aspx|huyenhs|Truy cập trang:Quản lý ảnh
9/22/2015 9:31:27 AM | ::1 | huyen | http://it.mt.gov.vn/dctquantri/DashBoard/QuanlyAnh.aspx|huyenhs|Truy cập trang:Quản lý ảnh
9/22/2015 9:32:12 AM | ::1 | huyen | http://it.mt.gov.vn/dctquantri/DashBoard/QuanlyAnh.aspx|huyenhs|Truy cập trang:Quản lý ảnh
9/22/2015 9:32:40 AM | ::1 | huyen | http://it.mt.gov.vn/dctquantri/DashBoard/QuanlyAnh.aspx|huyenhs|Truy cập trang:Quản lý ảnh
9/22/2015 9:33:04 AM | ::1 | huyen | http://it.mt.gov.vn/dctquantri/DashBoard/QuanlyAnh.aspx|huyenhs|Truy cập trang:Quản lý ảnh
9/22/2015 9:33:45 AM | ::1 | huyen | http://it.mt.gov.vn/dctquantri/DashBoard/QuanlyAnh.aspx|huyenhs|Truy cập trang:Quản lý ảnh
9/22/2015 9:33:59 AM | ::1 | huyen | http://it.mt.gov.vn/dctquantri/DashBoard/QuanlyAnh.aspx|huyenhs|Truy cập trang:Quản lý ảnh
9/22/2015 9:34:37 AM | ::1 | huyen | http://it.mt.gov.vn/dctquantri/DashBoard/QuanlyAnh.aspx|huyenhs|Truy cập trang:Quản lý ảnh
9/22/2015 9:35:06 AM | ::1 | huyen | http://it.mt.gov.vn/dctquantri/DashBoard/QuanlyAnh.aspx|huyenhs|Truy cập trang:Quản lý ảnh
9/22/2015 9:35:23 AM | ::1 | huyen | http://it.mt.gov.vn/dctquantri/DashBoard/QuanlyAnh.aspx|huyenhs|Truy cập trang:Quản lý ảnh
9/22/2015 9:35:40 AM | ::1 | huyen | http://it.mt.gov.vn/dctquantri/DashBoard/QuanlyAnh.aspx|huyenhs|Truy cập trang:Quản lý ảnh
9/22/2015 9:36:36 AM | ::1 | huyen | http://it.mt.gov.vn/dctquantri/DashBoard/QuanlyAnh.aspx|huyenhs|Truy cập trang:Quản lý ảnh
9/22/2015 9:38:59 AM | ::1 | huyen | http://it.mt.gov.vn/dctquantri/DashBoard/QuanlyAnh.aspx|huyenhs|Truy cập trang:Quản lý ảnh
9/22/2015 9:41:04 AM | ::1 | huyen | http://it.mt.gov.vn/dctquantri/DashBoard/QuanlyAnh.aspx|huyenhs|Truy cập trang:Quản lý ảnh
9/22/2015 9:41:26 AM | ::1 | huyen | http://it.mt.gov.vn/dctquantri/DashBoard/QuanlyAnh.aspx|huyenhs|Truy cập trang:Quản lý ảnh
9/22/2015 9:42:05 AM | ::1 | huyen | http://it.mt.gov.vn/dctquantri/DashBoard/QuanlyAnh.aspx|huyenhs|Truy cập trang:Quản lý ảnh
9/22/2015 9:42:17 AM | ::1 | huyen | http://it.mt.gov.vn/dctquantri/DashBoard/QuanlyAnh.aspx|huyenhs|Truy cập trang:Quản lý ảnh
9/22/2015 9:42:32 AM | ::1 | huyen | http://it.mt.gov.vn/dctquantri/DashBoard/QuanlyAnh.aspx|huyenhs|Truy cập trang:Quản lý ảnh
9/22/2015 9:42:58 AM | ::1 | huyen | http://it.mt.gov.vn/dctquantri/tTrafficSafety_08_TinTuc/ShowTTrafficSafety_08_TinTucTable.aspx|huyenhs|Truy cập trang:Xem danh sách  Tin tức
9/22/2015 10:15:18 AM | ::1 | huyen | http://it.mt.gov.vn/dctquantri/tTrafficSafety_08_TinTuc/AddTTrafficSafety_08_TinTuc.aspx|huyenhs|Truy cập trang:Thêm Tin tức
9/22/2015 10:19:22 AM | ::1 | huyen | http://it.mt.gov.vn/dctquantri/tTrafficSafety_08_TinTuc/AddTTrafficSafety_08_TinTuc.aspx|huyenhs|Truy cập trang:Thêm Tin tức
9/22/2015 10:19:56 AM | ::1 | huyen | http://it.mt.gov.vn/dctquantri/tTrafficSafety_08_TinTuc/AddTTrafficSafety_08_TinTuc.aspx|huyenhs|Truy cập trang:Thêm Tin tức
9/22/2015 10:20:10 AM | ::1 | huyen | http://it.mt.gov.vn/dctquantri/tTrafficSafety_08_TinTuc/AddTTrafficSafety_08_TinTuc.aspx|huyenhs|Truy cập trang:Thêm Tin tức
9/22/2015 10:20:54 AM | ::1 | huyen | http://it.mt.gov.vn/dctquantri/tTrafficSafety_08_TinTuc/AddTTrafficSafety_08_TinTuc.aspx|huyenhs|Truy cập trang:Thêm Tin tức
9/22/2015 10:21:54 AM | ::1 | huyen | http://it.mt.gov.vn/dctquantri/tTrafficSafety_08_TinTuc/AddTTrafficSafety_08_TinTuc.aspx|huyenhs|Truy cập trang:Thêm Tin tức
9/22/2015 10:22:23 AM | ::1 | huyen | http://it.mt.gov.vn/dctquantri/tTrafficSafety_08_TinTuc/AddTTrafficSafety_08_TinTuc.aspx|huyenhs|Truy cập trang:Thêm Tin tức
9/22/2015 10:27:17 AM | ::1 | huyen | http://it.mt.gov.vn/dctquantri/tTrafficSafety_08_TinTuc/AddTTrafficSafety_08_TinTuc.aspx|huyenhs|Truy cập trang:Thêm Tin tức
9/22/2015 10:28:02 AM | ::1 | huyen | http://it.mt.gov.vn/dctquantri/tTrafficSafety_08_TinTuc/AddTTrafficSafety_08_TinTuc.aspx|huyenhs|Truy cập trang:Thêm Tin tức
9/22/2015 10:28:31 AM | ::1 | huyen | http://it.mt.gov.vn/dctquantri/tTrafficSafety_08_TinTuc/AddTTrafficSafety_08_TinTuc.aspx|huyenhs|Truy cập trang:Thêm Tin tức
9/22/2015 10:31:08 AM | ::1 | huyen | http://it.mt.gov.vn/dctquantri/tTrafficSafety_08_TinTuc/AddTTrafficSafety_08_TinTuc.aspx|huyenhs|Truy cập trang:Thêm Tin tức
9/22/2015 10:32:57 AM | ::1 | huyen | http://it.mt.gov.vn/dctquantri/tTrafficSafety_08_TinTuc/AddTTrafficSafety_08_TinTuc.aspx|huyenhs|Truy cập trang:Thêm Tin tức
9/22/2015 10:37:38 AM | ::1 | huyen | http://it.mt.gov.vn/dctquantri/DashBoard/QuanlyAnh.aspx?id=http://it.mt.gov.vn/dctquantri/_SHARED_FILES/images/ANH_VIDEOS|huyenhs|Truy cập trang:Quản lý ảnh
9/22/2015 10:37:46 AM | ::1 | huyen | http://it.mt.gov.vn/dctquantri/DashBoard/QuanlyAnh.aspx?id=http://it.mt.gov.vn/dctquantri/_SHARED_FILES/images/ANH_VIDEOS|huyenhs|Truy cập trang:Quản lý ảnh
9/22/2015 10:38:10 AM | ::1 | huyen | http://it.mt.gov.vn/dctquantri/DashBoard/QuanlyAnh.aspx|huyenhs|Truy cập trang:Quản lý ảnh
9/22/2015 10:38:18 AM | ::1 | huyen | http://it.mt.gov.vn/dctquantri/tTrafficSafety_08_TinTuc/AddTTrafficSafety_08_TinTuc.aspx|huyenhs|Truy cập trang:Thêm Tin tức
9/22/2015 10:38:22 AM | ::1 | huyen | http://it.mt.gov.vn/dctquantri/DashBoard/QuanlyAnh.aspx?id=http://it.mt.gov.vn/dctquantri/_SHARED_FILES/images/ANH_VIDEOS|huyenhs|Truy cập trang:Quản lý ảnh
9/22/2015 10:38:27 AM | ::1 | huyen | http://it.mt.gov.vn/dctquantri/DashBoard/QuanlyAnh.aspx?id=http://it.mt.gov.vn/dctquantri/_SHARED_FILES/images/DEN_DO|huyenhs|Truy cập trang:Quản lý ảnh
9/22/2015 10:39:40 AM | ::1 | huyen | http://it.mt.gov.vn/dctquantri/tTrafficSafety_08_TinTuc/AddTTrafficSafety_08_TinTuc.aspx|huyenhs|Truy cập trang:Thêm Tin tức
9/22/2015 10:43:39 AM | ::1 | huyen | http://it.mt.gov.vn/dctquantri/tTrafficSafety_08_TinTuc/AddTTrafficSafety_08_TinTuc.aspx|huyenhs|Truy cập trang:Thêm Tin tức
9/22/2015 10:47:00 AM | ::1 | huyen | http://it.mt.gov.vn/dctquantri/tTrafficSafety_08_TinTuc/AddTTrafficSafety_08_TinTuc.aspx|huyenhs|Truy cập trang:Thêm Tin tức
9/22/2015 10:48:59 AM | ::1 | huyen | http://it.mt.gov.vn/dctquantri/tTrafficSafety_08_TinTuc/AddTTrafficSafety_08_TinTuc.aspx|huyenhs|Truy cập trang:Thêm Tin tức
9/22/2015 10:58:41 AM | ::1 | huyen | http://it.mt.gov.vn/dctquantri/tTrafficSafety_08_TinTuc/AddTTrafficSafety_08_TinTuc.aspx|huyenhs|Truy cập trang:Thêm Tin tức
9/22/2015 1:34:27 PM | ::1 | huyen | http://it.mt.gov.vn/dctquantri/tTrafficSafety_08_TinTuc/AddTTrafficSafety_08_TinTuc.aspx|huyenhs|Truy cập trang:Thêm Tin tức
9/22/2015 1:42:27 PM | ::1 | huyen | http://it.mt.gov.vn/dctquantri/tTrafficSafety_08_TinTuc/AddTTrafficSafety_08_TinTuc.aspx|huyenhs|Truy cập trang:Thêm Tin tức
9/22/2015 1:44:22 PM | ::1 | huyen | http://it.mt.gov.vn/dctquantri/tTrafficSafety_08_TinTuc/AddTTrafficSafety_08_TinTuc.aspx|huyenhs|Truy cập trang:Thêm Tin tức
9/22/2015 1:44:54 PM | ::1 | huyen | http://it.mt.gov.vn/dctquantri/tTrafficSafety_08_TinTuc/ShowTTrafficSafety_08_TinTucTable.aspx|huyenhs|Truy cập trang:Xem danh sách  Tin tức
9/22/2015 1:45:05 PM | ::1 | huyen | http://it.mt.gov.vn/dctquantri/tTrafficSafety_08_TinTuc/EditTTrafficSafety_08_TinTuc.aspx?TTrafficSafety_08_TinTuc=<key><cv><c>id</c><v>68</v></cv></key>|huyenhs|Truy cập trang:Sửa  Tin tức
9/22/2015 1:45:38 PM | ::1 | huyen | http://it.mt.gov.vn/dctquantri/tTrafficSafety_08_TinTuc/ShowTTrafficSafety_08_TinTucTable.aspx|huyenhs|Truy cập trang:Xem danh sách  Tin tức
9/22/2015 1:45:49 PM | ::1 | huyen | http://it.mt.gov.vn/dctquantri/tTrafficSafety_08_TinTuc/AddTTrafficSafety_08_TinTuc.aspx|huyenhs|Truy cập trang:Thêm Tin tức
9/22/2015 1:47:00 PM | ::1 | huyen | http://it.mt.gov.vn/dctquantri/tTrafficSafety_09_Videos/AddTTrafficSafety_09_Videos.aspx|huyenhs|Truy cập trang:Thêm Videos
9/22/2015 1:49:07 PM | ::1 | huyen | http://it.mt.gov.vn/dctquantri/tTrafficSafety_09_Videos/AddTTrafficSafety_09_Videos.aspx|huyenhs|Truy cập trang:Thêm Videos
9/22/2015 1:51:07 PM | ::1 | huyen | http://it.mt.gov.vn/dctquantri/tTrafficSafety_09_Videos/AddTTrafficSafety_09_Videos.aspx|huyenhs|Truy cập trang:Thêm Videos
9/22/2015 1:52:38 PM | ::1 | huyen | http://it.mt.gov.vn/dctquantri/tTrafficSafety_09_Videos/AddTTrafficSafety_09_Videos.aspx|huyenhs|Truy cập trang:Thêm Videos
9/22/2015 1:54:23 PM | ::1 | huyen | http://it.mt.gov.vn/dctquantri/tTrafficSafety_09_Videos/AddTTrafficSafety_09_Videos.aspx|huyenhs|Truy cập trang:Thêm Videos
9/22/2015 1:55:48 PM | ::1 | huyen | http://it.mt.gov.vn/dctquantri/tTrafficSafety_09_Videos/AddTTrafficSafety_09_Videos.aspx|huyenhs|Truy cập trang:Thêm Videos
9/22/2015 1:56:11 PM | ::1 | huyen | http://it.mt.gov.vn/dctquantri/tTrafficSafety_09_Videos/ShowTTrafficSafety_09_VideosTable.aspx|huyenhs|Truy cập trang:Xem danh sách  Videos
9/22/2015 1:56:15 PM | ::1 | huyen | http://it.mt.gov.vn/dctquantri/tTrafficSafety_09_Videos/ShowTTrafficSafety_09_Videos.aspx?TTrafficSafety_09_Videos=<key><cv><c>Id</c><v>6</v></cv></key>|huyenhs|Truy cập trang:Xem chi tiết Videos
9/22/2015 1:58:39 PM | ::1 | huyen | http://it.mt.gov.vn/dctquantri/tTrafficSafety_09_Videos/ShowTTrafficSafety_09_VideosTable.aspx|huyenhs|Truy cập trang:Xem danh sách  Videos
9/22/2015 1:58:41 PM | ::1 | huyen | http://it.mt.gov.vn/dctquantri/tTrafficSafety_09_Videos/AddTTrafficSafety_09_Videos.aspx|huyenhs|Truy cập trang:Thêm Videos
9/22/2015 1:59:04 PM | ::1 | huyen | http://it.mt.gov.vn/dctquantri/tTrafficSafety_09_Videos/ShowTTrafficSafety_09_VideosTable.aspx|huyenhs|Truy cập trang:Xem danh sách  Videos
9/22/2015 1:59:22 PM | ::1 | huyen | http://it.mt.gov.vn/dctquantri/tTrafficSafety_09_Videos/AddTTrafficSafety_09_Videos.aspx|huyenhs|Truy cập trang:Thêm Videos
9/22/2015 2:00:59 PM | ::1 | huyen | http://it.mt.gov.vn/dctquantri/tTrafficSafety_09_Videos/AddTTrafficSafety_09_Videos.aspx|huyenhs|Truy cập trang:Thêm Videos
9/22/2015 2:01:20 PM | ::1 | huyen | http://it.mt.gov.vn/dctquantri/tTrafficSafety_09_Videos/ShowTTrafficSafety_09_VideosTable.aspx|huyenhs|Truy cập trang:Xem danh sách  Videos
9/22/2015 2:01:31 PM | ::1 | huyen | http://it.mt.gov.vn/dctquantri/tTrafficSafety_09_Videos/AddTTrafficSafety_09_Videos.aspx|huyenhs|Truy cập trang:Thêm Videos
9/22/2015 2:01:34 PM | ::1 | huyen | http://it.mt.gov.vn/dctquantri/tTrafficSafety_09_Videos/ShowTTrafficSafety_09_VideosTable.aspx|huyenhs|Truy cập trang:Xem danh sách  Videos
9/22/2015 2:01:43 PM | ::1 | huyen | http://it.mt.gov.vn/dctquantri/tTrafficSafety_09_Videos/AddTTrafficSafety_09_Videos.aspx|huyenhs|Truy cập trang:Thêm Videos
9/22/2015 2:02:14 PM | ::1 | huyen | http://it.mt.gov.vn/dctquantri/tTrafficSafety_09_Videos/ShowTTrafficSafety_09_VideosTable.aspx|huyenhs|Truy cập trang:Xem danh sách  Videos
9/22/2015 2:19:24 PM | ::1 | huyen | http://it.mt.gov.vn/dctquantri/tTrafficSafety_09_Videos/ShowTTrafficSafety_09_VideosTable.aspx|huyenhs|Truy cập trang:Xem danh sách  Videos
9/22/2015 2:19:28 PM | ::1 | huyen | http://it.mt.gov.vn/dctquantri/tTrafficSafety_09_Videos/AddTTrafficSafety_09_Videos.aspx|huyenhs|Truy cập trang:Thêm Videos
9/22/2015 2:19:56 PM | ::1 | huyen | http://it.mt.gov.vn/dctquantri/tTrafficSafety_09_Videos/ShowTTrafficSafety_09_VideosTable.aspx|huyenhs|Truy cập trang:Xem danh sách  Videos
9/22/2015 2:24:06 PM | ::1 | huyen | http://it.mt.gov.vn/dctquantri/tTrafficSafety_09_Videos/ShowTTrafficSafety_09_VideosTable.aspx|huyenhs|Truy cập trang:Xem danh sách  Videos
9/22/2015 2:24:12 PM | ::1 | huyen | http://it.mt.gov.vn/dctquantri/tTrafficSafety_09_Videos/AddTTrafficSafety_09_Videos.aspx|huyenhs|Truy cập trang:Thêm Videos
9/22/2015 2:24:46 PM | ::1 | huyen | http://it.mt.gov.vn/dctquantri/tTrafficSafety_09_Videos/ShowTTrafficSafety_09_VideosTable.aspx|huyenhs|Truy cập trang:Xem danh sách  Videos
9/22/2015 2:40:34 PM | ::1 | huyen | http://it.mt.gov.vn/dctquantri/tTrafficSafety_09_Videos/ShowTTrafficSafety_09_VideosTable.aspx|huyenhs|Truy cập trang:Xem danh sách  Videos
9/22/2015 2:43:47 PM | ::1 | huyen | http://it.mt.gov.vn/dctquantri/tTrafficSafety_09_Videos/ShowTTrafficSafety_09_VideosTable.aspx|huyenhs|Truy cập trang:Xem danh sách  Videos
9/22/2015 2:46:18 PM | ::1 | huyen | http://it.mt.gov.vn/dctquantri/tTrafficSafety_09_Videos/ShowTTrafficSafety_09_VideosTable.aspx|huyenhs|Truy cập trang:Xem danh sách  Videos
9/22/2015 2:46:55 PM | ::1 | huyen | http://it.mt.gov.vn/dctquantri/tTrafficSafety_09_Videos/ShowTTrafficSafety_09_VideosTable.aspx|huyenhs|Truy cập trang:Xem danh sách  Videos
9/22/2015 2:47:01 PM | ::1 | huyen | http://it.mt.gov.vn/dctquantri/tTrafficSafety_09_Videos/AddTTrafficSafety_09_Videos.aspx|huyenhs|Truy cập trang:Thêm Videos
9/22/2015 2:57:06 PM | ::1 | huyen | http://it.mt.gov.vn/dctquantri/tTrafficSafety_08_TinTuc/AddTTrafficSafety_08_TinTuc.aspx|huyenhs|Truy cập trang:Thêm Tin tức
9/22/2015 2:57:13 PM | ::1 | huyen | http://it.mt.gov.vn/dctquantri/tTrafficSafety_09_Videos/ShowTTrafficSafety_09_VideosTable.aspx|huyenhs|Truy cập trang:Xem danh sách  Videos
9/22/2015 2:58:23 PM | ::1 | huyen | http://it.mt.gov.vn/dctquantri/tTrafficSafety_09_Videos/EditTTrafficSafety_09_Videos.aspx?TTrafficSafety_09_Videos=<key><cv><c>Id</c><v>12</v></cv></key>|huyenhs|Truy cập trang:Sửa  Videos
9/22/2015 3:08:02 PM | ::1 | huyen | http://it.mt.gov.vn/dctquantri/tTrafficSafety_08_TinTuc/AddTTrafficSafety_08_TinTuc.aspx|huyenhs|Truy cập trang:Thêm Tin tức
9/22/2015 3:08:09 PM | ::1 | huyen | http://it.mt.gov.vn/dctquantri/tTrafficSafety_09_Videos/ShowTTrafficSafety_09_VideosTable.aspx|huyenhs|Truy cập trang:Xem danh sách  Videos
9/22/2015 3:08:11 PM | ::1 | huyen | http://it.mt.gov.vn/dctquantri/tTrafficSafety_09_Videos/EditTTrafficSafety_09_Videos.aspx?TTrafficSafety_09_Videos=<key><cv><c>Id</c><v>12</v></cv></key>|huyenhs|Truy cập trang:Sửa  Videos
9/22/2015 3:16:54 PM | ::1 | huyen | http://it.mt.gov.vn/dctquantri/tTrafficSafety_08_TinTuc/AddTTrafficSafety_08_TinTuc.aspx|huyenhs|Truy cập trang:Thêm Tin tức
9/22/2015 3:17:03 PM | ::1 | huyen | http://it.mt.gov.vn/dctquantri/tTrafficSafety_09_Videos/ShowTTrafficSafety_09_VideosTable.aspx|huyenhs|Truy cập trang:Xem danh sách  Videos
9/22/2015 3:17:05 PM | ::1 | huyen | http://it.mt.gov.vn/dctquantri/tTrafficSafety_09_Videos/EditTTrafficSafety_09_Videos.aspx?TTrafficSafety_09_Videos=<key><cv><c>Id</c><v>12</v></cv></key>|huyenhs|Truy cập trang:Sửa  Videos
9/22/2015 3:19:26 PM | ::1 | huyen | http://it.mt.gov.vn/dctquantri/tTrafficSafety_09_Videos/EditTTrafficSafety_09_Videos.aspx?TTrafficSafety_09_Videos=<key><cv><c>Id</c><v>12</v></cv></key>|huyenhs|Truy cập trang:Sửa  Videos
9/22/2015 3:24:14 PM | ::1 | huyen | http://it.mt.gov.vn/dctquantri/tTrafficSafety_09_Videos/EditTTrafficSafety_09_Videos.aspx?TTrafficSafety_09_Videos=<key><cv><c>Id</c><v>12</v></cv></key>|huyenhs|Truy cập trang:Sửa  Videos
9/22/2015 3:26:26 PM | ::1 | huyen | http://it.mt.gov.vn/dctquantri/tTrafficSafety_09_Videos/EditTTrafficSafety_09_Videos.aspx?TTrafficSafety_09_Videos=<key><cv><c>Id</c><v>12</v></cv></key>|huyenhs|Truy cập trang:Sửa  Videos
9/22/2015 3:28:15 PM | ::1 | huyen | http://it.mt.gov.vn/dctquantri/tTrafficSafety_09_Videos/EditTTrafficSafety_09_Videos.aspx?TTrafficSafety_09_Videos=<key><cv><c>Id</c><v>12</v></cv></key>|huyenhs|Truy cập trang:Sửa  Videos
9/22/2015 3:28:31 PM | ::1 | huyen | http://it.mt.gov.vn/dctquantri/tTrafficSafety_09_Videos/EditTTrafficSafety_09_Videos.aspx?TTrafficSafety_09_Videos=<key><cv><c>Id</c><v>12</v></cv></key>|huyenhs|Truy cập trang:Sửa  Videos
9/22/2015 3:36:06 PM | ::1 | huyen | http://it.mt.gov.vn/dctquantri/tTrafficSafety_08_TinTuc/AddTTrafficSafety_08_TinTuc.aspx|huyenhs|Truy cập trang:Thêm Tin tức
9/22/2015 3:36:11 PM | ::1 | huyen | http://it.mt.gov.vn/dctquantri/tTrafficSafety_09_Videos/ShowTTrafficSafety_09_VideosTable.aspx|huyenhs|Truy cập trang:Xem danh sách  Videos
9/22/2015 3:36:15 PM | ::1 | huyen | http://it.mt.gov.vn/dctquantri/tTrafficSafety_09_Videos/EditTTrafficSafety_09_Videos.aspx?TTrafficSafety_09_Videos=<key><cv><c>Id</c><v>12</v></cv></key>|huyenhs|Truy cập trang:Sửa  Videos
9/22/2015 3:36:35 PM | ::1 | huyen | http://it.mt.gov.vn/dctquantri/tTrafficSafety_09_Videos/EditTTrafficSafety_09_Videos.aspx?TTrafficSafety_09_Videos=<key><cv><c>Id</c><v>12</v></cv></key>|huyenhs|Truy cập trang:Sửa  Videos
9/22/2015 3:36:44 PM | ::1 | huyen | http://it.mt.gov.vn/dctquantri/tTrafficSafety_09_Videos/EditTTrafficSafety_09_Videos.aspx?TTrafficSafety_09_Videos=<key><cv><c>Id</c><v>12</v></cv></key>|huyenhs|Truy cập trang:Sửa  Videos
9/22/2015 3:36:52 PM | ::1 | huyen | http://it.mt.gov.vn/dctquantri/tTrafficSafety_09_Videos/EditTTrafficSafety_09_Videos.aspx?TTrafficSafety_09_Videos=<key><cv><c>Id</c><v>12</v></cv></key>|huyenhs|Truy cập trang:Sửa  Videos
9/22/2015 3:37:12 PM | ::1 | huyen | http://it.mt.gov.vn/dctquantri/tTrafficSafety_09_Videos/EditTTrafficSafety_09_Videos.aspx?TTrafficSafety_09_Videos=<key><cv><c>Id</c><v>12</v></cv></key>|huyenhs|Truy cập trang:Sửa  Videos
9/22/2015 3:41:00 PM | ::1 | huyen | http://it.mt.gov.vn/dctquantri/tTrafficSafety_09_Videos/AddTTrafficSafety_09_Videos.aspx|huyenhs|Truy cập trang:Thêm Videos
9/22/2015 3:41:08 PM | ::1 | huyen | http://it.mt.gov.vn/dctquantri/tTrafficSafety_09_Videos/ShowTTrafficSafety_09_VideosTable.aspx|huyenhs|Truy cập trang:Xem danh sách  Videos
9/22/2015 3:41:12 PM | ::1 | huyen | http://it.mt.gov.vn/dctquantri/tTrafficSafety_09_Videos/EditTTrafficSafety_09_Videos.aspx?TTrafficSafety_09_Videos=<key><cv><c>Id</c><v>12</v></cv></key>|huyenhs|Truy cập trang:Sửa  Videos
9/22/2015 3:41:41 PM | ::1 | huyen | http://it.mt.gov.vn/dctquantri/tTrafficSafety_09_Videos/ShowTTrafficSafety_09_VideosTable.aspx|huyenhs|Truy cập trang:Xem danh sách  Videos
9/22/2015 3:47:21 PM | ::1 | huyen | http://it.mt.gov.vn/dctquantri/tTrafficSafety_09_Videos/ShowTTrafficSafety_09_VideosTable.aspx|huyenhs|Truy cập trang:Xem danh sách  Videos
9/22/2015 3:47:26 PM | ::1 | huyen | http://it.mt.gov.vn/dctquantri/tTrafficSafety_09_Videos/EditTTrafficSafety_09_Videos.aspx?TTrafficSafety_09_Videos=<key><cv><c>Id</c><v>12</v></cv></key>|huyenhs|Truy cập trang:Sửa  Videos
9/22/2015 3:47:31 PM | ::1 | huyen | http://it.mt.gov.vn/dctquantri/tTrafficSafety_09_Videos/ShowTTrafficSafety_09_VideosTable.aspx|huyenhs|Truy cập trang:Xem danh sách  Videos
9/22/2015 3:47:38 PM | ::1 | huyen | http://it.mt.gov.vn/dctquantri/tTrafficSafety_09_Videos/EditTTrafficSafety_09_Videos.aspx?TTrafficSafety_09_Videos=<key><cv><c>Id</c><v>12</v></cv></key>|huyenhs|Truy cập trang:Sửa  Videos
9/22/2015 3:48:16 PM | ::1 | huyen | http://it.mt.gov.vn/dctquantri/tTrafficSafety_09_Videos/ShowTTrafficSafety_09_VideosTable.aspx|huyenhs|Truy cập trang:Xem danh sách  Videos
9/22/2015 3:48:35 PM | ::1 | huyen | http://it.mt.gov.vn/dctquantri/tTrafficSafety_10_BinhLuan/ShowTTrafficSafety_10_BinhLuanTable.aspx|huyenhs|Truy cập trang:Xem danh sách  Bình luận của độc giả
9/22/2015 3:55:58 PM | ::1 | huyen | http://it.mt.gov.vn/dctquantri/tTrafficSafety_10_BinhLuan/ShowTTrafficSafety_10_BinhLuanTable.aspx|huyenhs|Truy cập trang:Xem danh sách  Bình luận của độc giả
9/22/2015 3:56:06 PM | ::1 | huyen | http://it.mt.gov.vn/dctquantri/tTrafficSafety_10_BinhLuan/ShowTTrafficSafety_10_BinhLuanTable.aspx|huyenhs|Truy cập trang:Xem danh sách  Bình luận của độc giả
9/22/2015 3:56:24 PM | ::1 | huyen | http://it.mt.gov.vn/dctquantri/tTrafficSafety_10_BinhLuan/ShowTTrafficSafety_10_BinhLuanTable.aspx|huyenhs|Truy cập trang:Xem danh sách  Bình luận của độc giả
9/22/2015 3:56:31 PM | ::1 | huyen | http://it.mt.gov.vn/dctquantri/tSa05_DonVi/ShowTSa05_DonViTable.aspx|huyenhs|Truy cập trang:Xem danh sách  Đơn vị
9/22/2015 3:56:38 PM | ::1 | huyen | http://it.mt.gov.vn/dctquantri/tSa05_DonVi/AddTSa05_DonVi.aspx|huyenhs|Truy cập trang:Thêm Đơn vị
9/22/2015 3:56:44 PM | ::1 | huyen | http://it.mt.gov.vn/dctquantri/tSa04_ChucVu/ShowTSa04_ChucVuTable.aspx|huyenhs|Truy cập trang:Xem danh sách  Chức vụ
9/22/2015 3:56:46 PM | ::1 | huyen | http://it.mt.gov.vn/dctquantri/tSa04_ChucVu/AddTSa04_ChucVu.aspx|huyenhs|Truy cập trang:Thêm Chức vụ
9/22/2015 3:56:55 PM | ::1 | huyen | http://it.mt.gov.vn/dctquantri/tTrafficSafety_25_KhachHangQuangCao/ShowTTrafficSafety_25_KhachHangQuangCaoTable.aspx|huyenhs|Truy cập trang:Xem danh sách khách hàng quảng cáo
9/22/2015 3:56:58 PM | ::1 | huyen | http://it.mt.gov.vn/dctquantri/tTrafficSafety_25_KhachHangQuangCao/AddTTrafficSafety_25_KhachHangQuangCao.aspx|huyenhs|Truy cập trang:Thêm khách hàng quảng cáo
9/22/2015 3:57:02 PM | ::1 | huyen | http://it.mt.gov.vn/dctquantri/tTrafficSafety_25_KhachHangQuangCao/ShowTTrafficSafety_25_KhachHangQuangCaoTable.aspx|huyenhs|Truy cập trang:Xem danh sách khách hàng quảng cáo
9/22/2015 3:57:04 PM | ::1 | huyen | http://it.mt.gov.vn/dctquantri/tTrafficSafety_25_KhachHangQuangCao/EditTTrafficSafety_25_KhachHangQuangCao.aspx?TTrafficSafety_25_KhachHangQuangCao=<key><cv><c>Id</c><v>1</v></cv></key>|huyenhs|Truy cập trang:Sửa khách hàng quảng cáo
9/22/2015 3:57:09 PM | ::1 | huyen | http://it.mt.gov.vn/dctquantri/tTrafficSafety_26_QuangCao/ShowTTrafficSafety_26_QuangCaoTable.aspx|huyenhs|Truy cập trang:Xem danh sách quảng cáo
9/22/2015 3:57:11 PM | ::1 | huyen | http://it.mt.gov.vn/dctquantri/tTrafficSafety_26_QuangCao/AddTTrafficSafety_26_QuangCao.aspx|huyenhs|Truy cập trang:Thêm quảng cáo
9/22/2015 4:02:38 PM | ::1 | huyen | http://it.mt.gov.vn/dctquantri/tTrafficSafety_26_QuangCao/AddTTrafficSafety_26_QuangCao.aspx|huyenhs|Truy cập trang:Thêm quảng cáo
9/22/2015 4:04:47 PM | ::1 | huyen | http://it.mt.gov.vn/dctquantri/tTrafficSafety_26_QuangCao/AddTTrafficSafety_26_QuangCao.aspx|huyenhs|Truy cập trang:Thêm quảng cáo
9/22/2015 4:08:34 PM | ::1 | huyen | http://it.mt.gov.vn/dctquantri/tTrafficSafety_26_QuangCao/AddTTrafficSafety_26_QuangCao.aspx|huyenhs|Truy cập trang:Thêm quảng cáo
9/22/2015 4:12:06 PM | ::1 | huyen | http://it.mt.gov.vn/dctquantri/tTrafficSafety_26_QuangCao/AddTTrafficSafety_26_QuangCao.aspx|huyenhs|Truy cập trang:Thêm quảng cáo
9/22/2015 4:31:53 PM | ::1 | huyen | http://it.mt.gov.vn/dctquantri/tTrafficSafety_26_QuangCao/AddTTrafficSafety_26_QuangCao.aspx|huyenhs|Truy cập trang:Thêm quảng cáo
9/22/2015 4:31:58 PM | ::1 | huyen | http://it.mt.gov.vn/dctquantri/tTrafficSafety_26_QuangCao/AddTTrafficSafety_26_QuangCao.aspx|huyenhs|Truy cập trang:Thêm quảng cáo
9/22/2015 4:34:15 PM | ::1 | huyen | http://it.mt.gov.vn/dctquantri/tTrafficSafety_26_QuangCao/AddTTrafficSafety_26_QuangCao.aspx|huyenhs|Truy cập trang:Thêm quảng cáo
9/22/2015 4:39:55 PM | ::1 | huyen | http://it.mt.gov.vn/dctquantri/tTrafficSafety_26_QuangCao/AddTTrafficSafety_26_QuangCao.aspx|huyenhs|Truy cập trang:Thêm quảng cáo
9/22/2015 4:41:00 PM | ::1 | huyen | http://it.mt.gov.vn/dctquantri/tTrafficSafety_26_QuangCao/ShowTTrafficSafety_26_QuangCaoTable.aspx|huyenhs|Truy cập trang:Xem danh sách quảng cáo
9/22/2015 4:41:02 PM | ::1 | huyen | http://it.mt.gov.vn/dctquantri/tTrafficSafety_26_QuangCao/AddTTrafficSafety_26_QuangCao.aspx|huyenhs|Truy cập trang:Thêm quảng cáo
9/22/2015 4:42:18 PM | ::1 | huyen | http://it.mt.gov.vn/dctquantri/tTrafficSafety_26_QuangCao/AddTTrafficSafety_26_QuangCao.aspx|huyenhs|Truy cập trang:Thêm quảng cáo
9/22/2015 6:54:45 PM | ::1 | huyen | http://it.mt.gov.vn/dctquantri/tTrafficSafety_26_QuangCao/AddTTrafficSafety_26_QuangCao.aspx|huyenhs|Truy cập trang:Thêm quảng cáo
9/22/2015 6:56:36 PM | ::1 | huyen | http://it.mt.gov.vn/dctquantri/tTrafficSafety_26_QuangCao/AddTTrafficSafety_26_QuangCao.aspx|huyenhs|Truy cập trang:Thêm quảng cáo
9/22/2015 6:58:23 PM | ::1 | huyen | http://it.mt.gov.vn/dctquantri/tTrafficSafety_26_QuangCao/AddTTrafficSafety_26_QuangCao.aspx|huyenhs|Truy cập trang:Thêm quảng cáo
9/22/2015 6:59:50 PM | ::1 | huyen | http://it.mt.gov.vn/dctquantri/tTrafficSafety_26_QuangCao/AddTTrafficSafety_26_QuangCao.aspx|huyenhs|Truy cập trang:Thêm quảng cáo
9/22/2015 7:03:26 PM | ::1 | huyen | http://it.mt.gov.vn/dctquantri/tTrafficSafety_26_QuangCao/AddTTrafficSafety_26_QuangCao.aspx|huyenhs|Truy cập trang:Thêm quảng cáo
9/22/2015 7:03:37 PM | ::1 | huyen | http://it.mt.gov.vn/dctquantri/tTrafficSafety_26_QuangCao/ShowTTrafficSafety_26_QuangCaoTable.aspx|huyenhs|Truy cập trang:Xem danh sách quảng cáo
9/22/2015 7:03:47 PM | ::1 | huyen | http://it.mt.gov.vn/dctquantri/tTrafficSafety_26_QuangCao/AddTTrafficSafety_26_QuangCao.aspx|huyenhs|Truy cập trang:Thêm quảng cáo
9/22/2015 7:07:55 PM | ::1 | huyen | http://it.mt.gov.vn/dctquantri/tTrafficSafety_26_QuangCao/AddTTrafficSafety_26_QuangCao.aspx|huyenhs|Truy cập trang:Thêm quảng cáo
9/22/2015 7:09:38 PM | ::1 | huyen | http://it.mt.gov.vn/dctquantri/tTrafficSafety_26_QuangCao/AddTTrafficSafety_26_QuangCao.aspx|huyenhs|Truy cập trang:Thêm quảng cáo
9/22/2015 7:11:25 PM | ::1 | huyen | http://it.mt.gov.vn/dctquantri/tTrafficSafety_26_QuangCao/ShowTTrafficSafety_26_QuangCaoTable.aspx|huyenhs|Truy cập trang:Xem danh sách quảng cáo
9/22/2015 7:11:27 PM | ::1 | huyen | http://it.mt.gov.vn/dctquantri/tTrafficSafety_26_QuangCao/AddTTrafficSafety_26_QuangCao.aspx|huyenhs|Truy cập trang:Thêm quảng cáo
9/22/2015 7:11:38 PM | ::1 | huyen | http://it.mt.gov.vn/dctquantri/tTrafficSafety_26_QuangCao/ShowTTrafficSafety_26_QuangCaoTable.aspx|huyenhs|Truy cập trang:Xem danh sách quảng cáo
9/22/2015 7:11:40 PM | ::1 | huyen | http://it.mt.gov.vn/dctquantri/tTrafficSafety_26_QuangCao/EditTTrafficSafety_26_QuangCao.aspx?TTrafficSafety_26_QuangCao=<key><cv><c>Id</c><v>1</v></cv></key>|huyenhs|Truy cập trang:Sửa quảng cáo
9/22/2015 7:15:10 PM | ::1 | huyen | http://it.mt.gov.vn/dctquantri/tTrafficSafety_26_QuangCao/EditTTrafficSafety_26_QuangCao.aspx?TTrafficSafety_26_QuangCao=<key><cv><c>Id</c><v>1</v></cv></key>|huyenhs|Truy cập trang:Sửa quảng cáo
9/22/2015 7:15:43 PM | ::1 | huyen | http://it.mt.gov.vn/dctquantri/tTrafficSafety_26_QuangCao/AddTTrafficSafety_26_QuangCao.aspx|huyenhs|Truy cập trang:Thêm quảng cáo
9/22/2015 7:18:54 PM | ::1 | huyen | http://it.mt.gov.vn/dctquantri/tTrafficSafety_26_QuangCao/AddTTrafficSafety_26_QuangCao.aspx|huyenhs|Truy cập trang:Thêm quảng cáo
9/22/2015 7:23:25 PM | ::1 | huyen | http://it.mt.gov.vn/dctquantri/tTrafficSafety_26_QuangCao/AddTTrafficSafety_26_QuangCao.aspx|huyenhs|Truy cập trang:Thêm quảng cáo
9/22/2015 7:31:05 PM | ::1 | huyen | http://it.mt.gov.vn/dctquantri/DashBoard/DashBoard.aspx|huyenhs|Truy cập trang:Tổng quan
