9/21/2015 8:37:24 AM | ::1 | huyen | http://it.mt.gov.vn/dctquantri/DashBoard/QuanlyAnh.aspx|huyenhs|Truy cập trang:Quản lý ảnh
9/21/2015 8:45:33 AM | ::1 | huyen | http://it.mt.gov.vn/dctquantri/DashBoard/QuanlyAnh.aspx|huyenhs|Truy cập trang:Quản lý ảnh
9/21/2015 8:46:16 AM | ::1 | huyen | http://it.mt.gov.vn/dctquantri/DashBoard/QuanlyAnh.aspx|huyenhs|Truy cập trang:Quản lý ảnh
9/21/2015 8:48:29 AM | ::1 | huyen | http://it.mt.gov.vn/dctquantri/DashBoard/QuanlyAnh.aspx|huyenhs|Truy cập trang:Quản lý ảnh
9/21/2015 8:49:07 AM | ::1 | huyen | http://it.mt.gov.vn/dctquantri/DashBoard/QuanlyAnh.aspx|huyenhs|Truy cập trang:Quản lý ảnh
9/21/2015 8:49:34 AM | ::1 | huyen | http://it.mt.gov.vn/dctquantri/DashBoard/QuanlyAnh.aspx|huyenhs|Truy cập trang:Quản lý ảnh
9/21/2015 8:49:43 AM | ::1 | huyen | http://it.mt.gov.vn/dctquantri/DashBoard/QuanlyAnh.aspx|huyenhs|Truy cập trang:Quản lý ảnh
9/21/2015 8:51:58 AM | ::1 | huyen | http://it.mt.gov.vn/dctquantri/DashBoard/QuanlyAnh.aspx|huyenhs|Truy cập trang:Quản lý ảnh
9/21/2015 8:53:10 AM | ::1 | huyen | http://it.mt.gov.vn/dctquantri/DashBoard/QuanlyAnh.aspx|huyenhs|Truy cập trang:Quản lý ảnh
9/21/2015 8:56:40 AM | ::1 | huyen | http://it.mt.gov.vn/dctquantri/DashBoard/QuanlyAnh.aspx|huyenhs|Truy cập trang:Quản lý ảnh
9/21/2015 8:58:08 AM | ::1 | huyen | http://it.mt.gov.vn/dctquantri/DashBoard/QuanlyAnh.aspx|huyenhs|Truy cập trang:Quản lý ảnh
9/21/2015 8:58:40 AM | ::1 | huyen | http://it.mt.gov.vn/dctquantri/DashBoard/QuanlyAnh.aspx|huyenhs|Truy cập trang:Quản lý ảnh
9/21/2015 8:58:55 AM | ::1 | huyen | http://it.mt.gov.vn/dctquantri/DashBoard/QuanlyAnh.aspx|huyenhs|Truy cập trang:Quản lý ảnh
9/21/2015 9:00:20 AM | ::1 | huyen | http://it.mt.gov.vn/dctquantri/DashBoard/QuanlyAnh.aspx|huyenhs|Truy cập trang:Quản lý ảnh
9/21/2015 9:01:41 AM | ::1 | huyen | http://it.mt.gov.vn/dctquantri/DashBoard/QuanlyAnh.aspx|huyenhs|Truy cập trang:Quản lý ảnh
9/21/2015 9:01:57 AM | ::1 | huyen | http://it.mt.gov.vn/dctquantri/DashBoard/QuanlyAnh.aspx|huyenhs|Truy cập trang:Quản lý ảnh
9/21/2015 9:04:12 AM | ::1 | huyen | http://it.mt.gov.vn/dctquantri/DashBoard/QuanlyAnh.aspx|huyenhs|Truy cập trang:Quản lý ảnh
9/21/2015 9:04:49 AM | ::1 | huyen | http://it.mt.gov.vn/dctquantri/DashBoard/QuanlyAnh.aspx|huyenhs|Truy cập trang:Quản lý ảnh
9/21/2015 9:10:48 AM | ::1 | huyen | http://it.mt.gov.vn/dctquantri/DashBoard/QuanlyAnh.aspx|huyenhs|Truy cập trang:Quản lý ảnh
9/21/2015 9:11:30 AM | ::1 | huyen | http://it.mt.gov.vn/dctquantri/DashBoard/QuanlyAnh.aspx|huyenhs|Truy cập trang:Quản lý ảnh
9/21/2015 9:12:39 AM | ::1 | huyen | http://it.mt.gov.vn/dctquantri/DashBoard/QuanlyAnh.aspx|huyenhs|Truy cập trang:Quản lý ảnh
9/21/2015 9:14:05 AM | ::1 | huyen | http://it.mt.gov.vn/dctquantri/DashBoard/QuanlyAnh.aspx|huyenhs|Truy cập trang:Quản lý ảnh
9/21/2015 9:15:07 AM | ::1 | huyen | http://it.mt.gov.vn/dctquantri/DashBoard/QuanlyAnh.aspx|huyenhs|Truy cập trang:Quản lý ảnh
9/21/2015 9:15:46 AM | ::1 | huyen | http://it.mt.gov.vn/dctquantri/DashBoard/QuanlyAnh.aspx|huyenhs|Truy cập trang:Quản lý ảnh
9/21/2015 9:16:23 AM | ::1 | huyen | http://it.mt.gov.vn/dctquantri/DashBoard/QuanlyAnh.aspx|huyenhs|Truy cập trang:Quản lý ảnh
9/21/2015 9:17:08 AM | ::1 | huyen | http://it.mt.gov.vn/dctquantri/DashBoard/QuanlyAnh.aspx|huyenhs|Truy cập trang:Quản lý ảnh
9/21/2015 9:17:51 AM | ::1 | huyen | http://it.mt.gov.vn/dctquantri/DashBoard/QuanlyAnh.aspx|huyenhs|Truy cập trang:Quản lý ảnh
9/21/2015 9:18:24 AM | ::1 | huyen | http://it.mt.gov.vn/dctquantri/DashBoard/QuanlyAnh.aspx|huyenhs|Truy cập trang:Quản lý ảnh
9/21/2015 9:18:55 AM | ::1 | huyen | http://it.mt.gov.vn/dctquantri/DashBoard/QuanlyAnh.aspx|huyenhs|Truy cập trang:Quản lý ảnh
9/21/2015 9:19:07 AM | ::1 | huyen | http://it.mt.gov.vn/dctquantri/DashBoard/QuanlyAnh.aspx|huyenhs|Truy cập trang:Quản lý ảnh
9/21/2015 9:28:51 AM | ::1 | huyen | http://it.mt.gov.vn/dctquantri/DashBoard/QuanlyAnh.aspx|huyenhs|Truy cập trang:Quản lý ảnh
9/21/2015 9:29:20 AM | ::1 | huyen | http://it.mt.gov.vn/dctquantri/DashBoard/QuanlyAnh.aspx|huyenhs|Truy cập trang:Quản lý ảnh
9/21/2015 9:29:48 AM | ::1 | huyen | http://it.mt.gov.vn/dctquantri/DashBoard/QuanlyAnh.aspx|huyenhs|Truy cập trang:Quản lý ảnh
9/21/2015 9:31:26 AM | ::1 | huyen | http://it.mt.gov.vn/dctquantri/DashBoard/QuanlyAnh.aspx|huyenhs|Truy cập trang:Quản lý ảnh
9/21/2015 9:31:58 AM | ::1 | huyen | http://it.mt.gov.vn/dctquantri/DashBoard/QuanlyAnh.aspx|huyenhs|Truy cập trang:Quản lý ảnh
9/21/2015 9:32:00 AM | ::1 | huyen | http://it.mt.gov.vn/dctquantri/DashBoard/QuanlyAnh.aspx|huyenhs|Truy cập trang:Quản lý ảnh
9/21/2015 9:32:24 AM | ::1 | huyen | http://it.mt.gov.vn/dctquantri/DashBoard/QuanlyAnh.aspx|huyenhs|Truy cập trang:Quản lý ảnh
9/21/2015 9:33:09 AM | ::1 | huyen | http://it.mt.gov.vn/dctquantri/DashBoard/QuanlyAnh.aspx|huyenhs|Truy cập trang:Quản lý ảnh
9/21/2015 9:33:43 AM | ::1 | huyen | http://it.mt.gov.vn/dctquantri/DashBoard/QuanlyAnh.aspx|huyenhs|Truy cập trang:Quản lý ảnh
9/21/2015 9:34:02 AM | ::1 | huyen | http://it.mt.gov.vn/dctquantri/DashBoard/QuanlyAnh.aspx|huyenhs|Truy cập trang:Quản lý ảnh
9/21/2015 9:34:52 AM | ::1 | huyen | http://it.mt.gov.vn/dctquantri/DashBoard/QuanlyAnh.aspx|huyenhs|Truy cập trang:Quản lý ảnh
9/21/2015 9:36:06 AM | ::1 | huyen | http://it.mt.gov.vn/dctquantri/DashBoard/QuanlyAnh.aspx|huyenhs|Truy cập trang:Quản lý ảnh
9/21/2015 9:40:39 AM | ::1 | huyen | http://it.mt.gov.vn/dctquantri/DashBoard/QuanlyAnh.aspx|huyenhs|Truy cập trang:Quản lý ảnh
9/21/2015 9:44:11 AM | ::1 | huyen | http://it.mt.gov.vn/dctquantri/DashBoard/QuanlyAnh.aspx|huyenhs|Truy cập trang:Quản lý ảnh
9/21/2015 9:45:04 AM | ::1 | huyen | http://it.mt.gov.vn/dctquantri/DashBoard/QuanlyAnh.aspx|huyenhs|Truy cập trang:Quản lý ảnh
9/21/2015 9:49:31 AM | ::1 | huyen | http://it.mt.gov.vn/dctquantri/DashBoard/QuanlyAnh.aspx|huyenhs|Truy cập trang:Quản lý ảnh
9/21/2015 9:50:28 AM | ::1 | huyen | http://it.mt.gov.vn/dctquantri/DashBoard/QuanlyAnh.aspx|huyenhs|Truy cập trang:Quản lý ảnh
9/21/2015 9:51:21 AM | ::1 | huyen | http://it.mt.gov.vn/dctquantri/DashBoard/QuanlyAnh.aspx|huyenhs|Truy cập trang:Quản lý ảnh
9/21/2015 9:51:47 AM | ::1 | huyen | http://it.mt.gov.vn/dctquantri/DashBoard/QuanlyAnh.aspx|huyenhs|Truy cập trang:Quản lý ảnh
9/21/2015 9:52:24 AM | ::1 | huyen | http://it.mt.gov.vn/dctquantri/DashBoard/QuanlyAnh.aspx|huyenhs|Truy cập trang:Quản lý ảnh
9/21/2015 9:52:52 AM | ::1 | huyen | http://it.mt.gov.vn/dctquantri/DashBoard/QuanlyAnh.aspx|huyenhs|Truy cập trang:Quản lý ảnh
9/21/2015 9:53:49 AM | ::1 | huyen | http://it.mt.gov.vn/dctquantri/DashBoard/QuanlyAnh.aspx|huyenhs|Truy cập trang:Quản lý ảnh
9/21/2015 9:54:18 AM | ::1 | huyen | http://it.mt.gov.vn/dctquantri/DashBoard/QuanlyAnh.aspx|huyenhs|Truy cập trang:Quản lý ảnh
9/21/2015 9:56:13 AM | ::1 | huyen | http://it.mt.gov.vn/dctquantri/DashBoard/QuanlyAnh.aspx|huyenhs|Truy cập trang:Quản lý ảnh
9/21/2015 9:56:32 AM | ::1 | huyen | http://it.mt.gov.vn/dctquantri/DashBoard/QuanlyAnh.aspx|huyenhs|Truy cập trang:Quản lý ảnh
9/21/2015 9:57:04 AM | ::1 | huyen | http://it.mt.gov.vn/dctquantri/DashBoard/QuanlyAnh.aspx|huyenhs|Truy cập trang:Quản lý ảnh
9/21/2015 9:57:25 AM | ::1 | huyen | http://it.mt.gov.vn/dctquantri/DashBoard/QuanlyAnh.aspx|huyenhs|Truy cập trang:Quản lý ảnh
9/21/2015 9:57:57 AM | ::1 | huyen | http://it.mt.gov.vn/dctquantri/DashBoard/QuanlyAnh.aspx|huyenhs|Truy cập trang:Quản lý ảnh
9/21/2015 9:58:23 AM | ::1 | huyen | http://it.mt.gov.vn/dctquantri/DashBoard/QuanlyAnh.aspx|huyenhs|Truy cập trang:Quản lý ảnh
9/21/2015 9:58:39 AM | ::1 | huyen | http://it.mt.gov.vn/dctquantri/DashBoard/QuanlyAnh.aspx|huyenhs|Truy cập trang:Quản lý ảnh
9/21/2015 9:59:06 AM | ::1 | huyen | http://it.mt.gov.vn/dctquantri/DashBoard/QuanlyAnh.aspx|huyenhs|Truy cập trang:Quản lý ảnh
9/21/2015 9:59:48 AM | ::1 | huyen | http://it.mt.gov.vn/dctquantri/DashBoard/QuanlyAnh.aspx|huyenhs|Truy cập trang:Quản lý ảnh
9/21/2015 10:03:55 AM | ::1 | huyen | http://it.mt.gov.vn/dctquantri/DashBoard/QuanlyAnh.aspx|huyenhs|Truy cập trang:Quản lý ảnh
9/21/2015 10:09:51 AM | ::1 | huyen | http://it.mt.gov.vn/dctquantri/DashBoard/QuanlyAnh.aspx|huyenhs|Truy cập trang:Quản lý ảnh
9/21/2015 10:12:44 AM | ::1 | huyen | http://it.mt.gov.vn/dctquantri/DashBoard/QuanlyAnh.aspx|huyenhs|Truy cập trang:Quản lý ảnh
9/21/2015 10:13:16 AM | ::1 | huyen | http://it.mt.gov.vn/dctquantri/DashBoard/QuanlyAnh.aspx|huyenhs|Truy cập trang:Quản lý ảnh
9/21/2015 10:13:47 AM | ::1 | huyen | http://it.mt.gov.vn/dctquantri/DashBoard/QuanlyAnh.aspx|huyenhs|Truy cập trang:Quản lý ảnh
9/21/2015 10:15:42 AM | ::1 | huyen | http://it.mt.gov.vn/dctquantri/DashBoard/QuanlyAnh.aspx|huyenhs|Truy cập trang:Quản lý ảnh
9/21/2015 10:21:51 AM | ::1 | huyen | http://it.mt.gov.vn/dctquantri/DashBoard/QuanlyAnh.aspx|huyenhs|Truy cập trang:Quản lý ảnh
9/21/2015 10:23:03 AM | ::1 | huyen | http://it.mt.gov.vn/dctquantri/DashBoard/QuanlyAnh.aspx|huyenhs|Truy cập trang:Quản lý ảnh
9/21/2015 10:23:11 AM | ::1 | huyen | http://it.mt.gov.vn/dctquantri/DashBoard/QuanlyAnh.aspx|huyenhs|Truy cập trang:Quản lý ảnh
9/21/2015 10:23:18 AM | ::1 | huyen | http://it.mt.gov.vn/dctquantri/DashBoard/QuanlyAnh.aspx|huyenhs|Truy cập trang:Quản lý ảnh
9/21/2015 10:23:37 AM | ::1 | huyen | http://it.mt.gov.vn/dctquantri/DashBoard/QuanlyAnh.aspx|huyenhs|Truy cập trang:Quản lý ảnh
9/21/2015 10:30:29 AM | ::1 | huyen | http://it.mt.gov.vn/dctquantri/DashBoard/QuanlyAnh.aspx|huyenhs|Truy cập trang:Quản lý ảnh
9/21/2015 10:33:07 AM | ::1 | huyen | http://it.mt.gov.vn/dctquantri/DashBoard/QuanlyAnh.aspx|huyenhs|Truy cập trang:Quản lý ảnh
9/21/2015 10:34:52 AM | ::1 | huyen | http://it.mt.gov.vn/dctquantri/DashBoard/QuanlyAnh.aspx|huyenhs|Truy cập trang:Quản lý ảnh
9/21/2015 10:35:41 AM | ::1 | huyen | http://it.mt.gov.vn/dctquantri/DashBoard/QuanlyAnh.aspx|huyenhs|Truy cập trang:Quản lý ảnh
9/21/2015 10:36:03 AM | ::1 | huyen | http://it.mt.gov.vn/dctquantri/DashBoard/QuanlyAnh.aspx|huyenhs|Truy cập trang:Quản lý ảnh
9/21/2015 10:37:22 AM | ::1 | huyen | http://it.mt.gov.vn/dctquantri/DashBoard/QuanlyAnh.aspx|huyenhs|Truy cập trang:Quản lý ảnh
9/21/2015 10:43:09 AM | ::1 | huyen | http://it.mt.gov.vn/dctquantri/DashBoard/QuanlyAnh.aspx?id=http://it.mt.gov.vn/dctquantri/_SHARED_FILES/images/DEN_DO|huyenhs|Truy cập trang:Quản lý ảnh
9/21/2015 10:43:48 AM | ::1 | huyen | http://it.mt.gov.vn/dctquantri/DashBoard/QuanlyAnh.aspx?id=http://it.mt.gov.vn/dctquantri/_SHARED_FILES/images/HANH_TRINH_KHONG_BIA_RUOU/HOAT_DONG_KIEM_SOAT/HDKS_2015/HDKS_T_9|huyenhs|Truy cập trang:Quản lý ảnh
9/21/2015 10:44:32 AM | ::1 | huyen | http://it.mt.gov.vn/dctquantri/DashBoard/QuanlyAnh.aspx|huyenhs|Truy cập trang:Quản lý ảnh
9/21/2015 10:44:40 AM | ::1 | huyen | http://it.mt.gov.vn/dctquantri/DashBoard/QuanlyAnh.aspx?id=http://it.mt.gov.vn/dctquantri/_SHARED_FILES/images/HANH_TRINH_KHONG_BIA_RUOU/BAN_CAN_BIET/BANCANBIET_2015/BANCANBIET_T_9/chuyen-vien-noi-vu-bi-phat-vov.jpg|huyenhs|Truy cập trang:Quản lý ảnh
9/21/2015 10:45:38 AM | ::1 | huyen | http://it.mt.gov.vn/dctquantri/DashBoard/QuanlyAnh.aspx|huyenhs|Truy cập trang:Quản lý ảnh
9/21/2015 10:54:00 AM | ::1 | huyen | http://it.mt.gov.vn/dctquantri/DashBoard/QuanlyAnh.aspx|huyenhs|Truy cập trang:Quản lý ảnh
9/21/2015 10:56:22 AM | ::1 | huyen | http://it.mt.gov.vn/dctquantri/DashBoard/QuanlyAnh.aspx|huyenhs|Truy cập trang:Quản lý ảnh
9/21/2015 10:57:45 AM | ::1 | huyen | http://it.mt.gov.vn/dctquantri/DashBoard/QuanlyAnh.aspx|huyenhs|Truy cập trang:Quản lý ảnh
9/21/2015 10:58:15 AM | ::1 | huyen | http://it.mt.gov.vn/dctquantri/DashBoard/QuanlyAnh.aspx|huyenhs|Truy cập trang:Quản lý ảnh
9/21/2015 10:58:16 AM | ::1 | huyen | http://it.mt.gov.vn/dctquantri/DashBoard/QuanlyAnh.aspx|huyenhs|Truy cập trang:Quản lý ảnh
9/21/2015 10:59:09 AM | ::1 | huyen | http://it.mt.gov.vn/dctquantri/DashBoard/QuanlyAnh.aspx|huyenhs|Truy cập trang:Quản lý ảnh
9/21/2015 11:00:34 AM | ::1 | huyen | http://it.mt.gov.vn/dctquantri/DashBoard/QuanlyAnh.aspx|huyenhs|Truy cập trang:Quản lý ảnh
9/21/2015 11:01:03 AM | ::1 | huyen | http://it.mt.gov.vn/dctquantri/DashBoard/QuanlyAnh.aspx|huyenhs|Truy cập trang:Quản lý ảnh
9/21/2015 11:01:35 AM | ::1 | huyen | http://it.mt.gov.vn/dctquantri/DashBoard/QuanlyAnh.aspx|huyenhs|Truy cập trang:Quản lý ảnh
9/21/2015 11:02:07 AM | ::1 | huyen | http://it.mt.gov.vn/dctquantri/DashBoard/QuanlyAnh.aspx|huyenhs|Truy cập trang:Quản lý ảnh
9/21/2015 11:02:59 AM | ::1 | huyen | http://it.mt.gov.vn/dctquantri/DashBoard/QuanlyAnh.aspx|huyenhs|Truy cập trang:Quản lý ảnh
9/21/2015 11:06:53 AM | ::1 | huyen | http://it.mt.gov.vn/dctquantri/DashBoard/QuanlyAnh.aspx|huyenhs|Truy cập trang:Quản lý ảnh
9/21/2015 11:07:10 AM | ::1 | huyen | http://it.mt.gov.vn/dctquantri/DashBoard/QuanlyAnh.aspx|huyenhs|Truy cập trang:Quản lý ảnh
9/21/2015 11:07:48 AM | ::1 | huyen | http://it.mt.gov.vn/dctquantri/DashBoard/QuanlyAnh.aspx|huyenhs|Truy cập trang:Quản lý ảnh
9/21/2015 11:08:46 AM | ::1 | huyen | http://it.mt.gov.vn/dctquantri/DashBoard/QuanlyAnh.aspx|huyenhs|Truy cập trang:Quản lý ảnh
9/21/2015 11:10:47 AM | ::1 | huyen | http://it.mt.gov.vn/dctquantri/DashBoard/QuanlyAnh.aspx|huyenhs|Truy cập trang:Quản lý ảnh
9/21/2015 11:11:03 AM | ::1 | huyen | http://it.mt.gov.vn/dctquantri/DashBoard/QuanlyAnh.aspx|huyenhs|Truy cập trang:Quản lý ảnh
9/21/2015 11:11:32 AM | ::1 | huyen | http://it.mt.gov.vn/dctquantri/DashBoard/QuanlyAnh.aspx|huyenhs|Truy cập trang:Quản lý ảnh
9/21/2015 11:12:53 AM | ::1 | huyen | http://it.mt.gov.vn/dctquantri/DashBoard/QuanlyAnh.aspx|huyenhs|Truy cập trang:Quản lý ảnh
9/21/2015 11:13:48 AM | ::1 | huyen | http://it.mt.gov.vn/dctquantri/DashBoard/QuanlyAnh.aspx|huyenhs|Truy cập trang:Quản lý ảnh
9/21/2015 11:15:38 AM | ::1 | huyen | http://it.mt.gov.vn/dctquantri/DashBoard/QuanlyAnh.aspx|huyenhs|Truy cập trang:Quản lý ảnh
9/21/2015 11:17:52 AM | ::1 | huyen | http://it.mt.gov.vn/dctquantri/DashBoard/QuanlyAnh.aspx|huyenhs|Truy cập trang:Quản lý ảnh
9/21/2015 11:20:03 AM | ::1 | huyen | http://it.mt.gov.vn/dctquantri/DashBoard/QuanlyAnh.aspx|huyenhs|Truy cập trang:Quản lý ảnh
9/21/2015 11:21:09 AM | ::1 | huyen | http://it.mt.gov.vn/dctquantri/DashBoard/QuanlyAnh.aspx|huyenhs|Truy cập trang:Quản lý ảnh
9/21/2015 11:23:05 AM | ::1 | huyen | http://it.mt.gov.vn/dctquantri/DashBoard/QuanlyAnh.aspx|huyenhs|Truy cập trang:Quản lý ảnh
9/21/2015 11:23:37 AM | ::1 | huyen | http://it.mt.gov.vn/dctquantri/DashBoard/QuanlyAnh.aspx|huyenhs|Truy cập trang:Quản lý ảnh
9/21/2015 11:24:25 AM | ::1 | huyen | http://it.mt.gov.vn/dctquantri/DashBoard/QuanlyAnh.aspx|huyenhs|Truy cập trang:Quản lý ảnh
9/21/2015 11:27:06 AM | ::1 | huyen | http://it.mt.gov.vn/dctquantri/DashBoard/QuanlyAnh.aspx|huyenhs|Truy cập trang:Quản lý ảnh
9/21/2015 11:29:00 AM | ::1 | huyen | http://it.mt.gov.vn/dctquantri/DashBoard/QuanlyAnh.aspx|huyenhs|Truy cập trang:Quản lý ảnh
9/21/2015 11:30:22 AM | ::1 | huyen | http://it.mt.gov.vn/dctquantri/DashBoard/QuanlyAnh.aspx|huyenhs|Truy cập trang:Quản lý ảnh
9/21/2015 11:30:54 AM | ::1 | huyen | http://it.mt.gov.vn/dctquantri/DashBoard/QuanlyAnh.aspx|huyenhs|Truy cập trang:Quản lý ảnh
9/21/2015 11:32:27 AM | ::1 | huyen | http://it.mt.gov.vn/dctquantri/DashBoard/QuanlyAnh.aspx|huyenhs|Truy cập trang:Quản lý ảnh
9/21/2015 11:32:45 AM | ::1 | huyen | http://it.mt.gov.vn/dctquantri/DashBoard/QuanlyAnh.aspx|huyenhs|Truy cập trang:Quản lý ảnh
9/21/2015 1:34:32 PM | ::1 | huyen | http://it.mt.gov.vn/dctquantri/DashBoard/QuanlyAnh.aspx|huyenhs|Truy cập trang:Quản lý ảnh
9/21/2015 1:35:26 PM | ::1 | huyen | http://it.mt.gov.vn/dctquantri/DashBoard/QuanlyAnh.aspx|huyenhs|Truy cập trang:Quản lý ảnh
9/21/2015 1:36:35 PM | ::1 | huyen | http://it.mt.gov.vn/dctquantri/DashBoard/QuanlyAnh.aspx|huyenhs|Truy cập trang:Quản lý ảnh
9/21/2015 1:36:42 PM | ::1 | huyen | http://it.mt.gov.vn/dctquantri/DashBoard/QuanlyAnh.aspx|huyenhs|Truy cập trang:Quản lý ảnh
9/21/2015 1:36:53 PM | ::1 | huyen | http://it.mt.gov.vn/dctquantri/DashBoard/QuanlyAnh.aspx|huyenhs|Truy cập trang:Quản lý ảnh
9/21/2015 1:36:56 PM | ::1 | huyen | http://it.mt.gov.vn/dctquantri/DashBoard/QuanlyAnh.aspx|huyenhs|Truy cập trang:Quản lý ảnh
9/21/2015 1:37:44 PM | ::1 | huyen | http://it.mt.gov.vn/dctquantri/DashBoard/QuanlyAnh.aspx|huyenhs|Truy cập trang:Quản lý ảnh
9/21/2015 1:39:08 PM | ::1 | huyen | http://it.mt.gov.vn/dctquantri/DashBoard/QuanlyAnh.aspx|huyenhs|Truy cập trang:Quản lý ảnh
9/21/2015 1:39:15 PM | ::1 | huyen | http://it.mt.gov.vn/dctquantri/DashBoard/QuanlyAnh.aspx|huyenhs|Truy cập trang:Quản lý ảnh
9/21/2015 1:39:56 PM | ::1 | huyen | http://it.mt.gov.vn/dctquantri/DashBoard/QuanlyAnh.aspx|huyenhs|Truy cập trang:Quản lý ảnh
9/21/2015 1:40:25 PM | ::1 | huyen | http://it.mt.gov.vn/dctquantri/DashBoard/QuanlyAnh.aspx|huyenhs|Truy cập trang:Quản lý ảnh
9/21/2015 1:42:35 PM | ::1 | huyen | http://it.mt.gov.vn/dctquantri/DashBoard/QuanlyAnh.aspx|huyenhs|Truy cập trang:Quản lý ảnh
9/21/2015 1:42:36 PM | ::1 | huyen | http://it.mt.gov.vn/dctquantri/DashBoard/QuanlyAnh.aspx|huyenhs|Truy cập trang:Quản lý ảnh
9/21/2015 1:43:56 PM | ::1 | huyen | http://it.mt.gov.vn/dctquantri/DashBoard/QuanlyAnh.aspx|huyenhs|Truy cập trang:Quản lý ảnh
9/21/2015 1:44:57 PM | ::1 | huyen | http://it.mt.gov.vn/dctquantri/DashBoard/QuanlyAnh.aspx|huyenhs|Truy cập trang:Quản lý ảnh
9/21/2015 1:45:29 PM | ::1 | huyen | http://it.mt.gov.vn/dctquantri/DashBoard/QuanlyAnh.aspx|huyenhs|Truy cập trang:Quản lý ảnh
9/21/2015 1:46:51 PM | ::1 | huyen | http://it.mt.gov.vn/dctquantri/DashBoard/QuanlyAnh.aspx|huyenhs|Truy cập trang:Quản lý ảnh
9/21/2015 1:47:52 PM | ::1 | huyen | http://it.mt.gov.vn/dctquantri/DashBoard/QuanlyAnh.aspx|huyenhs|Truy cập trang:Quản lý ảnh
9/21/2015 1:49:53 PM | ::1 | huyen | http://it.mt.gov.vn/dctquantri/DashBoard/QuanlyAnh.aspx|huyenhs|Truy cập trang:Quản lý ảnh
9/21/2015 1:52:44 PM | ::1 | huyen | http://it.mt.gov.vn/dctquantri/DashBoard/QuanlyAnh.aspx|huyenhs|Truy cập trang:Quản lý ảnh
9/21/2015 1:53:51 PM | ::1 | huyen | http://it.mt.gov.vn/dctquantri/DashBoard/QuanlyAnh.aspx|huyenhs|Truy cập trang:Quản lý ảnh
9/21/2015 1:54:22 PM | ::1 | huyen | http://it.mt.gov.vn/dctquantri/DashBoard/QuanlyAnh.aspx|huyenhs|Truy cập trang:Quản lý ảnh
9/21/2015 1:54:37 PM | ::1 | huyen | http://it.mt.gov.vn/dctquantri/DashBoard/QuanlyAnh.aspx|huyenhs|Truy cập trang:Quản lý ảnh
9/21/2015 1:54:45 PM | ::1 | huyen | http://it.mt.gov.vn/dctquantri/DashBoard/QuanlyAnh.aspx|huyenhs|Truy cập trang:Quản lý ảnh
9/21/2015 1:55:41 PM | ::1 | huyen | http://it.mt.gov.vn/dctquantri/DashBoard/QuanlyAnh.aspx|huyenhs|Truy cập trang:Quản lý ảnh
9/21/2015 1:56:27 PM | ::1 | huyen | http://it.mt.gov.vn/dctquantri/DashBoard/QuanlyAnh.aspx|huyenhs|Truy cập trang:Quản lý ảnh
9/21/2015 1:57:27 PM | ::1 | huyen | http://it.mt.gov.vn/dctquantri/DashBoard/QuanlyAnh.aspx|huyenhs|Truy cập trang:Quản lý ảnh
9/21/2015 1:57:51 PM | ::1 | huyen | http://it.mt.gov.vn/dctquantri/DashBoard/QuanlyAnh.aspx|huyenhs|Truy cập trang:Quản lý ảnh
9/21/2015 2:05:58 PM | ::1 | huyen | http://it.mt.gov.vn/dctquantri/DashBoard/QuanlyAnh.aspx|huyenhs|Truy cập trang:Quản lý ảnh
9/21/2015 2:08:42 PM | ::1 | huyen | http://it.mt.gov.vn/dctquantri/DashBoard/QuanlyAnh.aspx|huyenhs|Truy cập trang:Quản lý ảnh
9/21/2015 2:09:44 PM | ::1 | huyen | http://it.mt.gov.vn/dctquantri/DashBoard/QuanlyAnh.aspx|huyenhs|Truy cập trang:Quản lý ảnh
9/21/2015 2:12:46 PM | ::1 | huyen | http://it.mt.gov.vn/dctquantri/DashBoard/QuanlyAnh.aspx|huyenhs|Truy cập trang:Quản lý ảnh
9/21/2015 2:13:05 PM | ::1 | huyen | http://it.mt.gov.vn/dctquantri/DashBoard/QuanlyAnh.aspx|huyenhs|Truy cập trang:Quản lý ảnh
9/21/2015 2:13:06 PM | ::1 | huyen | http://it.mt.gov.vn/dctquantri/DashBoard/QuanlyAnh.aspx|huyenhs|Truy cập trang:Quản lý ảnh
9/21/2015 2:20:57 PM | ::1 | huyen | http://it.mt.gov.vn/dctquantri/DashBoard/QuanlyAnh.aspx|huyenhs|Truy cập trang:Quản lý ảnh
9/21/2015 2:22:09 PM | ::1 | huyen | http://it.mt.gov.vn/dctquantri/DashBoard/QuanlyAnh.aspx|huyenhs|Truy cập trang:Quản lý ảnh
9/21/2015 2:25:39 PM | ::1 | huyen | http://it.mt.gov.vn/dctquantri/DashBoard/QuanlyAnh.aspx|huyenhs|Truy cập trang:Quản lý ảnh
9/21/2015 2:26:24 PM | ::1 | huyen | http://it.mt.gov.vn/dctquantri/DashBoard/QuanlyAnh.aspx|huyenhs|Truy cập trang:Quản lý ảnh
9/21/2015 2:29:34 PM | ::1 | huyen | http://it.mt.gov.vn/dctquantri/DashBoard/QuanlyAnh.aspx|huyenhs|Truy cập trang:Quản lý ảnh
9/21/2015 2:29:52 PM | ::1 | huyen | http://it.mt.gov.vn/dctquantri/DashBoard/QuanlyAnh.aspx|huyenhs|Truy cập trang:Quản lý ảnh
9/21/2015 2:30:08 PM | ::1 | huyen | http://it.mt.gov.vn/dctquantri/DashBoard/QuanlyAnh.aspx|huyenhs|Truy cập trang:Quản lý ảnh
9/21/2015 2:30:47 PM | ::1 | huyen | http://it.mt.gov.vn/dctquantri/DashBoard/QuanlyAnh.aspx|huyenhs|Truy cập trang:Quản lý ảnh
9/21/2015 2:31:36 PM | ::1 | huyen | http://it.mt.gov.vn/dctquantri/DashBoard/QuanlyAnh.aspx|huyenhs|Truy cập trang:Quản lý ảnh
9/21/2015 2:31:56 PM | ::1 | huyen | http://it.mt.gov.vn/dctquantri/DashBoard/QuanlyAnh.aspx|huyenhs|Truy cập trang:Quản lý ảnh
9/21/2015 2:32:33 PM | ::1 | huyen | http://it.mt.gov.vn/dctquantri/DashBoard/QuanlyAnh.aspx|huyenhs|Truy cập trang:Quản lý ảnh
9/21/2015 2:33:29 PM | ::1 | huyen | http://it.mt.gov.vn/dctquantri/DashBoard/QuanlyAnh.aspx|huyenhs|Truy cập trang:Quản lý ảnh
9/21/2015 2:34:56 PM | ::1 | huyen | http://it.mt.gov.vn/dctquantri/DashBoard/QuanlyAnh.aspx|huyenhs|Truy cập trang:Quản lý ảnh
9/21/2015 2:35:38 PM | ::1 | huyen | http://it.mt.gov.vn/dctquantri/DashBoard/QuanlyAnh.aspx|huyenhs|Truy cập trang:Quản lý ảnh
9/21/2015 2:36:50 PM | ::1 | huyen | http://it.mt.gov.vn/dctquantri/DashBoard/QuanlyAnh.aspx|huyenhs|Truy cập trang:Quản lý ảnh
9/21/2015 2:37:40 PM | ::1 | huyen | http://it.mt.gov.vn/dctquantri/DashBoard/QuanlyAnh.aspx|huyenhs|Truy cập trang:Quản lý ảnh
9/21/2015 2:38:52 PM | ::1 | huyen | http://it.mt.gov.vn/dctquantri/DashBoard/QuanlyAnh.aspx|huyenhs|Truy cập trang:Quản lý ảnh
9/21/2015 2:39:14 PM | ::1 | huyen | http://it.mt.gov.vn/dctquantri/DashBoard/QuanlyAnh.aspx|huyenhs|Truy cập trang:Quản lý ảnh
9/21/2015 2:39:29 PM | ::1 | huyen | http://it.mt.gov.vn/dctquantri/DashBoard/QuanlyAnh.aspx|huyenhs|Truy cập trang:Quản lý ảnh
9/21/2015 2:39:54 PM | ::1 | huyen | http://it.mt.gov.vn/dctquantri/DashBoard/QuanlyAnh.aspx|huyenhs|Truy cập trang:Quản lý ảnh
9/21/2015 2:40:50 PM | ::1 | huyen | http://it.mt.gov.vn/dctquantri/DashBoard/QuanlyAnh.aspx|huyenhs|Truy cập trang:Quản lý ảnh
9/21/2015 2:41:51 PM | ::1 | huyen | http://it.mt.gov.vn/dctquantri/DashBoard/QuanlyAnh.aspx|huyenhs|Truy cập trang:Quản lý ảnh
9/21/2015 2:42:11 PM | ::1 | huyen | http://it.mt.gov.vn/dctquantri/DashBoard/QuanlyAnh.aspx|huyenhs|Truy cập trang:Quản lý ảnh
9/21/2015 2:43:11 PM | ::1 | huyen | http://it.mt.gov.vn/dctquantri/DashBoard/QuanlyAnh.aspx|huyenhs|Truy cập trang:Quản lý ảnh
9/21/2015 2:44:58 PM | ::1 | huyen | http://it.mt.gov.vn/dctquantri/DashBoard/QuanlyAnh.aspx|huyenhs|Truy cập trang:Quản lý ảnh
9/21/2015 2:46:11 PM | ::1 | huyen | http://it.mt.gov.vn/dctquantri/DashBoard/QuanlyAnh.aspx|huyenhs|Truy cập trang:Quản lý ảnh
9/21/2015 2:48:59 PM | ::1 | huyen | http://it.mt.gov.vn/dctquantri/DashBoard/QuanlyAnh.aspx|huyenhs|Truy cập trang:Quản lý ảnh
9/21/2015 2:49:05 PM | ::1 | huyen | http://it.mt.gov.vn/dctquantri/DashBoard/QuanlyAnh.aspx|huyenhs|Truy cập trang:Quản lý ảnh
9/21/2015 2:49:07 PM | ::1 | huyen | http://it.mt.gov.vn/dctquantri/DashBoard/QuanlyAnh.aspx|huyenhs|Truy cập trang:Quản lý ảnh
9/21/2015 2:49:37 PM | ::1 | huyen | http://it.mt.gov.vn/dctquantri/DashBoard/QuanlyAnh.aspx|huyenhs|Truy cập trang:Quản lý ảnh
9/21/2015 2:59:34 PM | ::1 | huyen | http://it.mt.gov.vn/dctquantri/DashBoard/QuanlyAnh.aspx|huyenhs|Truy cập trang:Quản lý ảnh
9/21/2015 2:59:58 PM | ::1 | huyen | http://it.mt.gov.vn/dctquantri/DashBoard/QuanlyAnh.aspx|huyenhs|Truy cập trang:Quản lý ảnh
9/21/2015 3:01:22 PM | ::1 | huyen | http://it.mt.gov.vn/dctquantri/DashBoard/QuanlyAnh.aspx|huyenhs|Truy cập trang:Quản lý ảnh
9/21/2015 3:02:26 PM | ::1 | huyen | http://it.mt.gov.vn/dctquantri/DashBoard/QuanlyAnh.aspx|huyenhs|Truy cập trang:Quản lý ảnh
9/21/2015 3:05:07 PM | ::1 | huyen | http://it.mt.gov.vn/dctquantri/DashBoard/QuanlyAnh.aspx|huyenhs|Truy cập trang:Quản lý ảnh
9/21/2015 3:05:10 PM | ::1 | huyen | http://it.mt.gov.vn/dctquantri/DashBoard/QuanlyAnh.aspx?action=insert|huyenhs|Truy cập trang:Quản lý ảnh
9/21/2015 3:05:15 PM | ::1 | huyen | http://it.mt.gov.vn/dctquantri/DashBoard/QuanlyAnh.aspx?action=insert|huyenhs|Truy cập trang:Quản lý ảnh
9/21/2015 3:06:17 PM | ::1 | huyen | http://it.mt.gov.vn/dctquantri/DashBoard/QuanlyAnh.aspx?action=insert|huyenhs|Truy cập trang:Quản lý ảnh
9/21/2015 3:06:21 PM | ::1 | huyen | http://it.mt.gov.vn/dctquantri/DashBoard/QuanlyAnh.aspx?action=insert&id=undefined|huyenhs|Truy cập trang:Quản lý ảnh
9/21/2015 3:06:40 PM | ::1 | huyen | http://it.mt.gov.vn/dctquantri/DashBoard/QuanlyAnh.aspx?action=insert&id=undefined|huyenhs|Truy cập trang:Quản lý ảnh
9/21/2015 3:06:49 PM | ::1 | huyen | http://it.mt.gov.vn/dctquantri/DashBoard/QuanlyAnh.aspx?action=insert&id=javascript:__doPostBack('ctl00$PageContent$ctl01$PictureTree','shttp://it.mt.gov.vn/dctquantri/_SHARED_FILES/images/\\http://it.mt.gov.vn/dctquantri/_SHARED_FILES/images/ANH_VIDEOS/')|huyenhs|Truy cập trang:Quản lý ảnh
9/21/2015 3:08:11 PM | ::1 | huyen | http://it.mt.gov.vn/dctquantri/DashBoard/QuanlyAnh.aspx?action=insert&id=javascript:__doPostBack('ctl00$PageContent$ctl01$PictureTree','shttp://it.mt.gov.vn/dctquantri/_SHARED_FILES/images/\\http://it.mt.gov.vn/dctquantri/_SHARED_FILES/images/ANH_VIDEOS/')|huyenhs|Truy cập trang:Quản lý ảnh
9/21/2015 3:10:14 PM | ::1 | huyen | http://it.mt.gov.vn/dctquantri/DashBoard/QuanlyAnh.aspx?action=insert&id=javascript:__doPostBack('ctl00$PageContent$ctl01$PictureTree','shttp://it.mt.gov.vn/dctquantri/_SHARED_FILES/images/\\http://it.mt.gov.vn/dctquantri/_SHARED_FILES/images/ANH_VIDEOS/')|huyenhs|Truy cập trang:Quản lý ảnh
9/21/2015 3:10:51 PM | ::1 | huyen | http://it.mt.gov.vn/dctquantri/DashBoard/QuanlyAnh.aspx?action=insert&id=javascript:__doPostBack('ctl00$PageContent$ctl01$PictureTree','shttp://it.mt.gov.vn/dctquantri/_SHARED_FILES/images/\\http://it.mt.gov.vn/dctquantri/_SHARED_FILES/images/ANH_VIDEOS/')|huyenhs|Truy cập trang:Quản lý ảnh
9/21/2015 3:11:32 PM | ::1 | huyen | http://it.mt.gov.vn/dctquantri/DashBoard/QuanlyAnh.aspx?action=insert&id=javascript:__doPostBack('ctl00$PageContent$ctl01$PictureTree','shttp://it.mt.gov.vn/dctquantri/_SHARED_FILES/images/\\http://it.mt.gov.vn/dctquantri/_SHARED_FILES/images/ANH_VIDEOS/')|huyenhs|Truy cập trang:Quản lý ảnh
9/21/2015 3:11:32 PM | ::1 | huyen | http://it.mt.gov.vn/dctquantri/DashBoard/QuanlyAnh.aspx?action=insert&id=javascript:__doPostBack('ctl00$PageContent$ctl01$PictureTree','shttp://it.mt.gov.vn/dctquantri/_SHARED_FILES/images/\\http://it.mt.gov.vn/dctquantri/_SHARED_FILES/images/ANH_VIDEOS/')|huyenhs|Truy cập trang:Quản lý ảnh
9/21/2015 3:12:36 PM | ::1 | huyen | http://it.mt.gov.vn/dctquantri/DashBoard/QuanlyAnh.aspx?action=insert&id=javascript:__doPostBack('ctl00$PageContent$ctl01$PictureTree','shttp://it.mt.gov.vn/dctquantri/_SHARED_FILES/images/\\http://it.mt.gov.vn/dctquantri/_SHARED_FILES/images/ANH_VIDEOS/')|huyenhs|Truy cập trang:Quản lý ảnh
9/21/2015 3:12:47 PM | ::1 | huyen | http://it.mt.gov.vn/dctquantri/DashBoard/QuanlyAnh.aspx|huyenhs|Truy cập trang:Quản lý ảnh
9/21/2015 3:14:08 PM | ::1 | huyen | http://it.mt.gov.vn/dctquantri/DashBoard/QuanlyAnh.aspx|huyenhs|Truy cập trang:Quản lý ảnh
9/21/2015 3:15:14 PM | ::1 | huyen | http://it.mt.gov.vn/dctquantri/DashBoard/QuanlyAnh.aspx|huyenhs|Truy cập trang:Quản lý ảnh
9/21/2015 3:16:05 PM | ::1 | huyen | http://it.mt.gov.vn/dctquantri/DashBoard/QuanlyAnh.aspx|huyenhs|Truy cập trang:Quản lý ảnh
9/21/2015 3:17:10 PM | ::1 | huyen | http://it.mt.gov.vn/dctquantri/DashBoard/QuanlyAnh.aspx|huyenhs|Truy cập trang:Quản lý ảnh
9/21/2015 3:18:51 PM | ::1 | huyen | http://it.mt.gov.vn/dctquantri/DashBoard/QuanlyAnh.aspx|huyenhs|Truy cập trang:Quản lý ảnh
9/21/2015 3:19:06 PM | ::1 | huyen | http://it.mt.gov.vn/dctquantri/DashBoard/QuanlyAnh.aspx|huyenhs|Truy cập trang:Quản lý ảnh
9/21/2015 3:19:10 PM | ::1 | huyen | http://it.mt.gov.vn/dctquantri/DashBoard/QuanlyAnh.aspx?action=insert|huyenhs|Truy cập trang:Quản lý ảnh
9/21/2015 3:23:11 PM | ::1 | huyen | http://it.mt.gov.vn/dctquantri/DashBoard/QuanlyAnh.aspx?action=insert|huyenhs|Truy cập trang:Quản lý ảnh
9/21/2015 3:24:18 PM | ::1 | huyen | http://it.mt.gov.vn/dctquantri/DashBoard/QuanlyAnh.aspx?action=insert|huyenhs|Truy cập trang:Quản lý ảnh
9/21/2015 3:24:56 PM | ::1 | huyen | http://it.mt.gov.vn/dctquantri/DashBoard/QuanlyAnh.aspx?action=insert|huyenhs|Truy cập trang:Quản lý ảnh
9/21/2015 3:25:12 PM | ::1 | huyen | http://it.mt.gov.vn/dctquantri/DashBoard/QuanlyAnh.aspx?action=insert|huyenhs|Truy cập trang:Quản lý ảnh
9/21/2015 3:26:25 PM | ::1 | huyen | http://it.mt.gov.vn/dctquantri/DashBoard/QuanlyAnh.aspx?action=insert|huyenhs|Truy cập trang:Quản lý ảnh
9/21/2015 3:26:35 PM | ::1 | huyen | http://it.mt.gov.vn/dctquantri/DashBoard/QuanlyAnh.aspx?action=insert|huyenhs|Truy cập trang:Quản lý ảnh
9/21/2015 3:31:36 PM | ::1 | huyen | http://it.mt.gov.vn/dctquantri/DashBoard/QuanlyAnh.aspx?action=insert|huyenhs|Truy cập trang:Quản lý ảnh
9/21/2015 3:31:42 PM | ::1 | huyen | http://it.mt.gov.vn/dctquantri/DashBoard/QuanlyAnh.aspx?action=insert|huyenhs|Truy cập trang:Quản lý ảnh
9/21/2015 3:32:48 PM | ::1 | huyen | http://it.mt.gov.vn/dctquantri/DashBoard/QuanlyAnh.aspx?action=insert|huyenhs|Truy cập trang:Quản lý ảnh
9/21/2015 3:32:53 PM | ::1 | huyen | http://it.mt.gov.vn/dctquantri/DashBoard/QuanlyAnh.aspx?action=insert|huyenhs|Truy cập trang:Quản lý ảnh
9/21/2015 3:33:33 PM | ::1 | huyen | http://it.mt.gov.vn/dctquantri/DashBoard/QuanlyAnh.aspx?action=insert|huyenhs|Truy cập trang:Quản lý ảnh
9/21/2015 3:33:40 PM | ::1 | huyen | http://it.mt.gov.vn/dctquantri/DashBoard/QuanlyAnh.aspx?action=insert|huyenhs|Truy cập trang:Quản lý ảnh
9/21/2015 3:33:45 PM | ::1 | huyen | http://it.mt.gov.vn/dctquantri/DashBoard/QuanlyAnh.aspx|huyenhs|Truy cập trang:Quản lý ảnh
9/21/2015 3:33:51 PM | ::1 | huyen | http://it.mt.gov.vn/dctquantri/DashBoard/QuanlyAnh.aspx?action=insert|huyenhs|Truy cập trang:Quản lý ảnh
9/21/2015 3:34:10 PM | ::1 | huyen | http://it.mt.gov.vn/dctquantri/DashBoard/QuanlyAnh.aspx?action=insert|huyenhs|Truy cập trang:Quản lý ảnh
9/21/2015 3:35:51 PM | ::1 | huyen | http://it.mt.gov.vn/dctquantri/DashBoard/QuanlyAnh.aspx|huyenhs|Truy cập trang:Quản lý ảnh
9/21/2015 3:36:21 PM | ::1 | huyen | http://it.mt.gov.vn/dctquantri/DashBoard/QuanlyAnh.aspx|huyenhs|Truy cập trang:Quản lý ảnh
9/21/2015 3:41:05 PM | ::1 | huyen | http://it.mt.gov.vn/dctquantri/DashBoard/QuanlyAnh.aspx|huyenhs|Truy cập trang:Quản lý ảnh
9/21/2015 3:41:54 PM | ::1 | huyen | http://it.mt.gov.vn/dctquantri/DashBoard/QuanlyAnh.aspx|huyenhs|Truy cập trang:Quản lý ảnh
9/21/2015 3:44:41 PM | ::1 | huyen | http://it.mt.gov.vn/dctquantri/DashBoard/QuanlyAnh.aspx|huyenhs|Truy cập trang:Quản lý ảnh
9/21/2015 3:45:20 PM | ::1 | huyen | http://it.mt.gov.vn/dctquantri/DashBoard/QuanlyAnh.aspx|huyenhs|Truy cập trang:Quản lý ảnh
9/21/2015 3:48:32 PM | ::1 | huyen | http://it.mt.gov.vn/dctquantri/DashBoard/QuanlyAnh.aspx|huyenhs|Truy cập trang:Quản lý ảnh
9/21/2015 3:48:42 PM | ::1 | huyen | http://it.mt.gov.vn/dctquantri/DashBoard/QuanlyAnh.aspx|huyenhs|Truy cập trang:Quản lý ảnh
9/21/2015 3:50:04 PM | ::1 | huyen | http://it.mt.gov.vn/dctquantri/DashBoard/QuanlyAnh.aspx|huyenhs|Truy cập trang:Quản lý ảnh
9/21/2015 3:50:09 PM | ::1 | huyen | http://it.mt.gov.vn/dctquantri/DashBoard/QuanlyAnh.aspx|huyenhs|Truy cập trang:Quản lý ảnh
9/21/2015 3:50:59 PM | ::1 | huyen | http://it.mt.gov.vn/dctquantri/DashBoard/QuanlyAnh.aspx|huyenhs|Truy cập trang:Quản lý ảnh
9/21/2015 4:13:53 PM | ::1 | huyen | http://it.mt.gov.vn/dctquantri/DashBoard/QuanlyAnh.aspx|huyenhs|Truy cập trang:Quản lý ảnh
9/21/2015 4:14:24 PM | ::1 | huyen | http://it.mt.gov.vn/dctquantri/DashBoard/QuanlyAnh.aspx|huyenhs|Truy cập trang:Quản lý ảnh
9/21/2015 4:14:55 PM | ::1 | huyen | http://it.mt.gov.vn/dctquantri/DashBoard/QuanlyAnh.aspx|huyenhs|Truy cập trang:Quản lý ảnh
9/21/2015 4:15:38 PM | ::1 | huyen | http://it.mt.gov.vn/dctquantri/DashBoard/QuanlyAnh.aspx|huyenhs|Truy cập trang:Quản lý ảnh
9/21/2015 4:16:09 PM | ::1 | huyen | http://it.mt.gov.vn/dctquantri/DashBoard/QuanlyAnh.aspx|huyenhs|Truy cập trang:Quản lý ảnh
9/21/2015 4:16:36 PM | ::1 | huyen | http://it.mt.gov.vn/dctquantri/DashBoard/QuanlyAnh.aspx|huyenhs|Truy cập trang:Quản lý ảnh
9/21/2015 4:18:19 PM | ::1 | huyen | http://it.mt.gov.vn/dctquantri/DashBoard/QuanlyAnh.aspx|huyenhs|Truy cập trang:Quản lý ảnh
9/21/2015 4:19:47 PM | ::1 | huyen | http://it.mt.gov.vn/dctquantri/DashBoard/QuanlyAnh.aspx|huyenhs|Truy cập trang:Quản lý ảnh
9/21/2015 4:20:59 PM | ::1 | huyen | http://it.mt.gov.vn/dctquantri/DashBoard/QuanlyAnh.aspx|huyenhs|Truy cập trang:Quản lý ảnh
9/21/2015 4:27:41 PM | ::1 | huyen | http://it.mt.gov.vn/dctquantri/DashBoard/QuanlyAnh.aspx|huyenhs|Truy cập trang:Quản lý ảnh
9/21/2015 4:28:09 PM | ::1 | huyen | http://it.mt.gov.vn/dctquantri/DashBoard/QuanlyAnh.aspx|huyenhs|Truy cập trang:Quản lý ảnh
9/21/2015 4:33:18 PM | ::1 | huyen | http://it.mt.gov.vn/dctquantri/DashBoard/QuanlyAnh.aspx|huyenhs|Truy cập trang:Quản lý ảnh
9/21/2015 4:33:38 PM | ::1 | huyen | http://it.mt.gov.vn/dctquantri/DashBoard/QuanlyAnh.aspx|huyenhs|Truy cập trang:Quản lý ảnh
9/21/2015 4:34:15 PM | ::1 | huyen | http://it.mt.gov.vn/dctquantri/DashBoard/QuanlyAnh.aspx|huyenhs|Truy cập trang:Quản lý ảnh
9/21/2015 4:38:10 PM | ::1 | huyen | http://it.mt.gov.vn/dctquantri/DashBoard/QuanlyAnh.aspx|huyenhs|Truy cập trang:Quản lý ảnh
9/21/2015 4:38:37 PM | ::1 | huyen | http://it.mt.gov.vn/dctquantri/DashBoard/QuanlyAnh.aspx|huyenhs|Truy cập trang:Quản lý ảnh
9/21/2015 4:39:22 PM | ::1 | huyen | http://it.mt.gov.vn/dctquantri/DashBoard/QuanlyAnh.aspx|huyenhs|Truy cập trang:Quản lý ảnh
9/21/2015 4:40:27 PM | ::1 | huyen | http://it.mt.gov.vn/dctquantri/DashBoard/QuanlyAnh.aspx|huyenhs|Truy cập trang:Quản lý ảnh
