9/20/2015 8:34:48 AM | ::1 | huyen | http://it.mt.gov.vn/dctquantri/tTrafficSafety_09_Videos/AddTTrafficSafety_09_Videos.aspx|huyenhs|Truy cập trang:Thêm Videos
9/20/2015 8:44:12 AM | ::1 | huyen | http://it.mt.gov.vn/dctquantri/tTrafficSafety_09_Videos/AddTTrafficSafety_09_Videos.aspx|huyenhs|Truy cập trang:Thêm Videos
9/20/2015 8:45:20 AM | ::1 | huyen | http://it.mt.gov.vn/dctquantri/tTrafficSafety_09_Videos/AddTTrafficSafety_09_Videos.aspx|huyenhs|Truy cập trang:Thêm Videos
9/20/2015 8:52:55 AM | ::1 | huyen | http://it.mt.gov.vn/dctquantri/tTrafficSafety_09_Videos/AddTTrafficSafety_09_Videos.aspx|huyenhs|Truy cập trang:Thêm Videos
9/20/2015 8:53:13 AM | ::1 | huyen | http://it.mt.gov.vn/dctquantri/tTrafficSafety_09_Videos/AddTTrafficSafety_09_Videos.aspx|huyenhs|Truy cập trang:Thêm Videos
9/20/2015 8:53:41 AM | ::1 | huyen | http://it.mt.gov.vn/dctquantri/tTrafficSafety_09_Videos/ShowTTrafficSafety_09_VideosTable.aspx|huyenhs|Truy cập trang:Xem danh sách  Videos
9/20/2015 9:07:33 AM | ::1 | huyen | http://it.mt.gov.vn/dctquantri/tTrafficSafety_09_Videos/ShowTTrafficSafety_09_VideosTable.aspx|huyenhs|Truy cập trang:Xem danh sách  Videos
9/20/2015 9:07:39 AM | ::1 | huyen | http://it.mt.gov.vn/dctquantri/tTrafficSafety_09_Videos/AddTTrafficSafety_09_Videos.aspx|huyenhs|Truy cập trang:Thêm Videos
9/20/2015 9:08:19 AM | ::1 | huyen | http://it.mt.gov.vn/dctquantri/tTrafficSafety_09_Videos/ShowTTrafficSafety_09_VideosTable.aspx|huyenhs|Truy cập trang:Xem danh sách  Videos
9/20/2015 9:15:37 AM | ::1 | huyen | http://it.mt.gov.vn/dctquantri/tTrafficSafety_09_Videos/AddTTrafficSafety_09_Videos.aspx|congdc|Truy cập trang:Thêm Videos
9/20/2015 9:16:00 AM | ::1 | huyen | http://it.mt.gov.vn/dctquantri/tTrafficSafety_09_Videos/AddTTrafficSafety_09_Videos.aspx|huyenhs|Truy cập trang:Thêm Videos
9/20/2015 9:20:34 AM | ::1 | huyen | http://it.mt.gov.vn/dctquantri/tTrafficSafety_09_Videos/AddTTrafficSafety_09_Videos.aspx|huyenhs|Truy cập trang:Thêm Videos
9/20/2015 9:24:09 AM | ::1 | huyen | http://it.mt.gov.vn/dctquantri/tTrafficSafety_09_Videos/AddTTrafficSafety_09_Videos.aspx|huyenhs|Truy cập trang:Thêm Videos
9/20/2015 9:24:47 AM | ::1 | huyen | http://it.mt.gov.vn/dctquantri/tTrafficSafety_09_Videos/ShowTTrafficSafety_09_VideosTable.aspx|huyenhs|Truy cập trang:Xem danh sách  Videos
9/20/2015 9:27:58 AM | ::1 | huyen | http://it.mt.gov.vn/dctquantri/tTrafficSafety_09_Videos/ShowTTrafficSafety_09_VideosTable.aspx|huyenhs|Truy cập trang:Xem danh sách  Videos
9/20/2015 9:28:08 AM | ::1 | huyen | http://it.mt.gov.vn/dctquantri/tTrafficSafety_09_Videos/AddTTrafficSafety_09_Videos.aspx|huyenhs|Truy cập trang:Thêm Videos
9/20/2015 9:28:20 AM | ::1 | huyen | http://it.mt.gov.vn/dctquantri/tTrafficSafety_09_Videos/AddTTrafficSafety_09_Videos.aspx|huyenhs|Truy cập trang:Thêm Videos
9/20/2015 9:28:45 AM | ::1 | huyen | http://it.mt.gov.vn/dctquantri/tTrafficSafety_09_Videos/ShowTTrafficSafety_09_VideosTable.aspx|huyenhs|Truy cập trang:Xem danh sách  Videos
9/20/2015 9:28:47 AM | ::1 | huyen | http://it.mt.gov.vn/dctquantri/tTrafficSafety_09_Videos/AddTTrafficSafety_09_Videos.aspx|huyenhs|Truy cập trang:Thêm Videos
9/20/2015 9:30:17 AM | ::1 | huyen | http://it.mt.gov.vn/dctquantri/DashBoard/QuanlyAnh.aspx|huyenhs|Truy cập trang:Quản lý ảnh
9/20/2015 10:43:41 AM | ::1 | huyen | http://it.mt.gov.vn/dctquantri/DashBoard/QuanlyAnh.aspx|huyenhs|Truy cập trang:Quản lý ảnh
9/20/2015 10:46:51 AM | ::1 | huyen | http://it.mt.gov.vn/dctquantri/DashBoard/QuanlyAnh.aspx|huyenhs|Truy cập trang:Quản lý ảnh
9/20/2015 10:57:37 AM | ::1 | huyen | http://it.mt.gov.vn/dctquantri/DashBoard/QuanlyAnh.aspx|huyenhs|Truy cập trang:Quản lý ảnh
9/20/2015 11:02:28 AM | ::1 | huyen | http://it.mt.gov.vn/dctquantri/DashBoard/QuanlyAnh.aspx|huyenhs|Truy cập trang:Quản lý ảnh
9/20/2015 11:03:19 AM | ::1 | huyen | http://it.mt.gov.vn/dctquantri/DashBoard/QuanlyAnh.aspx|huyenhs|Truy cập trang:Quản lý ảnh
9/20/2015 11:06:25 AM | ::1 | huyen | http://it.mt.gov.vn/dctquantri/tTrafficSafety_09_Videos/AddTTrafficSafety_09_Videos.aspx|huyenhs|Truy cập trang:Thêm Videos
9/20/2015 11:06:30 AM | ::1 | huyen | http://it.mt.gov.vn/dctquantri/tTrafficSafety_09_Videos/AddTTrafficSafety_09_Videos.aspx|huyenhs|Truy cập trang:Thêm Videos
9/20/2015 11:08:06 AM | ::1 | huyen | http://it.mt.gov.vn/dctquantri/tTrafficSafety_09_Videos/AddTTrafficSafety_09_Videos.aspx|huyenhs|Truy cập trang:Thêm Videos
9/20/2015 11:13:03 AM | ::1 | huyen | http://it.mt.gov.vn/dctquantri/tTrafficSafety_09_Videos/AddTTrafficSafety_09_Videos.aspx|huyenhs|Truy cập trang:Thêm Videos
9/20/2015 11:13:10 AM | ::1 | huyen | http://it.mt.gov.vn/dctquantri/DashBoard/QuanlyAnh.aspx|huyenhs|Truy cập trang:Quản lý ảnh
9/20/2015 11:13:42 AM | ::1 | huyen | http://it.mt.gov.vn/dctquantri/DashBoard/QuanlyAnh.aspx|huyenhs|Truy cập trang:Quản lý ảnh
9/20/2015 11:16:52 AM | ::1 | huyen | http://it.mt.gov.vn/dctquantri/DashBoard/QuanlyAnh.aspx|huyenhs|Truy cập trang:Quản lý ảnh
9/20/2015 11:19:18 AM | ::1 | huyen | http://it.mt.gov.vn/dctquantri/DashBoard/QuanlyAnh.aspx|huyenhs|Truy cập trang:Quản lý ảnh
9/20/2015 11:21:56 AM | ::1 | huyen | http://it.mt.gov.vn/dctquantri/DashBoard/QuanlyAnh.aspx|huyenhs|Truy cập trang:Quản lý ảnh
9/20/2015 12:57:52 PM | ::1 | huyen | http://it.mt.gov.vn/dctquantri/tTrafficSafety_09_Videos/AddTTrafficSafety_09_Videos.aspx|huyenhs|Truy cập trang:Thêm Videos
9/20/2015 1:03:51 PM | ::1 | huyen | http://it.mt.gov.vn/dctquantri/tTrafficSafety_09_Videos/AddTTrafficSafety_09_Videos.aspx|huyenhs|Truy cập trang:Thêm Videos
9/20/2015 1:04:58 PM | ::1 | huyen | http://it.mt.gov.vn/dctquantri/DashBoard/QuanlyAnh.aspx|huyenhs|Truy cập trang:Quản lý ảnh
9/20/2015 1:08:36 PM | ::1 | huyen | http://it.mt.gov.vn/dctquantri/DashBoard/QuanlyAnh.aspx|huyenhs|Truy cập trang:Quản lý ảnh
9/20/2015 1:09:40 PM | ::1 | huyen | http://it.mt.gov.vn/dctquantri/DashBoard/QuanlyAnh.aspx|huyenhs|Truy cập trang:Quản lý ảnh
9/20/2015 1:09:50 PM | ::1 | huyen | http://it.mt.gov.vn/dctquantri/DashBoard/QuanlyAnh.aspx|huyenhs|Truy cập trang:Quản lý ảnh
9/20/2015 1:11:20 PM | ::1 | huyen | http://it.mt.gov.vn/dctquantri/DashBoard/QuanlyAnh.aspx|huyenhs|Truy cập trang:Quản lý ảnh
9/20/2015 1:11:45 PM | ::1 | huyen | http://it.mt.gov.vn/dctquantri/DashBoard/QuanlyAnh.aspx|huyenhs|Truy cập trang:Quản lý ảnh
9/20/2015 1:13:31 PM | ::1 | huyen | http://it.mt.gov.vn/dctquantri/DashBoard/QuanlyAnh.aspx|huyenhs|Truy cập trang:Quản lý ảnh
9/20/2015 1:18:33 PM | ::1 | huyen | http://it.mt.gov.vn/dctquantri/DashBoard/QuanlyAnh.aspx|huyenhs|Truy cập trang:Quản lý ảnh
9/20/2015 1:19:24 PM | ::1 | huyen | http://it.mt.gov.vn/dctquantri/DashBoard/QuanlyAnh.aspx|huyenhs|Truy cập trang:Quản lý ảnh
9/20/2015 1:20:46 PM | ::1 | huyen | http://it.mt.gov.vn/dctquantri/DashBoard/QuanlyAnh.aspx|huyenhs|Truy cập trang:Quản lý ảnh
9/20/2015 1:21:18 PM | ::1 | huyen | http://it.mt.gov.vn/dctquantri/DashBoard/QuanlyAnh.aspx|huyenhs|Truy cập trang:Quản lý ảnh
9/20/2015 1:22:13 PM | ::1 | huyen | http://it.mt.gov.vn/dctquantri/DashBoard/QuanlyAnh.aspx|huyenhs|Truy cập trang:Quản lý ảnh
9/20/2015 1:32:38 PM | ::1 | huyen | http://it.mt.gov.vn/dctquantri/DashBoard/QuanlyAnh.aspx|huyenhs|Truy cập trang:Quản lý ảnh
9/20/2015 1:33:00 PM | ::1 | huyen | http://it.mt.gov.vn/dctquantri/DashBoard/QuanlyAnh.aspx|huyenhs|Truy cập trang:Quản lý ảnh
9/20/2015 1:33:56 PM | ::1 | huyen | http://it.mt.gov.vn/dctquantri/DashBoard/QuanlyAnh.aspx|huyenhs|Truy cập trang:Quản lý ảnh
9/20/2015 1:34:18 PM | ::1 | huyen | http://it.mt.gov.vn/dctquantri/DashBoard/QuanlyAnh.aspx|huyenhs|Truy cập trang:Quản lý ảnh
9/20/2015 1:34:26 PM | ::1 | huyen | http://it.mt.gov.vn/dctquantri/DashBoard/QuanlyAnh.aspx|huyenhs|Truy cập trang:Quản lý ảnh
9/20/2015 1:35:01 PM | ::1 | huyen | http://it.mt.gov.vn/dctquantri/DashBoard/QuanlyAnh.aspx|huyenhs|Truy cập trang:Quản lý ảnh
9/20/2015 1:35:07 PM | ::1 | huyen | http://it.mt.gov.vn/dctquantri/DashBoard/QuanlyAnh.aspx|huyenhs|Truy cập trang:Quản lý ảnh
9/20/2015 1:42:44 PM | ::1 | huyen | http://it.mt.gov.vn/dctquantri/DashBoard/QuanlyAnh.aspx|huyenhs|Truy cập trang:Quản lý ảnh
9/20/2015 1:52:48 PM | ::1 | huyen | http://it.mt.gov.vn/dctquantri/DashBoard/QuanlyAnh.aspx|huyenhs|Truy cập trang:Quản lý ảnh
9/20/2015 1:55:14 PM | ::1 | huyen | http://it.mt.gov.vn/dctquantri/DashBoard/QuanlyAnh.aspx|huyenhs|Truy cập trang:Quản lý ảnh
9/20/2015 1:55:24 PM | ::1 | huyen | http://it.mt.gov.vn/dctquantri/DashBoard/QuanlyAnh.aspx|huyenhs|Truy cập trang:Quản lý ảnh
9/20/2015 1:56:52 PM | ::1 | huyen | http://it.mt.gov.vn/dctquantri/DashBoard/QuanlyAnh.aspx|huyenhs|Truy cập trang:Quản lý ảnh
9/20/2015 1:57:08 PM | ::1 | huyen | http://it.mt.gov.vn/dctquantri/DashBoard/QuanlyAnh.aspx|huyenhs|Truy cập trang:Quản lý ảnh
9/20/2015 1:57:40 PM | ::1 | huyen | http://it.mt.gov.vn/dctquantri/DashBoard/QuanlyAnh.aspx|huyenhs|Truy cập trang:Quản lý ảnh
9/20/2015 1:58:20 PM | ::1 | huyen | http://it.mt.gov.vn/dctquantri/DashBoard/QuanlyAnh.aspx|huyenhs|Truy cập trang:Quản lý ảnh
9/20/2015 1:58:34 PM | ::1 | huyen | http://it.mt.gov.vn/dctquantri/DashBoard/QuanlyAnh.aspx|huyenhs|Truy cập trang:Quản lý ảnh
9/20/2015 1:59:13 PM | ::1 | huyen | http://it.mt.gov.vn/dctquantri/DashBoard/QuanlyAnh.aspx|huyenhs|Truy cập trang:Quản lý ảnh
9/20/2015 1:59:27 PM | ::1 | huyen | http://it.mt.gov.vn/dctquantri/DashBoard/QuanlyAnh.aspx|huyenhs|Truy cập trang:Quản lý ảnh
9/20/2015 2:00:17 PM | ::1 | huyen | http://it.mt.gov.vn/dctquantri/DashBoard/QuanlyAnh.aspx|huyenhs|Truy cập trang:Quản lý ảnh
9/20/2015 2:00:49 PM | ::1 | huyen | http://it.mt.gov.vn/dctquantri/DashBoard/QuanlyAnh.aspx|huyenhs|Truy cập trang:Quản lý ảnh
9/20/2015 2:01:25 PM | ::1 | huyen | http://it.mt.gov.vn/dctquantri/DashBoard/QuanlyAnh.aspx|huyenhs|Truy cập trang:Quản lý ảnh
9/20/2015 2:03:02 PM | ::1 | huyen | http://it.mt.gov.vn/dctquantri/DashBoard/QuanlyAnh.aspx|huyenhs|Truy cập trang:Quản lý ảnh
9/20/2015 2:04:46 PM | ::1 | huyen | http://it.mt.gov.vn/dctquantri/DashBoard/QuanlyAnh.aspx|huyenhs|Truy cập trang:Quản lý ảnh
9/20/2015 2:05:21 PM | ::1 | huyen | http://it.mt.gov.vn/dctquantri/DashBoard/QuanlyAnh.aspx|huyenhs|Truy cập trang:Quản lý ảnh
9/20/2015 2:06:38 PM | ::1 | huyen | http://it.mt.gov.vn/dctquantri/DashBoard/QuanlyAnh.aspx|huyenhs|Truy cập trang:Quản lý ảnh
9/20/2015 2:10:58 PM | ::1 | huyen | http://it.mt.gov.vn/dctquantri/DashBoard/QuanlyAnh.aspx|huyenhs|Truy cập trang:Quản lý ảnh
9/20/2015 2:14:16 PM | ::1 | huyen | http://it.mt.gov.vn/dctquantri/DashBoard/QuanlyAnh.aspx|huyenhs|Truy cập trang:Quản lý ảnh
9/20/2015 2:36:50 PM | ::1 | huyen | http://it.mt.gov.vn/dctquantri/DashBoard/QuanlyAnh.aspx|huyenhs|Truy cập trang:Quản lý ảnh
9/20/2015 2:47:29 PM | ::1 | huyen | http://it.mt.gov.vn/dctquantri/DashBoard/QuanlyAnh.aspx|huyenhs|Truy cập trang:Quản lý ảnh
9/20/2015 2:48:31 PM | ::1 | huyen | http://it.mt.gov.vn/dctquantri/DashBoard/QuanlyAnh.aspx|huyenhs|Truy cập trang:Quản lý ảnh
9/20/2015 2:52:23 PM | ::1 | huyen | http://it.mt.gov.vn/dctquantri/DashBoard/QuanlyAnh.aspx|huyenhs|Truy cập trang:Quản lý ảnh
9/20/2015 2:53:02 PM | ::1 | huyen | http://it.mt.gov.vn/dctquantri/DashBoard/QuanlyAnh.aspx|huyenhs|Truy cập trang:Quản lý ảnh
9/20/2015 2:53:22 PM | ::1 | huyen | http://it.mt.gov.vn/dctquantri/DashBoard/QuanlyAnh.aspx|huyenhs|Truy cập trang:Quản lý ảnh
9/20/2015 2:53:52 PM | ::1 | huyen | http://it.mt.gov.vn/dctquantri/DashBoard/QuanlyAnh.aspx|huyenhs|Truy cập trang:Quản lý ảnh
9/20/2015 2:54:58 PM | ::1 | huyen | http://it.mt.gov.vn/dctquantri/DashBoard/QuanlyAnh.aspx|huyenhs|Truy cập trang:Quản lý ảnh
9/20/2015 2:55:13 PM | ::1 | huyen | http://it.mt.gov.vn/dctquantri/DashBoard/QuanlyAnh.aspx|huyenhs|Truy cập trang:Quản lý ảnh
9/20/2015 2:55:28 PM | ::1 | huyen | http://it.mt.gov.vn/dctquantri/DashBoard/QuanlyAnh.aspx|huyenhs|Truy cập trang:Quản lý ảnh
9/20/2015 2:55:45 PM | ::1 | huyen | http://it.mt.gov.vn/dctquantri/DashBoard/QuanlyAnh.aspx|huyenhs|Truy cập trang:Quản lý ảnh
9/20/2015 2:55:58 PM | ::1 | huyen | http://it.mt.gov.vn/dctquantri/DashBoard/QuanlyAnh.aspx|huyenhs|Truy cập trang:Quản lý ảnh
9/20/2015 2:56:14 PM | ::1 | huyen | http://it.mt.gov.vn/dctquantri/DashBoard/QuanlyAnh.aspx|huyenhs|Truy cập trang:Quản lý ảnh
9/20/2015 2:57:34 PM | ::1 | huyen | http://it.mt.gov.vn/dctquantri/DashBoard/QuanlyAnh.aspx|huyenhs|Truy cập trang:Quản lý ảnh
9/20/2015 2:59:05 PM | ::1 | huyen | http://it.mt.gov.vn/dctquantri/DashBoard/QuanlyAnh.aspx|huyenhs|Truy cập trang:Quản lý ảnh
9/20/2015 2:59:20 PM | ::1 | huyen | http://it.mt.gov.vn/dctquantri/DashBoard/QuanlyAnh.aspx|huyenhs|Truy cập trang:Quản lý ảnh
9/20/2015 3:00:25 PM | ::1 | huyen | http://it.mt.gov.vn/dctquantri/DashBoard/QuanlyAnh.aspx|huyenhs|Truy cập trang:Quản lý ảnh
9/20/2015 3:00:36 PM | ::1 | huyen | http://it.mt.gov.vn/dctquantri/DashBoard/QuanlyAnh.aspx|huyenhs|Truy cập trang:Quản lý ảnh
9/20/2015 3:02:00 PM | ::1 | huyen | http://it.mt.gov.vn/dctquantri/DashBoard/QuanlyAnh.aspx|huyenhs|Truy cập trang:Quản lý ảnh
9/20/2015 3:02:35 PM | ::1 | huyen | http://it.mt.gov.vn/dctquantri/DashBoard/QuanlyAnh.aspx|huyenhs|Truy cập trang:Quản lý ảnh
9/20/2015 3:03:29 PM | ::1 | huyen | http://it.mt.gov.vn/dctquantri/DashBoard/QuanlyAnh.aspx|huyenhs|Truy cập trang:Quản lý ảnh
9/20/2015 3:04:05 PM | ::1 | huyen | http://it.mt.gov.vn/dctquantri/DashBoard/QuanlyAnh.aspx|huyenhs|Truy cập trang:Quản lý ảnh
9/20/2015 3:05:45 PM | ::1 | huyen | http://it.mt.gov.vn/dctquantri/DashBoard/QuanlyAnh.aspx|huyenhs|Truy cập trang:Quản lý ảnh
9/20/2015 3:05:52 PM | ::1 | huyen | http://it.mt.gov.vn/dctquantri/DashBoard/ChangePasswords.aspx|huyenhs|Truy cập trang:Thay đổi mật khẩu
9/20/2015 3:06:01 PM | ::1 | huyen | http://it.mt.gov.vn/dctquantri/tTrafficSafety_08_TinTuc/ShowTTrafficSafety_08_TinTucTable.aspx|huyenhs|Truy cập trang:Xem danh sách  Tin tức
9/20/2015 3:07:03 PM | ::1 | huyen | http://it.mt.gov.vn/dctquantri/tTrafficSafety_08_TinTuc/ShowTTrafficSafety_08_TinTucTable.aspx|huyenhs|Truy cập trang:Xem danh sách  Tin tức
9/20/2015 3:07:14 PM | ::1 | huyen | http://it.mt.gov.vn/dctquantri/tTrafficSafety_07_DanhMucTinTuc/ShowTTrafficSafety_07_DanhMucTinTucTable.aspx|huyenhs|Truy cập trang:Xem danh sách  Danh mục tin tức
9/20/2015 3:07:49 PM | ::1 | huyen | http://it.mt.gov.vn/dctquantri/tTrafficSafety_07_DanhMucTinTuc/ShowTTrafficSafety_07_DanhMucTinTucTable.aspx|huyenhs|Truy cập trang:Xem danh sách  Danh mục tin tức
9/20/2015 3:10:27 PM | ::1 | huyen | http://it.mt.gov.vn/dctquantri/tTrafficSafety_07_DanhMucTinTuc/ShowTTrafficSafety_07_DanhMucTinTucTable.aspx|huyenhs|Truy cập trang:Xem danh sách  Danh mục tin tức
9/20/2015 3:10:33 PM | ::1 | huyen | http://it.mt.gov.vn/dctquantri/DashBoard/QuanlyAnh.aspx|huyenhs|Truy cập trang:Quản lý ảnh
9/20/2015 3:11:07 PM | ::1 | huyen | http://it.mt.gov.vn/dctquantri/DashBoard/QuanlyAnh.aspx|huyenhs|Truy cập trang:Quản lý ảnh
9/20/2015 3:12:46 PM | ::1 | huyen | http://it.mt.gov.vn/dctquantri/DashBoard/QuanlyAnh.aspx|huyenhs|Truy cập trang:Quản lý ảnh
9/20/2015 3:13:08 PM | ::1 | huyen | http://it.mt.gov.vn/dctquantri/DashBoard/QuanlyAnh.aspx|huyenhs|Truy cập trang:Quản lý ảnh
9/20/2015 3:13:25 PM | ::1 | huyen | http://it.mt.gov.vn/dctquantri/DashBoard/QuanlyAnh.aspx|huyenhs|Truy cập trang:Quản lý ảnh
9/20/2015 3:14:07 PM | ::1 | huyen | http://it.mt.gov.vn/dctquantri/DashBoard/QuanlyAnh.aspx|huyenhs|Truy cập trang:Quản lý ảnh
9/20/2015 3:14:23 PM | ::1 | huyen | http://it.mt.gov.vn/dctquantri/DashBoard/QuanlyAnh.aspx|huyenhs|Truy cập trang:Quản lý ảnh
9/20/2015 3:15:16 PM | ::1 | huyen | http://it.mt.gov.vn/dctquantri/DashBoard/QuanlyAnh.aspx|huyenhs|Truy cập trang:Quản lý ảnh
9/20/2015 3:15:39 PM | ::1 | huyen | http://it.mt.gov.vn/dctquantri/DashBoard/QuanlyAnh.aspx|huyenhs|Truy cập trang:Quản lý ảnh
9/20/2015 3:16:06 PM | ::1 | huyen | http://it.mt.gov.vn/dctquantri/DashBoard/QuanlyAnh.aspx|huyenhs|Truy cập trang:Quản lý ảnh
9/20/2015 3:16:55 PM | ::1 | huyen | http://it.mt.gov.vn/dctquantri/DashBoard/QuanlyAnh.aspx|huyenhs|Truy cập trang:Quản lý ảnh
9/20/2015 3:17:31 PM | ::1 | huyen | http://it.mt.gov.vn/dctquantri/DashBoard/QuanlyAnh.aspx|huyenhs|Truy cập trang:Quản lý ảnh
9/20/2015 3:19:20 PM | ::1 | huyen | http://it.mt.gov.vn/dctquantri/DashBoard/QuanlyAnh.aspx|huyenhs|Truy cập trang:Quản lý ảnh
9/20/2015 3:19:30 PM | ::1 | huyen | http://it.mt.gov.vn/dctquantri/DashBoard/QuanlyAnh.aspx|huyenhs|Truy cập trang:Quản lý ảnh
9/20/2015 3:21:48 PM | ::1 | huyen | http://it.mt.gov.vn/dctquantri/DashBoard/QuanlyAnh.aspx|huyenhs|Truy cập trang:Quản lý ảnh
9/20/2015 3:21:55 PM | ::1 | huyen | http://it.mt.gov.vn/dctquantri/DashBoard/QuanlyAnh.aspx|huyenhs|Truy cập trang:Quản lý ảnh
9/20/2015 3:22:22 PM | ::1 | huyen | http://it.mt.gov.vn/dctquantri/DashBoard/QuanlyAnh.aspx|huyenhs|Truy cập trang:Quản lý ảnh
9/20/2015 3:22:56 PM | ::1 | huyen | http://it.mt.gov.vn/dctquantri/DashBoard/QuanlyAnh.aspx|huyenhs|Truy cập trang:Quản lý ảnh
9/20/2015 3:23:18 PM | ::1 | huyen | http://it.mt.gov.vn/dctquantri/DashBoard/QuanlyAnh.aspx|huyenhs|Truy cập trang:Quản lý ảnh
9/20/2015 3:25:36 PM | ::1 | huyen | http://it.mt.gov.vn/dctquantri/DashBoard/QuanlyAnh.aspx|huyenhs|Truy cập trang:Quản lý ảnh
9/20/2015 3:26:10 PM | ::1 | huyen | http://it.mt.gov.vn/dctquantri/DashBoard/QuanlyAnh.aspx|huyenhs|Truy cập trang:Quản lý ảnh
9/20/2015 3:26:15 PM | ::1 | huyen | http://it.mt.gov.vn/dctquantri/DashBoard/QuanlyAnh.aspx|huyenhs|Truy cập trang:Quản lý ảnh
9/20/2015 3:27:08 PM | ::1 | huyen | http://it.mt.gov.vn/dctquantri/DashBoard/QuanlyAnh.aspx|huyenhs|Truy cập trang:Quản lý ảnh
9/20/2015 3:28:29 PM | ::1 | huyen | http://it.mt.gov.vn/dctquantri/DashBoard/QuanlyAnh.aspx|huyenhs|Truy cập trang:Quản lý ảnh
9/20/2015 3:37:33 PM | ::1 | huyen | http://it.mt.gov.vn/dctquantri/DashBoard/QuanlyAnh.aspx|huyenhs|Truy cập trang:Quản lý ảnh
9/20/2015 3:38:18 PM | ::1 | huyen | http://it.mt.gov.vn/dctquantri/DashBoard/QuanlyAnh.aspx|huyenhs|Truy cập trang:Quản lý ảnh
9/20/2015 3:38:46 PM | ::1 | huyen | http://it.mt.gov.vn/dctquantri/DashBoard/QuanlyAnh.aspx|huyenhs|Truy cập trang:Quản lý ảnh
9/20/2015 3:38:52 PM | ::1 | huyen | http://it.mt.gov.vn/dctquantri/DashBoard/QuanlyAnh.aspx|huyenhs|Truy cập trang:Quản lý ảnh
9/20/2015 3:39:01 PM | ::1 | huyen | http://it.mt.gov.vn/dctquantri/DashBoard/QuanlyAnh.aspx|huyenhs|Truy cập trang:Quản lý ảnh
9/20/2015 3:39:25 PM | ::1 | huyen | http://it.mt.gov.vn/dctquantri/DashBoard/QuanlyAnh.aspx|huyenhs|Truy cập trang:Quản lý ảnh
9/20/2015 3:39:41 PM | ::1 | huyen | http://it.mt.gov.vn/dctquantri/DashBoard/QuanlyAnh.aspx|huyenhs|Truy cập trang:Quản lý ảnh
9/20/2015 3:41:47 PM | ::1 | huyen | http://it.mt.gov.vn/dctquantri/DashBoard/QuanlyAnh.aspx|huyenhs|Truy cập trang:Quản lý ảnh
9/20/2015 3:41:53 PM | ::1 | huyen | http://it.mt.gov.vn/dctquantri/DashBoard/QuanlyAnh.aspx|huyenhs|Truy cập trang:Quản lý ảnh
9/20/2015 3:42:02 PM | ::1 | huyen | http://it.mt.gov.vn/dctquantri/DashBoard/QuanlyAnh.aspx|huyenhs|Truy cập trang:Quản lý ảnh
9/20/2015 3:42:29 PM | ::1 | huyen | http://it.mt.gov.vn/dctquantri/DashBoard/QuanlyAnh.aspx|huyenhs|Truy cập trang:Quản lý ảnh
9/20/2015 3:47:37 PM | ::1 | huyen | http://it.mt.gov.vn/dctquantri/DashBoard/QuanlyAnh.aspx|huyenhs|Truy cập trang:Quản lý ảnh
9/20/2015 3:47:58 PM | ::1 | huyen | http://it.mt.gov.vn/dctquantri/DashBoard/QuanlyAnh.aspx|huyenhs|Truy cập trang:Quản lý ảnh
9/20/2015 3:48:04 PM | ::1 | huyen | http://it.mt.gov.vn/dctquantri/DashBoard/QuanlyAnh.aspx|huyenhs|Truy cập trang:Quản lý ảnh
9/20/2015 3:52:07 PM | ::1 | huyen | http://it.mt.gov.vn/dctquantri/DashBoard/QuanlyAnh.aspx|huyenhs|Truy cập trang:Quản lý ảnh
9/20/2015 4:00:56 PM | ::1 | huyen | http://it.mt.gov.vn/dctquantri/DashBoard/QuanlyAnh.aspx|huyenhs|Truy cập trang:Quản lý ảnh
9/20/2015 4:01:08 PM | ::1 | huyen | http://it.mt.gov.vn/dctquantri/DashBoard/QuanlyAnh.aspx|huyenhs|Truy cập trang:Quản lý ảnh
9/20/2015 4:01:25 PM | ::1 | huyen | http://it.mt.gov.vn/dctquantri/DashBoard/QuanlyAnh.aspx|huyenhs|Truy cập trang:Quản lý ảnh
9/20/2015 4:01:33 PM | ::1 | huyen | http://it.mt.gov.vn/dctquantri/DashBoard/QuanlyAnh.aspx|huyenhs|Truy cập trang:Quản lý ảnh
9/20/2015 4:01:40 PM | ::1 | huyen | http://it.mt.gov.vn/dctquantri/DashBoard/QuanlyAnh.aspx|huyenhs|Truy cập trang:Quản lý ảnh
9/20/2015 4:01:54 PM | ::1 | huyen | http://it.mt.gov.vn/dctquantri/DashBoard/QuanlyAnh.aspx|huyenhs|Truy cập trang:Quản lý ảnh
9/20/2015 4:02:50 PM | ::1 | huyen | http://it.mt.gov.vn/dctquantri/DashBoard/QuanlyAnh.aspx|huyenhs|Truy cập trang:Quản lý ảnh
9/20/2015 4:03:32 PM | ::1 | huyen | http://it.mt.gov.vn/dctquantri/DashBoard/QuanlyAnh.aspx|huyenhs|Truy cập trang:Quản lý ảnh
9/20/2015 4:04:03 PM | ::1 | huyen | http://it.mt.gov.vn/dctquantri/DashBoard/QuanlyAnh.aspx|huyenhs|Truy cập trang:Quản lý ảnh
9/20/2015 4:04:16 PM | ::1 | huyen | http://it.mt.gov.vn/dctquantri/DashBoard/QuanlyAnh.aspx|huyenhs|Truy cập trang:Quản lý ảnh
9/20/2015 4:05:05 PM | ::1 | huyen | http://it.mt.gov.vn/dctquantri/DashBoard/QuanlyAnh.aspx|huyenhs|Truy cập trang:Quản lý ảnh
9/20/2015 4:05:56 PM | ::1 | huyen | http://it.mt.gov.vn/dctquantri/DashBoard/QuanlyAnh.aspx|huyenhs|Truy cập trang:Quản lý ảnh
9/20/2015 4:06:07 PM | ::1 | huyen | http://it.mt.gov.vn/dctquantri/DashBoard/QuanlyAnh.aspx|huyenhs|Truy cập trang:Quản lý ảnh
9/20/2015 4:07:44 PM | ::1 | huyen | http://it.mt.gov.vn/dctquantri/DashBoard/QuanlyAnh.aspx|huyenhs|Truy cập trang:Quản lý ảnh
9/20/2015 4:08:33 PM | ::1 | huyen | http://it.mt.gov.vn/dctquantri/DashBoard/QuanlyAnh.aspx|huyenhs|Truy cập trang:Quản lý ảnh
9/20/2015 4:10:19 PM | ::1 | huyen | http://it.mt.gov.vn/dctquantri/DashBoard/QuanlyAnh.aspx|huyenhs|Truy cập trang:Quản lý ảnh
9/20/2015 4:11:00 PM | ::1 | huyen | http://it.mt.gov.vn/dctquantri/DashBoard/QuanlyAnh.aspx|huyenhs|Truy cập trang:Quản lý ảnh
9/20/2015 4:11:19 PM | ::1 | huyen | http://it.mt.gov.vn/dctquantri/DashBoard/QuanlyAnh.aspx|huyenhs|Truy cập trang:Quản lý ảnh
9/20/2015 4:11:47 PM | ::1 | huyen | http://it.mt.gov.vn/dctquantri/DashBoard/QuanlyAnh.aspx|huyenhs|Truy cập trang:Quản lý ảnh
9/20/2015 4:12:07 PM | ::1 | huyen | http://it.mt.gov.vn/dctquantri/DashBoard/QuanlyAnh.aspx|huyenhs|Truy cập trang:Quản lý ảnh
9/20/2015 4:12:29 PM | ::1 | huyen | http://it.mt.gov.vn/dctquantri/DashBoard/QuanlyAnh.aspx|huyenhs|Truy cập trang:Quản lý ảnh
9/20/2015 4:16:30 PM | ::1 | huyen | http://it.mt.gov.vn/dctquantri/DashBoard/QuanlyAnh.aspx|huyenhs|Truy cập trang:Quản lý ảnh
9/20/2015 4:16:55 PM | ::1 | huyen | http://it.mt.gov.vn/dctquantri/DashBoard/QuanlyAnh.aspx|huyenhs|Truy cập trang:Quản lý ảnh
9/20/2015 4:18:26 PM | ::1 | huyen | http://it.mt.gov.vn/dctquantri/DashBoard/QuanlyAnh.aspx|huyenhs|Truy cập trang:Quản lý ảnh
9/20/2015 4:19:14 PM | ::1 | huyen | http://it.mt.gov.vn/dctquantri/DashBoard/QuanlyAnh.aspx|huyenhs|Truy cập trang:Quản lý ảnh
9/20/2015 4:21:51 PM | ::1 | huyen | http://it.mt.gov.vn/dctquantri/DashBoard/QuanlyAnh.aspx|huyenhs|Truy cập trang:Quản lý ảnh
9/20/2015 4:22:02 PM | ::1 | huyen | http://it.mt.gov.vn/dctquantri/DashBoard/QuanlyAnh.aspx|huyenhs|Truy cập trang:Quản lý ảnh
9/20/2015 4:22:17 PM | ::1 | huyen | http://it.mt.gov.vn/dctquantri/DashBoard/QuanlyAnh.aspx|huyenhs|Truy cập trang:Quản lý ảnh
9/20/2015 4:22:26 PM | ::1 | huyen | http://it.mt.gov.vn/dctquantri/DashBoard/QuanlyAnh.aspx|huyenhs|Truy cập trang:Quản lý ảnh
9/20/2015 4:24:54 PM | ::1 | huyen | http://it.mt.gov.vn/dctquantri/DashBoard/QuanlyAnh.aspx|huyenhs|Truy cập trang:Quản lý ảnh
9/20/2015 7:15:49 PM | ::1 | huyen | http://it.mt.gov.vn/dctquantri/DashBoard/QuanlyAnh.aspx|huyenhs|Truy cập trang:Quản lý ảnh
