9/17/2015 9:00:15 AM | ::1 | huyen | http://it.mt.gov.vn/dctquantri/DashBoard/DashBoard.aspx|huyenhs|Truy cập trang:Tổng quan
9/17/2015 9:01:01 AM | ::1 | huyen | http://it.mt.gov.vn/dctquantri/tTrafficSafety_08_TinTuc/ShowTTrafficSafety_08_TinTucTable.aspx|huyenhs|Truy cập trang:Xem danh sách  Tin tức
9/17/2015 9:01:04 AM | ::1 | huyen | http://it.mt.gov.vn/dctquantri/tTrafficSafety_08_TinTuc/AddTTrafficSafety_08_TinTuc.aspx|huyenhs|Truy cập trang:Thêm Tin tức
9/17/2015 9:01:09 AM | ::1 | huyen | http://it.mt.gov.vn/dctquantri/tTrafficSafety_08_TinTuc/ShowTTrafficSafety_08_TinTucTable.aspx|huyenhs|Truy cập trang:Xem danh sách  Tin tức
9/17/2015 9:01:12 AM | ::1 | huyen | http://it.mt.gov.vn/dctquantri/tTrafficSafety_08_TinTuc/EditTTrafficSafety_08_TinTuc.aspx?TTrafficSafety_08_TinTuc=<key><cv><c>id</c><v>1</v></cv></key>|huyenhs|Truy cập trang:Sửa  Tin tức
9/17/2015 9:01:17 AM | ::1 | huyen | http://it.mt.gov.vn/dctquantri/tTrafficSafety_08_TinTuc/ShowTTrafficSafety_08_TinTucTable.aspx|huyenhs|Truy cập trang:Xem danh sách  Tin tức
9/17/2015 9:01:26 AM | ::1 | huyen | http://it.mt.gov.vn/dctquantri/tTrafficSafety_09_Videos/ShowTTrafficSafety_09_VideosTable.aspx|huyenhs|Truy cập trang:Xem danh sách  Videos
9/17/2015 9:01:28 AM | ::1 | huyen | http://it.mt.gov.vn/dctquantri/tTrafficSafety_09_Videos/AddTTrafficSafety_09_Videos.aspx|huyenhs|Truy cập trang:Thêm Videos
9/17/2015 9:01:37 AM | ::1 | huyen | http://it.mt.gov.vn/dctquantri/DashBoard/QuanlyAnh.aspx|huyenhs|Truy cập trang:Quản lý ảnh
9/17/2015 9:01:46 AM | ::1 | huyen | http://it.mt.gov.vn/dctquantri/tTrafficSafety_10_BinhLuan/ShowTTrafficSafety_10_BinhLuanTable.aspx|huyenhs|Truy cập trang:Xem danh sách  Bình luận của độc giả
9/17/2015 9:01:54 AM | ::1 | huyen | http://it.mt.gov.vn/dctquantri/tSa05_DonVi/ShowTSa05_DonViTable.aspx|huyenhs|Truy cập trang:Xem danh sách  Đơn vị
9/17/2015 9:01:56 AM | ::1 | huyen | http://it.mt.gov.vn/dctquantri/tSa05_DonVi/AddTSa05_DonVi.aspx|huyenhs|Truy cập trang:Thêm Đơn vị
9/17/2015 9:01:58 AM | ::1 | huyen | http://it.mt.gov.vn/dctquantri/tSa05_DonVi/ShowTSa05_DonViTable.aspx|huyenhs|Truy cập trang:Xem danh sách  Đơn vị
9/17/2015 9:02:00 AM | ::1 | huyen | http://it.mt.gov.vn/dctquantri/tSa05_DonVi/EditTSa05_DonVi.aspx?TSa05_DonVi=<key><cv><c>ID</c><v>1</v></cv></key>|huyenhs|Truy cập trang:Sửa  Đơn vị
9/17/2015 9:02:03 AM | ::1 | huyen | http://it.mt.gov.vn/dctquantri/tSa05_DonVi/ShowTSa05_DonViTable.aspx|huyenhs|Truy cập trang:Xem danh sách  Đơn vị
9/17/2015 9:02:07 AM | ::1 | huyen | http://it.mt.gov.vn/dctquantri/tSa04_ChucVu/ShowTSa04_ChucVuTable.aspx|huyenhs|Truy cập trang:Xem danh sách  Chức vụ
9/17/2015 9:02:11 AM | ::1 | huyen | http://it.mt.gov.vn/dctquantri/tSa04_ChucVu/EditTSa04_ChucVu.aspx?TSa04_ChucVu=<key><cv><c>ID</c><v>1</v></cv></key>|huyenhs|Truy cập trang:Sửa Chức vụ
9/17/2015 9:02:13 AM | ::1 | huyen | http://it.mt.gov.vn/dctquantri/tSa04_ChucVu/ShowTSa04_ChucVuTable.aspx|huyenhs|Truy cập trang:Xem danh sách  Chức vụ
9/17/2015 9:02:14 AM | ::1 | huyen | http://it.mt.gov.vn/dctquantri/tSa04_ChucVu/AddTSa04_ChucVu.aspx|huyenhs|Truy cập trang:Thêm Chức vụ
9/17/2015 9:02:22 AM | ::1 | huyen | http://it.mt.gov.vn/dctquantri/tTrafficSafety_21_QuanLyTrangChu/ShowTTrafficSafety_21_QuanLyTrangChuTable.aspx|huyenhs|Truy cập trang:Xem danh sách module CT
9/17/2015 9:02:28 AM | ::1 | huyen | http://it.mt.gov.vn/dctquantri/tTrafficSafety_21_QuanLyTrangChu/AddTTrafficSafety_21_QuanLyTrangChu.aspx|huyenhs|Truy cập trang:Thêm module CT
9/17/2015 9:02:31 AM | ::1 | huyen | http://it.mt.gov.vn/dctquantri/tTrafficSafety_21_QuanLyTrangChu/ShowTTrafficSafety_21_QuanLyTrangChuTable.aspx|huyenhs|Truy cập trang:Xem danh sách module CT
9/17/2015 9:02:34 AM | ::1 | huyen | http://it.mt.gov.vn/dctquantri/tTrafficSafety_21_QuanLyTrangChu/EditTTrafficSafety_21_QuanLyTrangChu.aspx?TTrafficSafety_21_QuanLyTrangChu=<key><cv><c>Id</c><v>4</v></cv></key>|huyenhs|Truy cập trang:Sửa module CT
9/17/2015 9:02:43 AM | ::1 | huyen | http://it.mt.gov.vn/dctquantri/tTrafficSafety_15_VanBan/ShowTTrafficSafety_15_VanBanTable.aspx|huyenhs|Truy cập trang:Xem danh sách Văn bản QPPPL
9/17/2015 9:02:46 AM | ::1 | huyen | http://it.mt.gov.vn/dctquantri/tTrafficSafety_15_VanBan/AddTTrafficSafety_15_VanBan.aspx|huyenhs|Truy cập trang:Thêm Văn bản QPPPL
9/17/2015 9:02:48 AM | ::1 | huyen | http://it.mt.gov.vn/dctquantri/tTrafficSafety_15_VanBan/ShowTTrafficSafety_15_VanBanTable.aspx|huyenhs|Truy cập trang:Xem danh sách Văn bản QPPPL
9/17/2015 9:03:03 AM | ::1 | huyen | http://it.mt.gov.vn/dctquantri/DashBoard/DashBoard.aspx|huyenhs|Truy cập trang:Tổng quan
9/17/2015 9:27:12 AM | ::1 | huyen | http://it.mt.gov.vn/dctquantri/DashBoard/DashBoard.aspx|huyenhs|Truy cập trang:Tổng quan
9/17/2015 9:33:15 AM | ::1 | huyen | http://it.mt.gov.vn/dctquantri/DashBoard/DashBoard.aspx|huyenhs|Truy cập trang:Tổng quan
9/17/2015 9:50:04 AM | ::1 | huyen | http://it.mt.gov.vn/dctquantri/DashBoard/DashBoard.aspx|huyenhs|Truy cập trang:Tổng quan
9/17/2015 8:23:25 AM | ::1 | huyen | http://it.mt.gov.vn/dctquantri/DashBoard/ChangePasswords.aspx|huyenhs|Truy cập trang:Thay đổi mật khẩu
9/17/2015 8:23:36 AM | ::1 | huyen | http://it.mt.gov.vn/dctquantri/tTrafficSafety_08_TinTuc/ShowTTrafficSafety_08_TinTucTable.aspx|huyenhs|Truy cập trang:Xem danh sách  Tin tức
9/17/2015 8:23:52 AM | ::1 | huyen | http://it.mt.gov.vn/dctquantri/tTrafficSafety_08_TinTuc/ShowTTrafficSafety_08_TinTuc.aspx?TTrafficSafety_08_TinTuc=<key><cv><c>id</c><v>1</v></cv></key>|huyenhs|Truy cập trang:Xem chi tiết Tin tức
9/17/2015 8:24:00 AM | ::1 | huyen | http://it.mt.gov.vn/dctquantri/tTrafficSafety_08_TinTuc/ShowTTrafficSafety_08_TinTucTable.aspx|huyenhs|Truy cập trang:Xem danh sách  Tin tức
9/17/2015 8:24:02 AM | ::1 | huyen | http://it.mt.gov.vn/dctquantri/tTrafficSafety_08_TinTuc/ShowTTrafficSafety_08_TinTuc.aspx?TTrafficSafety_08_TinTuc=<key><cv><c>id</c><v>20</v></cv></key>|huyenhs|Truy cập trang:Xem chi tiết Tin tức
9/17/2015 8:26:20 AM | ::1 | huyen | http://it.mt.gov.vn/dctquantri/tTrafficSafety_08_TinTuc/ShowTTrafficSafety_08_TinTuc.aspx?TTrafficSafety_08_TinTuc=<key><cv><c>id</c><v>20</v></cv></key>|huyenhs|Truy cập trang:Xem chi tiết Tin tức
9/17/2015 8:28:21 AM | ::1 | huyen | http://it.mt.gov.vn/dctquantri/tTrafficSafety_08_TinTuc/ShowTTrafficSafety_08_TinTuc.aspx?TTrafficSafety_08_TinTuc=<key><cv><c>id</c><v>20</v></cv></key>|huyenhs|Truy cập trang:Xem chi tiết Tin tức
9/17/2015 8:28:23 AM | ::1 | huyen | http://it.mt.gov.vn/dctquantri/tTrafficSafety_08_TinTuc/ShowTTrafficSafety_08_TinTuc.aspx?TTrafficSafety_08_TinTuc=<key><cv><c>id</c><v>20</v></cv></key>|huyenhs|Truy cập trang:Xem chi tiết Tin tức
9/17/2015 8:28:27 AM | ::1 | huyen | http://it.mt.gov.vn/dctquantri/tTrafficSafety_08_TinTuc/ShowTTrafficSafety_08_TinTuc.aspx?TTrafficSafety_08_TinTuc=<key><cv><c>id</c><v>20</v></cv></key>|huyenhs|Truy cập trang:Xem chi tiết Tin tức
9/17/2015 8:30:12 AM | ::1 | huyen | http://it.mt.gov.vn/dctquantri/tTrafficSafety_08_TinTuc/ShowTTrafficSafety_08_TinTuc.aspx?TTrafficSafety_08_TinTuc=<key><cv><c>id</c><v>20</v></cv></key>|huyenhs|Truy cập trang:Xem chi tiết Tin tức
9/17/2015 8:31:34 AM | ::1 | huyen | http://it.mt.gov.vn/dctquantri/tTrafficSafety_08_TinTuc/ShowTTrafficSafety_08_TinTuc.aspx?TTrafficSafety_08_TinTuc=<key><cv><c>id</c><v>20</v></cv></key>|huyenhs|Truy cập trang:Xem chi tiết Tin tức
9/17/2015 8:32:17 AM | ::1 | huyen | http://it.mt.gov.vn/dctquantri/tTrafficSafety_08_TinTuc/ShowTTrafficSafety_08_TinTuc.aspx?TTrafficSafety_08_TinTuc=<key><cv><c>id</c><v>20</v></cv></key>|huyenhs|Truy cập trang:Xem chi tiết Tin tức
9/17/2015 8:33:09 AM | ::1 | huyen | http://it.mt.gov.vn/dctquantri/tTrafficSafety_08_TinTuc/ShowTTrafficSafety_08_TinTuc.aspx?TTrafficSafety_08_TinTuc=<key><cv><c>id</c><v>20</v></cv></key>|huyenhs|Truy cập trang:Xem chi tiết Tin tức
9/17/2015 8:33:51 AM | ::1 | huyen | http://it.mt.gov.vn/dctquantri/tTrafficSafety_08_TinTuc/ShowTTrafficSafety_08_TinTuc.aspx?TTrafficSafety_08_TinTuc=<key><cv><c>id</c><v>20</v></cv></key>|huyenhs|Truy cập trang:Xem chi tiết Tin tức
9/17/2015 8:34:43 AM | ::1 | huyen | http://it.mt.gov.vn/dctquantri/tTrafficSafety_08_TinTuc/ShowTTrafficSafety_08_TinTuc.aspx?TTrafficSafety_08_TinTuc=<key><cv><c>id</c><v>20</v></cv></key>|huyenhs|Truy cập trang:Xem chi tiết Tin tức
9/17/2015 8:35:38 AM | ::1 | huyen | http://it.mt.gov.vn/dctquantri/tTrafficSafety_08_TinTuc/ShowTTrafficSafety_08_TinTuc.aspx?TTrafficSafety_08_TinTuc=<key><cv><c>id</c><v>20</v></cv></key>|huyenhs|Truy cập trang:Xem chi tiết Tin tức
9/17/2015 8:36:04 AM | ::1 | huyen | http://it.mt.gov.vn/dctquantri/tTrafficSafety_08_TinTuc/ShowTTrafficSafety_08_TinTuc.aspx?TTrafficSafety_08_TinTuc=<key><cv><c>id</c><v>20</v></cv></key>|huyenhs|Truy cập trang:Xem chi tiết Tin tức
9/17/2015 8:36:27 AM | ::1 | huyen | http://it.mt.gov.vn/dctquantri/tTrafficSafety_08_TinTuc/ShowTTrafficSafety_08_TinTuc.aspx?TTrafficSafety_08_TinTuc=<key><cv><c>id</c><v>20</v></cv></key>|huyenhs|Truy cập trang:Xem chi tiết Tin tức
9/17/2015 8:40:39 AM | ::1 | huyen | http://it.mt.gov.vn/dctquantri/tTrafficSafety_08_TinTuc/ShowTTrafficSafety_08_TinTuc.aspx?TTrafficSafety_08_TinTuc=<key><cv><c>id</c><v>20</v></cv></key>|huyenhs|Truy cập trang:Xem chi tiết Tin tức
9/17/2015 8:45:18 AM | ::1 | huyen | http://it.mt.gov.vn/dctquantri/tTrafficSafety_08_TinTuc/ShowTTrafficSafety_08_TinTuc.aspx?TTrafficSafety_08_TinTuc=<key><cv><c>id</c><v>20</v></cv></key>|huyenhs|Truy cập trang:Xem chi tiết Tin tức
9/17/2015 9:07:02 AM | ::1 | huyen | http://it.mt.gov.vn/dctquantri/tTrafficSafety_08_TinTuc/ShowTTrafficSafety_08_TinTuc.aspx|huyenhs|Truy cập trang:Xem chi tiết Tin tức
9/17/2015 9:07:14 AM | ::1 | huyen | http://it.mt.gov.vn/dctquantri/tTrafficSafety_07_DanhMucTinTuc/ShowTTrafficSafety_07_DanhMucTinTucTable.aspx|huyenhs|Truy cập trang:Xem danh sách  Danh mục tin tức
9/17/2015 9:07:17 AM | ::1 | huyen | http://it.mt.gov.vn/dctquantri/tTrafficSafety_08_TinTuc/ShowTTrafficSafety_08_TinTucTable.aspx|huyenhs|Truy cập trang:Xem danh sách  Tin tức
9/17/2015 9:07:20 AM | ::1 | huyen | http://it.mt.gov.vn/dctquantri/tTrafficSafety_08_TinTuc/ShowTTrafficSafety_08_TinTuc.aspx?TTrafficSafety_08_TinTuc=<key><cv><c>id</c><v>21</v></cv></key>|huyenhs|Truy cập trang:Xem chi tiết Tin tức
9/17/2015 9:08:42 AM | ::1 | huyen | http://it.mt.gov.vn/dctquantri/tTrafficSafety_08_TinTuc/ShowTTrafficSafety_08_TinTuc.aspx?TTrafficSafety_08_TinTuc=<key><cv><c>id</c><v>21</v></cv></key>|huyenhs|Truy cập trang:Xem chi tiết Tin tức
9/17/2015 9:08:48 AM | ::1 | huyen | http://it.mt.gov.vn/dctquantri/tTrafficSafety_08_TinTuc/ShowTTrafficSafety_08_TinTucTable.aspx|huyenhs|Truy cập trang:Xem danh sách  Tin tức
9/17/2015 9:09:03 AM | ::1 | huyen | http://it.mt.gov.vn/dctquantri/tTrafficSafety_08_TinTuc/ShowTTrafficSafety_08_TinTucTable.aspx|huyenhs|Truy cập trang:Xem danh sách  Tin tức
9/17/2015 9:09:26 AM | ::1 | huyen | http://it.mt.gov.vn/dctquantri/tTrafficSafety_18_ThamDoYKien/ShowTTrafficSafety_18_ThamDoYKienTable.aspx|huyenhs|Truy cập trang:Xem danh sách  thăm dò ý kiến
9/17/2015 9:09:35 AM | ::1 | huyen | http://it.mt.gov.vn/dctquantri/tTrafficSafety_21_QuanLyTrangChu/ShowTTrafficSafety_21_QuanLyTrangChuTable.aspx|huyenhs|Truy cập trang:Xem danh sách module CT
9/17/2015 9:09:45 AM | ::1 | huyen | http://it.mt.gov.vn/dctquantri/DashBoard/QuanlyAnh.aspx|huyenhs|Truy cập trang:Quản lý ảnh
9/17/2015 9:10:55 AM | ::1 | huyen | http://it.mt.gov.vn/dctquantri/DashBoard/QuanlyAnh.aspx|huyenhs|Truy cập trang:Quản lý ảnh
9/17/2015 9:11:17 AM | ::1 | huyen | http://it.mt.gov.vn/dctquantri/tTrafficSafety_07_DanhMucTinTuc/ShowTTrafficSafety_07_DanhMucTinTucTable.aspx|huyenhs|Truy cập trang:Xem danh sách  Danh mục tin tức
9/17/2015 9:12:00 AM | ::1 | huyen | http://it.mt.gov.vn/dctquantri/DashBoard/QuanlyAnh.aspx|huyenhs|Truy cập trang:Quản lý ảnh
9/17/2015 9:12:31 AM | ::1 | huyen | http://it.mt.gov.vn/dctquantri/DashBoard/QuanlyAnh.aspx|huyenhs|Truy cập trang:Quản lý ảnh
9/17/2015 9:12:53 AM | ::1 | huyen | http://it.mt.gov.vn/dctquantri/DashBoard/QuanlyAnh.aspx|huyenhs|Truy cập trang:Quản lý ảnh
9/17/2015 9:13:52 AM | ::1 | huyen | http://it.mt.gov.vn/dctquantri/tTrafficSafety_07_DanhMucTinTuc/ShowTTrafficSafety_07_DanhMucTinTucTable.aspx|huyenhs|Truy cập trang:Xem danh sách  Danh mục tin tức
9/17/2015 9:27:30 AM | ::1 | huyen | http://it.mt.gov.vn/dctquantri/tTrafficSafety_08_TinTuc/ShowTTrafficSafety_08_TinTucTable.aspx|huyenhs|Truy cập trang:Xem danh sách  Tin tức
9/17/2015 9:27:42 AM | ::1 | huyen | http://it.mt.gov.vn/dctquantri/tTrafficSafety_08_TinTuc/EditTTrafficSafety_08_TinTuc.aspx?TTrafficSafety_08_TinTuc=<key><cv><c>id</c><v>1</v></cv></key>|huyenhs|Truy cập trang:Sửa  Tin tức
9/17/2015 9:31:33 AM | ::1 | huyen | http://it.mt.gov.vn/dctquantri/tTrafficSafety_08_TinTuc/EditTTrafficSafety_08_TinTuc.aspx?TTrafficSafety_08_TinTuc=<key><cv><c>id</c><v>1</v></cv></key>|huyenhs|Truy cập trang:Sửa  Tin tức
9/17/2015 9:36:49 AM | ::1 | huyen | http://it.mt.gov.vn/dctquantri/tTrafficSafety_08_TinTuc/EditTTrafficSafety_08_TinTuc.aspx?TTrafficSafety_08_TinTuc=<key><cv><c>id</c><v>1</v></cv></key>|huyenhs|Truy cập trang:Sửa  Tin tức
9/17/2015 9:38:12 AM | ::1 | huyen | http://it.mt.gov.vn/dctquantri/tTrafficSafety_08_TinTuc/ShowTTrafficSafety_08_TinTucTable.aspx|huyenhs|Truy cập trang:Xem danh sách  Tin tức
9/17/2015 9:39:00 AM | ::1 | huyen | http://it.mt.gov.vn/dctquantri/tTrafficSafety_08_TinTuc/EditTTrafficSafety_08_TinTuc.aspx?TTrafficSafety_08_TinTuc=<key><cv><c>id</c><v>1</v></cv></key>|huyenhs|Truy cập trang:Sửa  Tin tức
9/17/2015 9:39:17 AM | ::1 | huyen | http://it.mt.gov.vn/dctquantri/tTrafficSafety_08_TinTuc/ShowTTrafficSafety_08_TinTucTable.aspx|huyenhs|Truy cập trang:Xem danh sách  Tin tức
9/17/2015 9:43:29 AM | ::1 | huyen | http://it.mt.gov.vn/dctquantri/tTrafficSafety_08_TinTuc/ShowTTrafficSafety_08_TinTucTable.aspx|huyenhs|Truy cập trang:Xem danh sách  Tin tức
9/17/2015 9:47:23 AM | ::1 | huyen | http://it.mt.gov.vn/dctquantri/tTrafficSafety_08_TinTuc/ShowTTrafficSafety_08_TinTucTable.aspx|huyenhs|Truy cập trang:Xem danh sách  Tin tức
9/17/2015 9:49:33 AM | ::1 | huyen | http://it.mt.gov.vn/dctquantri/tTrafficSafety_08_TinTuc/ShowTTrafficSafety_08_TinTucTable.aspx|huyenhs|Truy cập trang:Xem danh sách  Tin tức
9/17/2015 9:54:08 AM | ::1 | huyen | http://it.mt.gov.vn/dctquantri/tTrafficSafety_08_TinTuc/ShowTTrafficSafety_08_TinTucTable.aspx|huyenhs|Truy cập trang:Xem danh sách  Tin tức
9/17/2015 9:54:27 AM | ::1 | huyen | http://it.mt.gov.vn/dctquantri/tTrafficSafety_08_TinTuc/ShowTTrafficSafety_08_TinTucTable.aspx|huyenhs|Truy cập trang:Xem danh sách  Tin tức
9/17/2015 9:57:37 AM | ::1 | huyen | http://it.mt.gov.vn/dctquantri/tTrafficSafety_08_TinTuc/ShowTTrafficSafety_08_TinTucTable.aspx|huyenhs|Truy cập trang:Xem danh sách  Tin tức
9/17/2015 1:01:31 PM | ::1 | huyen | http://it.mt.gov.vn/dctquantri/tTrafficSafety_08_TinTuc/ShowTTrafficSafety_08_TinTuc.aspx|huyenhs|Truy cập trang:Xem chi tiết Tin tức
9/17/2015 1:01:43 PM | ::1 | huyen | http://it.mt.gov.vn/dctquantri/tTrafficSafety_08_TinTuc/ShowTTrafficSafety_08_TinTucTable.aspx|huyenhs|Truy cập trang:Xem danh sách  Tin tức
9/17/2015 1:01:48 PM | ::1 | huyen | http://it.mt.gov.vn/dctquantri/tTrafficSafety_08_TinTuc/EditTTrafficSafety_08_TinTuc.aspx?TTrafficSafety_08_TinTuc=<key><cv><c>id</c><v>17</v></cv></key>|huyenhs|Truy cập trang:Sửa  Tin tức
9/17/2015 1:03:31 PM | ::1 | huyen | http://it.mt.gov.vn/dctquantri/tTrafficSafety_08_TinTuc/ShowTTrafficSafety_08_TinTucTable.aspx|huyenhs|Truy cập trang:Xem danh sách  Tin tức
9/17/2015 1:03:52 PM | ::1 | huyen | http://it.mt.gov.vn/dctquantri/tTrafficSafety_08_TinTuc/EditTTrafficSafety_08_TinTuc.aspx?TTrafficSafety_08_TinTuc=<key><cv><c>id</c><v>19</v></cv></key>|huyenhs|Truy cập trang:Sửa  Tin tức
9/17/2015 1:04:43 PM | ::1 | huyen | http://it.mt.gov.vn/dctquantri/tTrafficSafety_08_TinTuc/ShowTTrafficSafety_08_TinTucTable.aspx|huyenhs|Truy cập trang:Xem danh sách  Tin tức
9/17/2015 1:04:47 PM | ::1 | huyen | http://it.mt.gov.vn/dctquantri/tTrafficSafety_08_TinTuc/EditTTrafficSafety_08_TinTuc.aspx?TTrafficSafety_08_TinTuc=<key><cv><c>id</c><v>20</v></cv></key>|huyenhs|Truy cập trang:Sửa  Tin tức
9/17/2015 1:05:57 PM | ::1 | huyen | http://it.mt.gov.vn/dctquantri/tTrafficSafety_08_TinTuc/ShowTTrafficSafety_08_TinTucTable.aspx|huyenhs|Truy cập trang:Xem danh sách  Tin tức
9/17/2015 1:06:33 PM | ::1 | huyen | http://it.mt.gov.vn/dctquantri/tTrafficSafety_08_TinTuc/EditTTrafficSafety_08_TinTuc.aspx?TTrafficSafety_08_TinTuc=<key><cv><c>id</c><v>21</v></cv></key>|huyenhs|Truy cập trang:Sửa  Tin tức
9/17/2015 1:07:57 PM | ::1 | huyen | http://it.mt.gov.vn/dctquantri/tTrafficSafety_08_TinTuc/ShowTTrafficSafety_08_TinTucTable.aspx|huyenhs|Truy cập trang:Xem danh sách  Tin tức
9/17/2015 1:14:28 PM | ::1 | huyen | http://it.mt.gov.vn/dctquantri/tTrafficSafety_08_TinTuc/ShowTTrafficSafety_08_TinTucTable.aspx|huyenhs|Truy cập trang:Xem danh sách  Tin tức
9/17/2015 1:14:31 PM | ::1 | huyen | http://it.mt.gov.vn/dctquantri/tTrafficSafety_08_TinTuc/AddTTrafficSafety_08_TinTuc.aspx|huyenhs|Truy cập trang:Thêm Tin tức
9/17/2015 1:16:52 PM | ::1 | huyen | http://it.mt.gov.vn/dctquantri/tTrafficSafety_08_TinTuc/ShowTTrafficSafety_08_TinTucTable.aspx|huyenhs|Truy cập trang:Xem danh sách  Tin tức
9/17/2015 1:17:07 PM | ::1 | huyen | http://it.mt.gov.vn/dctquantri/tTrafficSafety_08_TinTuc/AddTTrafficSafety_08_TinTuc.aspx|huyenhs|Truy cập trang:Thêm Tin tức
9/17/2015 1:18:48 PM | ::1 | huyen | http://it.mt.gov.vn/dctquantri/tTrafficSafety_08_TinTuc/ShowTTrafficSafety_08_TinTucTable.aspx|huyenhs|Truy cập trang:Xem danh sách  Tin tức
9/17/2015 1:18:56 PM | ::1 | huyen | http://it.mt.gov.vn/dctquantri/tTrafficSafety_08_TinTuc/EditTTrafficSafety_08_TinTuc.aspx?TTrafficSafety_08_TinTuc=<key><cv><c>id</c><v>23</v></cv></key>|huyenhs|Truy cập trang:Sửa  Tin tức
9/17/2015 1:19:17 PM | ::1 | huyen | http://it.mt.gov.vn/dctquantri/tTrafficSafety_08_TinTuc/ShowTTrafficSafety_08_TinTucTable.aspx|huyenhs|Truy cập trang:Xem danh sách  Tin tức
9/17/2015 1:19:24 PM | ::1 | huyen | http://it.mt.gov.vn/dctquantri/tTrafficSafety_08_TinTuc/EditTTrafficSafety_08_TinTuc.aspx?TTrafficSafety_08_TinTuc=<key><cv><c>id</c><v>23</v></cv></key>|huyenhs|Truy cập trang:Sửa  Tin tức
9/17/2015 1:23:33 PM | ::1 | huyen | http://it.mt.gov.vn/dctquantri/tTrafficSafety_07_DanhMucTinTuc/ShowTTrafficSafety_07_DanhMucTinTucTable.aspx|huyenhs|Truy cập trang:Xem danh sách  Danh mục tin tức
9/17/2015 1:24:00 PM | ::1 | huyen | http://it.mt.gov.vn/dctquantri/tTrafficSafety_08_TinTuc/AddTTrafficSafety_08_TinTuc.aspx|huyenhs|Truy cập trang:Thêm Tin tức
9/17/2015 1:25:52 PM | ::1 | huyen | http://it.mt.gov.vn/dctquantri/tTrafficSafety_08_TinTuc/ShowTTrafficSafety_08_TinTucTable.aspx|huyenhs|Truy cập trang:Xem danh sách  Tin tức
9/17/2015 1:26:19 PM | ::1 | huyen | http://it.mt.gov.vn/dctquantri/tTrafficSafety_08_TinTuc/AddTTrafficSafety_08_TinTuc.aspx|huyenhs|Truy cập trang:Thêm Tin tức
9/17/2015 1:28:37 PM | ::1 | huyen | http://it.mt.gov.vn/dctquantri/tTrafficSafety_08_TinTuc/ShowTTrafficSafety_08_TinTucTable.aspx|huyenhs|Truy cập trang:Xem danh sách  Tin tức
9/17/2015 1:28:41 PM | ::1 | huyen | http://it.mt.gov.vn/dctquantri/tTrafficSafety_08_TinTuc/AddTTrafficSafety_08_TinTuc.aspx|huyenhs|Truy cập trang:Thêm Tin tức
9/17/2015 1:28:45 PM | ::1 | huyen | http://it.mt.gov.vn/dctquantri/tTrafficSafety_08_TinTuc/ShowTTrafficSafety_08_TinTucTable.aspx|huyenhs|Truy cập trang:Xem danh sách  Tin tức
9/17/2015 1:28:49 PM | ::1 | huyen | http://it.mt.gov.vn/dctquantri/tTrafficSafety_08_TinTuc/AddTTrafficSafety_08_TinTuc.aspx?TTrafficSafety_08_TinTuc=<key><cv><c>id</c><v>25</v></cv></key>|huyenhs|Truy cập trang:Thêm Tin tức
9/17/2015 1:30:46 PM | ::1 | huyen | http://it.mt.gov.vn/dctquantri/tTrafficSafety_08_TinTuc/ShowTTrafficSafety_08_TinTucTable.aspx|huyenhs|Truy cập trang:Xem danh sách  Tin tức
9/17/2015 1:30:54 PM | ::1 | huyen | http://it.mt.gov.vn/dctquantri/tTrafficSafety_08_TinTuc/EditTTrafficSafety_08_TinTuc.aspx?TTrafficSafety_08_TinTuc=<key><cv><c>id</c><v>26</v></cv></key>|huyenhs|Truy cập trang:Sửa  Tin tức
9/17/2015 1:31:33 PM | ::1 | huyen | http://it.mt.gov.vn/dctquantri/tTrafficSafety_08_TinTuc/ShowTTrafficSafety_08_TinTucTable.aspx|huyenhs|Truy cập trang:Xem danh sách  Tin tức
9/17/2015 1:31:44 PM | ::1 | huyen | http://it.mt.gov.vn/dctquantri/tTrafficSafety_08_TinTuc/AddTTrafficSafety_08_TinTuc.aspx?TTrafficSafety_08_TinTuc=<key><cv><c>id</c><v>26</v></cv></key>|huyenhs|Truy cập trang:Thêm Tin tức
9/17/2015 1:34:18 PM | ::1 | huyen | http://it.mt.gov.vn/dctquantri/tTrafficSafety_08_TinTuc/ShowTTrafficSafety_08_TinTucTable.aspx|huyenhs|Truy cập trang:Xem danh sách  Tin tức
9/17/2015 1:34:28 PM | ::1 | huyen | http://it.mt.gov.vn/dctquantri/tTrafficSafety_08_TinTuc/EditTTrafficSafety_08_TinTuc.aspx?TTrafficSafety_08_TinTuc=<key><cv><c>id</c><v>27</v></cv></key>|huyenhs|Truy cập trang:Sửa  Tin tức
9/17/2015 1:34:34 PM | ::1 | huyen | http://it.mt.gov.vn/dctquantri/tTrafficSafety_08_TinTuc/ShowTTrafficSafety_08_TinTucTable.aspx|huyenhs|Truy cập trang:Xem danh sách  Tin tức
9/17/2015 1:34:50 PM | ::1 | huyen | http://it.mt.gov.vn/dctquantri/tTrafficSafety_08_TinTuc/AddTTrafficSafety_08_TinTuc.aspx?TTrafficSafety_08_TinTuc=<key><cv><c>id</c><v>27</v></cv></key>|huyenhs|Truy cập trang:Thêm Tin tức
9/17/2015 1:38:36 PM | ::1 | huyen | http://it.mt.gov.vn/dctquantri/tTrafficSafety_08_TinTuc/ShowTTrafficSafety_08_TinTucTable.aspx|huyenhs|Truy cập trang:Xem danh sách  Tin tức
9/17/2015 1:38:52 PM | ::1 | huyen | http://it.mt.gov.vn/dctquantri/tTrafficSafety_08_TinTuc/AddTTrafficSafety_08_TinTuc.aspx?TTrafficSafety_08_TinTuc=<key><cv><c>id</c><v>28</v></cv></key>|huyenhs|Truy cập trang:Thêm Tin tức
9/17/2015 1:40:22 PM | ::1 | huyen | http://it.mt.gov.vn/dctquantri/tTrafficSafety_08_TinTuc/ShowTTrafficSafety_08_TinTucTable.aspx|huyenhs|Truy cập trang:Xem danh sách  Tin tức
9/17/2015 1:40:38 PM | ::1 | huyen | http://it.mt.gov.vn/dctquantri/tTrafficSafety_08_TinTuc/ShowTTrafficSafety_08_TinTucTable.aspx|huyenhs|Truy cập trang:Xem danh sách  Tin tức
9/17/2015 1:41:14 PM | ::1 | huyen | http://it.mt.gov.vn/dctquantri/tTrafficSafety_08_TinTuc/AddTTrafficSafety_08_TinTuc.aspx|huyenhs|Truy cập trang:Thêm Tin tức
9/17/2015 1:41:35 PM | ::1 | huyen | http://it.mt.gov.vn/dctquantri/tTrafficSafety_08_TinTuc/ShowTTrafficSafety_08_TinTucTable.aspx|huyenhs|Truy cập trang:Xem danh sách  Tin tức
9/17/2015 1:41:53 PM | ::1 | huyen | http://it.mt.gov.vn/dctquantri/tTrafficSafety_08_TinTuc/EditTTrafficSafety_08_TinTuc.aspx?TTrafficSafety_08_TinTuc=<key><cv><c>id</c><v>20</v></cv></key>|huyenhs|Truy cập trang:Sửa  Tin tức
9/17/2015 1:41:58 PM | ::1 | huyen | http://it.mt.gov.vn/dctquantri/tTrafficSafety_08_TinTuc/ShowTTrafficSafety_08_TinTucTable.aspx|huyenhs|Truy cập trang:Xem danh sách  Tin tức
9/17/2015 1:42:00 PM | ::1 | huyen | http://it.mt.gov.vn/dctquantri/tTrafficSafety_08_TinTuc/EditTTrafficSafety_08_TinTuc.aspx?TTrafficSafety_08_TinTuc=<key><cv><c>id</c><v>21</v></cv></key>|huyenhs|Truy cập trang:Sửa  Tin tức
9/17/2015 1:42:05 PM | ::1 | huyen | http://it.mt.gov.vn/dctquantri/tTrafficSafety_08_TinTuc/ShowTTrafficSafety_08_TinTucTable.aspx|huyenhs|Truy cập trang:Xem danh sách  Tin tức
9/17/2015 1:42:11 PM | ::1 | huyen | http://it.mt.gov.vn/dctquantri/tTrafficSafety_08_TinTuc/AddTTrafficSafety_08_TinTuc.aspx|huyenhs|Truy cập trang:Thêm Tin tức
9/17/2015 1:43:56 PM | ::1 | huyen | http://it.mt.gov.vn/dctquantri/tTrafficSafety_08_TinTuc/ShowTTrafficSafety_08_TinTucTable.aspx|huyenhs|Truy cập trang:Xem danh sách  Tin tức
9/17/2015 1:44:22 PM | ::1 | huyen | http://it.mt.gov.vn/dctquantri/tTrafficSafety_08_TinTuc/EditTTrafficSafety_08_TinTuc.aspx?TTrafficSafety_08_TinTuc=<key><cv><c>id</c><v>21</v></cv></key>|huyenhs|Truy cập trang:Sửa  Tin tức
9/17/2015 1:44:30 PM | ::1 | huyen | http://it.mt.gov.vn/dctquantri/tTrafficSafety_08_TinTuc/ShowTTrafficSafety_08_TinTucTable.aspx|huyenhs|Truy cập trang:Xem danh sách  Tin tức
9/17/2015 1:44:33 PM | ::1 | huyen | http://it.mt.gov.vn/dctquantri/tTrafficSafety_08_TinTuc/EditTTrafficSafety_08_TinTuc.aspx?TTrafficSafety_08_TinTuc=<key><cv><c>id</c><v>20</v></cv></key>|huyenhs|Truy cập trang:Sửa  Tin tức
9/17/2015 1:44:40 PM | ::1 | huyen | http://it.mt.gov.vn/dctquantri/tTrafficSafety_08_TinTuc/ShowTTrafficSafety_08_TinTucTable.aspx|huyenhs|Truy cập trang:Xem danh sách  Tin tức
9/17/2015 1:44:41 PM | ::1 | huyen | http://it.mt.gov.vn/dctquantri/tTrafficSafety_08_TinTuc/EditTTrafficSafety_08_TinTuc.aspx?TTrafficSafety_08_TinTuc=<key><cv><c>id</c><v>30</v></cv></key>|huyenhs|Truy cập trang:Sửa  Tin tức
9/17/2015 1:44:47 PM | ::1 | huyen | http://it.mt.gov.vn/dctquantri/tTrafficSafety_08_TinTuc/ShowTTrafficSafety_08_TinTucTable.aspx|huyenhs|Truy cập trang:Xem danh sách  Tin tức
9/17/2015 1:44:49 PM | ::1 | huyen | http://it.mt.gov.vn/dctquantri/tTrafficSafety_08_TinTuc/AddTTrafficSafety_08_TinTuc.aspx?TTrafficSafety_08_TinTuc=<key><cv><c>id</c><v>30</v></cv></key>|huyenhs|Truy cập trang:Thêm Tin tức
9/17/2015 1:46:33 PM | ::1 | huyen | http://it.mt.gov.vn/dctquantri/tTrafficSafety_08_TinTuc/ShowTTrafficSafety_08_TinTucTable.aspx|huyenhs|Truy cập trang:Xem danh sách  Tin tức
9/17/2015 1:46:57 PM | ::1 | huyen | http://it.mt.gov.vn/dctquantri/tTrafficSafety_08_TinTuc/AddTTrafficSafety_08_TinTuc.aspx|huyenhs|Truy cập trang:Thêm Tin tức
9/17/2015 1:48:50 PM | ::1 | huyen | http://it.mt.gov.vn/dctquantri/tTrafficSafety_08_TinTuc/ShowTTrafficSafety_08_TinTucTable.aspx|huyenhs|Truy cập trang:Xem danh sách  Tin tức
9/17/2015 1:52:06 PM | ::1 | huyen | http://it.mt.gov.vn/dctquantri/tTrafficSafety_08_TinTuc/AddTTrafficSafety_08_TinTuc.aspx|huyenhs|Truy cập trang:Thêm Tin tức
9/17/2015 1:53:37 PM | ::1 | huyen | http://it.mt.gov.vn/dctquantri/tTrafficSafety_08_TinTuc/ShowTTrafficSafety_08_TinTucTable.aspx|huyenhs|Truy cập trang:Xem danh sách  Tin tức
9/17/2015 1:53:42 PM | ::1 | huyen | http://it.mt.gov.vn/dctquantri/tTrafficSafety_08_TinTuc/AddTTrafficSafety_08_TinTuc.aspx|huyenhs|Truy cập trang:Thêm Tin tức
9/17/2015 1:55:49 PM | ::1 | huyen | http://it.mt.gov.vn/dctquantri/tTrafficSafety_08_TinTuc/ShowTTrafficSafety_08_TinTucTable.aspx|huyenhs|Truy cập trang:Xem danh sách  Tin tức
9/17/2015 1:55:58 PM | ::1 | huyen | http://it.mt.gov.vn/dctquantri/tTrafficSafety_08_TinTuc/EditTTrafficSafety_08_TinTuc.aspx?TTrafficSafety_08_TinTuc=<key><cv><c>id</c><v>34</v></cv></key>|huyenhs|Truy cập trang:Sửa  Tin tức
9/17/2015 1:56:16 PM | ::1 | huyen | http://it.mt.gov.vn/dctquantri/tTrafficSafety_08_TinTuc/ShowTTrafficSafety_08_TinTucTable.aspx|huyenhs|Truy cập trang:Xem danh sách  Tin tức
9/17/2015 1:56:39 PM | ::1 | huyen | http://it.mt.gov.vn/dctquantri/tTrafficSafety_08_TinTuc/AddTTrafficSafety_08_TinTuc.aspx|huyenhs|Truy cập trang:Thêm Tin tức
9/17/2015 1:59:11 PM | ::1 | huyen | http://it.mt.gov.vn/dctquantri/tTrafficSafety_08_TinTuc/ShowTTrafficSafety_08_TinTucTable.aspx|huyenhs|Truy cập trang:Xem danh sách  Tin tức
9/17/2015 1:59:33 PM | ::1 | huyen | http://it.mt.gov.vn/dctquantri/tTrafficSafety_08_TinTuc/AddTTrafficSafety_08_TinTuc.aspx|huyenhs|Truy cập trang:Thêm Tin tức
9/17/2015 2:01:33 PM | ::1 | huyen | http://it.mt.gov.vn/dctquantri/tTrafficSafety_08_TinTuc/ShowTTrafficSafety_08_TinTucTable.aspx|huyenhs|Truy cập trang:Xem danh sách  Tin tức
9/17/2015 2:02:05 PM | ::1 | huyen | http://it.mt.gov.vn/dctquantri/tTrafficSafety_08_TinTuc/AddTTrafficSafety_08_TinTuc.aspx|huyenhs|Truy cập trang:Thêm Tin tức
9/17/2015 2:03:49 PM | ::1 | huyen | http://it.mt.gov.vn/dctquantri/tTrafficSafety_08_TinTuc/ShowTTrafficSafety_08_TinTucTable.aspx|huyenhs|Truy cập trang:Xem danh sách  Tin tức
9/17/2015 2:04:12 PM | ::1 | huyen | http://it.mt.gov.vn/dctquantri/tTrafficSafety_08_TinTuc/AddTTrafficSafety_08_TinTuc.aspx|huyenhs|Truy cập trang:Thêm Tin tức
9/17/2015 2:05:56 PM | ::1 | huyen | http://it.mt.gov.vn/dctquantri/tTrafficSafety_08_TinTuc/ShowTTrafficSafety_08_TinTucTable.aspx|huyenhs|Truy cập trang:Xem danh sách  Tin tức
9/17/2015 2:06:29 PM | ::1 | huyen | http://it.mt.gov.vn/dctquantri/tTrafficSafety_08_TinTuc/AddTTrafficSafety_08_TinTuc.aspx|huyenhs|Truy cập trang:Thêm Tin tức
9/17/2015 2:07:54 PM | ::1 | huyen | http://it.mt.gov.vn/dctquantri/tTrafficSafety_08_TinTuc/AddTTrafficSafety_08_TinTuc.aspx|huyenhs|Truy cập trang:Thêm Tin tức
9/17/2015 2:08:44 PM | ::1 | huyen | http://it.mt.gov.vn/dctquantri/tTrafficSafety_08_TinTuc/ShowTTrafficSafety_08_TinTucTable.aspx|huyenhs|Truy cập trang:Xem danh sách  Tin tức
9/17/2015 2:08:51 PM | ::1 | huyen | http://it.mt.gov.vn/dctquantri/tTrafficSafety_08_TinTuc/AddTTrafficSafety_08_TinTuc.aspx|huyenhs|Truy cập trang:Thêm Tin tức
9/17/2015 2:10:37 PM | ::1 | huyen | http://it.mt.gov.vn/dctquantri/tTrafficSafety_08_TinTuc/ShowTTrafficSafety_08_TinTucTable.aspx|huyenhs|Truy cập trang:Xem danh sách  Tin tức
9/17/2015 2:10:39 PM | ::1 | huyen | http://it.mt.gov.vn/dctquantri/tTrafficSafety_08_TinTuc/AddTTrafficSafety_08_TinTuc.aspx|huyenhs|Truy cập trang:Thêm Tin tức
9/17/2015 2:12:13 PM | ::1 | huyen | http://it.mt.gov.vn/dctquantri/tTrafficSafety_08_TinTuc/ShowTTrafficSafety_08_TinTucTable.aspx|huyenhs|Truy cập trang:Xem danh sách  Tin tức
9/17/2015 2:12:37 PM | ::1 | huyen | http://it.mt.gov.vn/dctquantri/tTrafficSafety_08_TinTuc/AddTTrafficSafety_08_TinTuc.aspx|huyenhs|Truy cập trang:Thêm Tin tức
9/17/2015 2:13:44 PM | ::1 | huyen | http://it.mt.gov.vn/dctquantri/tTrafficSafety_08_TinTuc/ShowTTrafficSafety_08_TinTucTable.aspx|huyenhs|Truy cập trang:Xem danh sách  Tin tức
9/17/2015 2:14:07 PM | ::1 | huyen | http://it.mt.gov.vn/dctquantri/tTrafficSafety_08_TinTuc/EditTTrafficSafety_08_TinTuc.aspx?TTrafficSafety_08_TinTuc=<key><cv><c>id</c><v>42</v></cv></key>|huyenhs|Truy cập trang:Sửa  Tin tức
9/17/2015 2:14:14 PM | ::1 | huyen | http://it.mt.gov.vn/dctquantri/tTrafficSafety_08_TinTuc/ShowTTrafficSafety_08_TinTucTable.aspx|huyenhs|Truy cập trang:Xem danh sách  Tin tức
9/17/2015 2:14:38 PM | ::1 | huyen | http://it.mt.gov.vn/dctquantri/tTrafficSafety_08_TinTuc/AddTTrafficSafety_08_TinTuc.aspx|huyenhs|Truy cập trang:Thêm Tin tức
9/17/2015 2:16:06 PM | ::1 | huyen | http://it.mt.gov.vn/dctquantri/tTrafficSafety_08_TinTuc/ShowTTrafficSafety_08_TinTucTable.aspx|huyenhs|Truy cập trang:Xem danh sách  Tin tức
9/17/2015 2:16:26 PM | ::1 | huyen | http://it.mt.gov.vn/dctquantri/tTrafficSafety_07_DanhMucTinTuc/ShowTTrafficSafety_07_DanhMucTinTucTable.aspx|huyenhs|Truy cập trang:Xem danh sách  Danh mục tin tức
9/17/2015 2:16:30 PM | ::1 | huyen | http://it.mt.gov.vn/dctquantri/tTrafficSafety_08_TinTuc/ShowTTrafficSafety_08_TinTucTable.aspx|huyenhs|Truy cập trang:Xem danh sách  Tin tức
9/17/2015 2:16:58 PM | ::1 | huyen | http://it.mt.gov.vn/dctquantri/tTrafficSafety_08_TinTuc/EditTTrafficSafety_08_TinTuc.aspx?TTrafficSafety_08_TinTuc=<key><cv><c>id</c><v>17</v></cv></key>|huyenhs|Truy cập trang:Sửa  Tin tức
9/17/2015 2:17:05 PM | ::1 | huyen | http://it.mt.gov.vn/dctquantri/tTrafficSafety_08_TinTuc/ShowTTrafficSafety_08_TinTucTable.aspx|huyenhs|Truy cập trang:Xem danh sách  Tin tức
9/17/2015 2:17:07 PM | ::1 | huyen | http://it.mt.gov.vn/dctquantri/tTrafficSafety_08_TinTuc/AddTTrafficSafety_08_TinTuc.aspx|huyenhs|Truy cập trang:Thêm Tin tức
9/17/2015 2:20:36 PM | ::1 | huyen | http://it.mt.gov.vn/dctquantri/tTrafficSafety_08_TinTuc/ShowTTrafficSafety_08_TinTucTable.aspx|huyenhs|Truy cập trang:Xem danh sách  Tin tức
9/17/2015 2:20:40 PM | ::1 | huyen | http://it.mt.gov.vn/dctquantri/tTrafficSafety_08_TinTuc/AddTTrafficSafety_08_TinTuc.aspx|huyenhs|Truy cập trang:Thêm Tin tức
9/17/2015 2:22:36 PM | ::1 | huyen | http://it.mt.gov.vn/dctquantri/tTrafficSafety_08_TinTuc/ShowTTrafficSafety_08_TinTucTable.aspx|huyenhs|Truy cập trang:Xem danh sách  Tin tức
9/17/2015 2:22:40 PM | ::1 | huyen | http://it.mt.gov.vn/dctquantri/tTrafficSafety_08_TinTuc/AddTTrafficSafety_08_TinTuc.aspx|huyenhs|Truy cập trang:Thêm Tin tức
9/17/2015 2:24:19 PM | ::1 | huyen | http://it.mt.gov.vn/dctquantri/tTrafficSafety_08_TinTuc/ShowTTrafficSafety_08_TinTucTable.aspx|huyenhs|Truy cập trang:Xem danh sách  Tin tức
9/17/2015 2:24:30 PM | ::1 | huyen | http://it.mt.gov.vn/dctquantri/tTrafficSafety_08_TinTuc/AddTTrafficSafety_08_TinTuc.aspx|huyenhs|Truy cập trang:Thêm Tin tức
9/17/2015 2:27:17 PM | ::1 | huyen | http://it.mt.gov.vn/dctquantri/tTrafficSafety_08_TinTuc/ShowTTrafficSafety_08_TinTucTable.aspx|huyenhs|Truy cập trang:Xem danh sách  Tin tức
9/17/2015 2:27:22 PM | ::1 | huyen | http://it.mt.gov.vn/dctquantri/tTrafficSafety_08_TinTuc/EditTTrafficSafety_08_TinTuc.aspx?TTrafficSafety_08_TinTuc=<key><cv><c>id</c><v>47</v></cv></key>|huyenhs|Truy cập trang:Sửa  Tin tức
9/17/2015 2:27:23 PM | ::1 | huyen | http://it.mt.gov.vn/dctquantri/tTrafficSafety_08_TinTuc/ShowTTrafficSafety_08_TinTuc.aspx|huyenhs|Truy cập trang:Xem chi tiết Tin tức
9/17/2015 2:27:44 PM | ::1 | huyen | http://it.mt.gov.vn/dctquantri/tTrafficSafety_08_TinTuc/ShowTTrafficSafety_08_TinTucTable.aspx|huyenhs|Truy cập trang:Xem danh sách  Tin tức
9/17/2015 2:27:46 PM | ::1 | huyen | http://it.mt.gov.vn/dctquantri/tTrafficSafety_08_TinTuc/AddTTrafficSafety_08_TinTuc.aspx|huyenhs|Truy cập trang:Thêm Tin tức
9/17/2015 2:29:43 PM | ::1 | huyen | http://it.mt.gov.vn/dctquantri/tTrafficSafety_08_TinTuc/ShowTTrafficSafety_08_TinTucTable.aspx|huyenhs|Truy cập trang:Xem danh sách  Tin tức
9/17/2015 2:29:46 PM | ::1 | huyen | http://it.mt.gov.vn/dctquantri/tTrafficSafety_08_TinTuc/AddTTrafficSafety_08_TinTuc.aspx|huyenhs|Truy cập trang:Thêm Tin tức
9/17/2015 2:31:31 PM | ::1 | huyen | http://it.mt.gov.vn/dctquantri/tTrafficSafety_08_TinTuc/ShowTTrafficSafety_08_TinTucTable.aspx|huyenhs|Truy cập trang:Xem danh sách  Tin tức
9/17/2015 2:31:59 PM | ::1 | huyen | http://it.mt.gov.vn/dctquantri/tTrafficSafety_08_TinTuc/AddTTrafficSafety_08_TinTuc.aspx|huyenhs|Truy cập trang:Thêm Tin tức
9/17/2015 2:34:08 PM | ::1 | huyen | http://it.mt.gov.vn/dctquantri/tTrafficSafety_08_TinTuc/ShowTTrafficSafety_08_TinTucTable.aspx|huyenhs|Truy cập trang:Xem danh sách  Tin tức
9/17/2015 2:34:39 PM | ::1 | huyen | http://it.mt.gov.vn/dctquantri/tTrafficSafety_08_TinTuc/ShowTTrafficSafety_08_TinTucTable.aspx|huyenhs|Truy cập trang:Xem danh sách  Tin tức
9/17/2015 2:35:12 PM | ::1 | huyen | http://it.mt.gov.vn/dctquantri/tTrafficSafety_07_DanhMucTinTuc/ShowTTrafficSafety_07_DanhMucTinTucTable.aspx|huyenhs|Truy cập trang:Xem danh sách  Danh mục tin tức
9/17/2015 2:35:18 PM | ::1 | huyen | http://it.mt.gov.vn/dctquantri/tTrafficSafety_08_TinTuc/ShowTTrafficSafety_08_TinTucTable.aspx|huyenhs|Truy cập trang:Xem danh sách  Tin tức
9/17/2015 2:35:19 PM | ::1 | huyen | http://it.mt.gov.vn/dctquantri/tTrafficSafety_08_TinTuc/AddTTrafficSafety_08_TinTuc.aspx|huyenhs|Truy cập trang:Thêm Tin tức
9/17/2015 2:38:10 PM | ::1 | huyen | http://it.mt.gov.vn/dctquantri/tTrafficSafety_08_TinTuc/ShowTTrafficSafety_08_TinTucTable.aspx|huyenhs|Truy cập trang:Xem danh sách  Tin tức
9/17/2015 2:38:24 PM | ::1 | huyen | http://it.mt.gov.vn/dctquantri/tTrafficSafety_08_TinTuc/AddTTrafficSafety_08_TinTuc.aspx|huyenhs|Truy cập trang:Thêm Tin tức
9/17/2015 2:38:41 PM | ::1 | huyen | http://it.mt.gov.vn/dctquantri/tTrafficSafety_08_TinTuc/ShowTTrafficSafety_08_TinTucTable.aspx|huyenhs|Truy cập trang:Xem danh sách  Tin tức
9/17/2015 2:38:43 PM | ::1 | huyen | http://it.mt.gov.vn/dctquantri/tTrafficSafety_08_TinTuc/EditTTrafficSafety_08_TinTuc.aspx?TTrafficSafety_08_TinTuc=<key><cv><c>id</c><v>51</v></cv></key>|huyenhs|Truy cập trang:Sửa  Tin tức
9/17/2015 2:39:00 PM | ::1 | huyen | http://it.mt.gov.vn/dctquantri/tTrafficSafety_08_TinTuc/ShowTTrafficSafety_08_TinTucTable.aspx|huyenhs|Truy cập trang:Xem danh sách  Tin tức
9/17/2015 2:39:02 PM | ::1 | huyen | http://it.mt.gov.vn/dctquantri/tTrafficSafety_08_TinTuc/AddTTrafficSafety_08_TinTuc.aspx|huyenhs|Truy cập trang:Thêm Tin tức
9/17/2015 2:39:45 PM | ::1 | huyen | http://it.mt.gov.vn/dctquantri/tTrafficSafety_08_TinTuc/ShowTTrafficSafety_08_TinTucTable.aspx|huyenhs|Truy cập trang:Xem danh sách  Tin tức
9/17/2015 2:41:08 PM | ::1 | huyen | http://it.mt.gov.vn/dctquantri/tTrafficSafety_08_TinTuc/ShowTTrafficSafety_08_TinTucTable.aspx|huyenhs|Truy cập trang:Xem danh sách  Tin tức
9/17/2015 2:41:25 PM | ::1 | huyen | http://it.mt.gov.vn/dctquantri/tTrafficSafety_08_TinTuc/EditTTrafficSafety_08_TinTuc.aspx?TTrafficSafety_08_TinTuc=<key><cv><c>id</c><v>52</v></cv></key>|huyenhs|Truy cập trang:Sửa  Tin tức
9/17/2015 2:41:32 PM | ::1 | huyen | http://it.mt.gov.vn/dctquantri/tTrafficSafety_08_TinTuc/ShowTTrafficSafety_08_TinTucTable.aspx|huyenhs|Truy cập trang:Xem danh sách  Tin tức
9/17/2015 2:41:40 PM | ::1 | huyen | http://it.mt.gov.vn/dctquantri/tTrafficSafety_08_TinTuc/AddTTrafficSafety_08_TinTuc.aspx|huyenhs|Truy cập trang:Thêm Tin tức
9/17/2015 2:43:50 PM | ::1 | huyen | http://it.mt.gov.vn/dctquantri/tTrafficSafety_08_TinTuc/ShowTTrafficSafety_08_TinTucTable.aspx|huyenhs|Truy cập trang:Xem danh sách  Tin tức
9/17/2015 2:44:10 PM | ::1 | huyen | http://it.mt.gov.vn/dctquantri/tTrafficSafety_08_TinTuc/AddTTrafficSafety_08_TinTuc.aspx|huyenhs|Truy cập trang:Thêm Tin tức
9/17/2015 2:46:44 PM | ::1 | huyen | http://it.mt.gov.vn/dctquantri/tTrafficSafety_08_TinTuc/ShowTTrafficSafety_08_TinTucTable.aspx|huyenhs|Truy cập trang:Xem danh sách  Tin tức
9/17/2015 2:47:06 PM | ::1 | huyen | http://it.mt.gov.vn/dctquantri/tTrafficSafety_08_TinTuc/ShowTTrafficSafety_08_TinTucTable.aspx|huyenhs|Truy cập trang:Xem danh sách  Tin tức
9/17/2015 2:47:39 PM | ::1 | huyen | http://it.mt.gov.vn/dctquantri/tTrafficSafety_08_TinTuc/AddTTrafficSafety_08_TinTuc.aspx|huyenhs|Truy cập trang:Thêm Tin tức
9/17/2015 2:51:24 PM | ::1 | huyen | http://it.mt.gov.vn/dctquantri/tTrafficSafety_08_TinTuc/ShowTTrafficSafety_08_TinTucTable.aspx|huyenhs|Truy cập trang:Xem danh sách  Tin tức
9/17/2015 2:51:47 PM | ::1 | huyen | http://it.mt.gov.vn/dctquantri/tTrafficSafety_08_TinTuc/AddTTrafficSafety_08_TinTuc.aspx|huyenhs|Truy cập trang:Thêm Tin tức
9/17/2015 2:53:38 PM | ::1 | huyen | http://it.mt.gov.vn/dctquantri/tTrafficSafety_08_TinTuc/ShowTTrafficSafety_08_TinTucTable.aspx|huyenhs|Truy cập trang:Xem danh sách  Tin tức
9/17/2015 2:54:03 PM | ::1 | huyen | http://it.mt.gov.vn/dctquantri/tTrafficSafety_08_TinTuc/AddTTrafficSafety_08_TinTuc.aspx|huyenhs|Truy cập trang:Thêm Tin tức
9/17/2015 2:55:57 PM | ::1 | huyen | http://it.mt.gov.vn/dctquantri/tTrafficSafety_08_TinTuc/ShowTTrafficSafety_08_TinTucTable.aspx|huyenhs|Truy cập trang:Xem danh sách  Tin tức
9/17/2015 2:56:51 PM | ::1 | huyen | http://it.mt.gov.vn/dctquantri/tTrafficSafety_08_TinTuc/AddTTrafficSafety_08_TinTuc.aspx|huyenhs|Truy cập trang:Thêm Tin tức
9/17/2015 2:58:35 PM | ::1 | huyen | http://it.mt.gov.vn/dctquantri/tTrafficSafety_08_TinTuc/ShowTTrafficSafety_08_TinTucTable.aspx|huyenhs|Truy cập trang:Xem danh sách  Tin tức
9/17/2015 2:59:08 PM | ::1 | huyen | http://it.mt.gov.vn/dctquantri/tTrafficSafety_08_TinTuc/AddTTrafficSafety_08_TinTuc.aspx|huyenhs|Truy cập trang:Thêm Tin tức
9/17/2015 3:01:51 PM | ::1 | huyen | http://it.mt.gov.vn/dctquantri/tTrafficSafety_08_TinTuc/ShowTTrafficSafety_08_TinTucTable.aspx|huyenhs|Truy cập trang:Xem danh sách  Tin tức
9/17/2015 3:13:38 PM | ::1 | huyen | http://it.mt.gov.vn/dctquantri/tTrafficSafety_08_TinTuc/AddTTrafficSafety_08_TinTuc.aspx|huyenhs|Truy cập trang:Thêm Tin tức
9/17/2015 3:17:12 PM | ::1 | huyen | http://it.mt.gov.vn/dctquantri/tTrafficSafety_08_TinTuc/ShowTTrafficSafety_08_TinTucTable.aspx|huyenhs|Truy cập trang:Xem danh sách  Tin tức
9/17/2015 3:17:16 PM | ::1 | huyen | http://it.mt.gov.vn/dctquantri/tTrafficSafety_08_TinTuc/AddTTrafficSafety_08_TinTuc.aspx|huyenhs|Truy cập trang:Thêm Tin tức
9/17/2015 3:19:30 PM | ::1 | huyen | http://it.mt.gov.vn/dctquantri/tTrafficSafety_08_TinTuc/ShowTTrafficSafety_08_TinTucTable.aspx|huyenhs|Truy cập trang:Xem danh sách  Tin tức
9/17/2015 3:19:52 PM | ::1 | huyen | http://it.mt.gov.vn/dctquantri/tTrafficSafety_08_TinTuc/AddTTrafficSafety_08_TinTuc.aspx|huyenhs|Truy cập trang:Thêm Tin tức
9/17/2015 3:22:55 PM | ::1 | huyen | http://it.mt.gov.vn/dctquantri/tTrafficSafety_08_TinTuc/ShowTTrafficSafety_08_TinTucTable.aspx|huyenhs|Truy cập trang:Xem danh sách  Tin tức
9/17/2015 3:23:03 PM | ::1 | huyen | http://it.mt.gov.vn/dctquantri/tTrafficSafety_08_TinTuc/AddTTrafficSafety_08_TinTuc.aspx|huyenhs|Truy cập trang:Thêm Tin tức
9/17/2015 3:25:26 PM | ::1 | huyen | http://it.mt.gov.vn/dctquantri/tTrafficSafety_08_TinTuc/ShowTTrafficSafety_08_TinTucTable.aspx|huyenhs|Truy cập trang:Xem danh sách  Tin tức
9/17/2015 3:25:52 PM | ::1 | huyen | http://it.mt.gov.vn/dctquantri/tTrafficSafety_08_TinTuc/AddTTrafficSafety_08_TinTuc.aspx|huyenhs|Truy cập trang:Thêm Tin tức
9/17/2015 3:28:45 PM | ::1 | huyen | http://it.mt.gov.vn/dctquantri/tTrafficSafety_08_TinTuc/ShowTTrafficSafety_08_TinTucTable.aspx|huyenhs|Truy cập trang:Xem danh sách  Tin tức
9/17/2015 3:29:01 PM | ::1 | huyen | http://it.mt.gov.vn/dctquantri/tTrafficSafety_08_TinTuc/AddTTrafficSafety_08_TinTuc.aspx|huyenhs|Truy cập trang:Thêm Tin tức
9/17/2015 3:30:24 PM | ::1 | huyen | http://it.mt.gov.vn/dctquantri/tTrafficSafety_08_TinTuc/ShowTTrafficSafety_08_TinTucTable.aspx|huyenhs|Truy cập trang:Xem danh sách  Tin tức
9/17/2015 3:30:32 PM | ::1 | huyen | http://it.mt.gov.vn/dctquantri/tTrafficSafety_07_DanhMucTinTuc/ShowTTrafficSafety_07_DanhMucTinTucTable.aspx|huyenhs|Truy cập trang:Xem danh sách  Danh mục tin tức
9/17/2015 3:31:29 PM | ::1 | huyen | http://it.mt.gov.vn/dctquantri/tTrafficSafety_08_TinTuc/AddTTrafficSafety_08_TinTuc.aspx|huyenhs|Truy cập trang:Thêm Tin tức
9/17/2015 3:33:33 PM | ::1 | huyen | http://it.mt.gov.vn/dctquantri/tTrafficSafety_08_TinTuc/ShowTTrafficSafety_08_TinTucTable.aspx|huyenhs|Truy cập trang:Xem danh sách  Tin tức
9/17/2015 3:33:40 PM | ::1 | huyen | http://it.mt.gov.vn/dctquantri/tTrafficSafety_08_TinTuc/AddTTrafficSafety_08_TinTuc.aspx|huyenhs|Truy cập trang:Thêm Tin tức
9/17/2015 3:36:23 PM | ::1 | huyen | http://it.mt.gov.vn/dctquantri/tTrafficSafety_08_TinTuc/ShowTTrafficSafety_08_TinTucTable.aspx|huyenhs|Truy cập trang:Xem danh sách  Tin tức
9/17/2015 3:36:29 PM | ::1 | huyen | http://it.mt.gov.vn/dctquantri/tTrafficSafety_07_DanhMucTinTuc/ShowTTrafficSafety_07_DanhMucTinTucTable.aspx|huyenhs|Truy cập trang:Xem danh sách  Danh mục tin tức
9/17/2015 3:36:40 PM | ::1 | huyen | http://it.mt.gov.vn/dctquantri/tTrafficSafety_08_TinTuc/ShowTTrafficSafety_08_TinTucTable.aspx|huyenhs|Truy cập trang:Xem danh sách  Tin tức
9/17/2015 3:36:49 PM | ::1 | huyen | http://it.mt.gov.vn/dctquantri/tTrafficSafety_08_TinTuc/AddTTrafficSafety_08_TinTuc.aspx|huyenhs|Truy cập trang:Thêm Tin tức
9/17/2015 3:36:56 PM | ::1 | huyen | http://it.mt.gov.vn/dctquantri/tTrafficSafety_09_Videos/ShowTTrafficSafety_09_VideosTable.aspx|huyenhs|Truy cập trang:Xem danh sách  Videos
9/17/2015 3:36:59 PM | ::1 | huyen | http://it.mt.gov.vn/dctquantri/tTrafficSafety_09_Videos/AddTTrafficSafety_09_Videos.aspx|huyenhs|Truy cập trang:Thêm Videos
9/17/2015 3:38:31 PM | ::1 | huyen | http://it.mt.gov.vn/dctquantri/tTrafficSafety_09_Videos/AddTTrafficSafety_09_Videos.aspx|huyenhs|Truy cập trang:Thêm Videos
9/17/2015 3:46:03 PM | ::1 | huyen | http://it.mt.gov.vn/dctquantri/tTrafficSafety_09_Videos/AddTTrafficSafety_09_Videos.aspx|huyenhs|Truy cập trang:Thêm Videos
9/17/2015 3:46:30 PM | ::1 | huyen | http://it.mt.gov.vn/dctquantri/tTrafficSafety_09_Videos/AddTTrafficSafety_09_Videos.aspx|huyenhs|Truy cập trang:Thêm Videos
9/17/2015 3:46:32 PM | ::1 | huyen | http://it.mt.gov.vn/dctquantri/tTrafficSafety_09_Videos/AddTTrafficSafety_09_Videos.aspx|huyenhs|Truy cập trang:Thêm Videos
9/17/2015 3:48:20 PM | ::1 | huyen | http://it.mt.gov.vn/dctquantri/tTrafficSafety_09_Videos/AddTTrafficSafety_09_Videos.aspx|huyenhs|Truy cập trang:Thêm Videos
9/17/2015 3:54:16 PM | ::1 | huyen | http://it.mt.gov.vn/dctquantri/tTrafficSafety_08_TinTuc/ShowTTrafficSafety_08_TinTuc.aspx|huyenhs|Truy cập trang:Xem chi tiết Tin tức
9/17/2015 3:54:23 PM | ::1 | huyen | http://it.mt.gov.vn/dctquantri/tTrafficSafety_08_TinTuc/ShowTTrafficSafety_08_TinTucTable.aspx|huyenhs|Truy cập trang:Xem danh sách  Tin tức
9/17/2015 3:54:28 PM | ::1 | huyen | http://it.mt.gov.vn/dctquantri/tTrafficSafety_09_Videos/AddTTrafficSafety_09_Videos.aspx|huyenhs|Truy cập trang:Thêm Videos
9/17/2015 3:56:20 PM | ::1 | huyen | http://it.mt.gov.vn/dctquantri/tTrafficSafety_09_Videos/AddTTrafficSafety_09_Videos.aspx|huyenhs|Truy cập trang:Thêm Videos
9/17/2015 3:59:27 PM | ::1 | huyen | http://it.mt.gov.vn/dctquantri/tTrafficSafety_09_Videos/AddTTrafficSafety_09_Videos.aspx|huyenhs|Truy cập trang:Thêm Videos
9/17/2015 4:03:48 PM | ::1 | huyen | http://it.mt.gov.vn/dctquantri/tTrafficSafety_09_Videos/AddTTrafficSafety_09_Videos.aspx|huyenhs|Truy cập trang:Thêm Videos
9/17/2015 4:05:52 PM | ::1 | huyen | http://it.mt.gov.vn/dctquantri/tTrafficSafety_09_Videos/AddTTrafficSafety_09_Videos.aspx|huyenhs|Truy cập trang:Thêm Videos
9/17/2015 4:06:51 PM | ::1 | huyen | http://it.mt.gov.vn/dctquantri/tTrafficSafety_08_TinTuc/ShowTTrafficSafety_08_TinTuc.aspx|huyenhs|Truy cập trang:Xem chi tiết Tin tức
9/17/2015 4:06:56 PM | ::1 | huyen | http://it.mt.gov.vn/dctquantri/tTrafficSafety_08_TinTuc/AddTTrafficSafety_08_TinTuc.aspx|huyenhs|Truy cập trang:Thêm Tin tức
9/17/2015 4:07:09 PM | ::1 | huyen | http://it.mt.gov.vn/dctquantri/tTrafficSafety_09_Videos/AddTTrafficSafety_09_Videos.aspx|huyenhs|Truy cập trang:Thêm Videos
9/17/2015 4:08:53 PM | ::1 | huyen | http://it.mt.gov.vn/dctquantri/tTrafficSafety_09_Videos/AddTTrafficSafety_09_Videos.aspx|huyenhs|Truy cập trang:Thêm Videos
9/17/2015 4:09:36 PM | ::1 | huyen | http://it.mt.gov.vn/dctquantri/tTrafficSafety_09_Videos/AddTTrafficSafety_09_Videos.aspx|huyenhs|Truy cập trang:Thêm Videos
9/17/2015 4:10:34 PM | ::1 | huyen | http://it.mt.gov.vn/dctquantri/tTrafficSafety_09_Videos/AddTTrafficSafety_09_Videos.aspx|huyenhs|Truy cập trang:Thêm Videos
9/17/2015 4:11:37 PM | ::1 | huyen | http://it.mt.gov.vn/dctquantri/tTrafficSafety_09_Videos/AddTTrafficSafety_09_Videos.aspx|huyenhs|Truy cập trang:Thêm Videos
9/17/2015 4:11:55 PM | ::1 | huyen | http://it.mt.gov.vn/dctquantri/tTrafficSafety_09_Videos/AddTTrafficSafety_09_Videos.aspx|huyenhs|Truy cập trang:Thêm Videos
9/17/2015 4:11:58 PM | ::1 | huyen | http://it.mt.gov.vn/dctquantri/tTrafficSafety_09_Videos/AddTTrafficSafety_09_Videos.aspx|huyenhs|Truy cập trang:Thêm Videos
9/17/2015 4:13:15 PM | ::1 | huyen | http://it.mt.gov.vn/dctquantri/tTrafficSafety_09_Videos/AddTTrafficSafety_09_Videos.aspx|huyenhs|Truy cập trang:Thêm Videos
9/17/2015 4:13:38 PM | ::1 | huyen | http://it.mt.gov.vn/dctquantri/tTrafficSafety_09_Videos/AddTTrafficSafety_09_Videos.aspx|huyenhs|Truy cập trang:Thêm Videos
9/17/2015 4:17:25 PM | ::1 | huyen | http://it.mt.gov.vn/dctquantri/tTrafficSafety_09_Videos/AddTTrafficSafety_09_Videos.aspx|huyenhs|Truy cập trang:Thêm Videos
9/17/2015 4:17:49 PM | ::1 | huyen | http://it.mt.gov.vn/dctquantri/tTrafficSafety_09_Videos/AddTTrafficSafety_09_Videos.aspx|huyenhs|Truy cập trang:Thêm Videos
9/17/2015 4:17:51 PM | ::1 | huyen | http://it.mt.gov.vn/dctquantri/tTrafficSafety_09_Videos/AddTTrafficSafety_09_Videos.aspx|huyenhs|Truy cập trang:Thêm Videos
9/17/2015 4:18:14 PM | ::1 | huyen | http://it.mt.gov.vn/dctquantri/tTrafficSafety_10_BinhLuan/ShowTTrafficSafety_10_BinhLuanTable.aspx|huyenhs|Truy cập trang:Xem danh sách  Bình luận của độc giả
9/17/2015 4:18:19 PM | ::1 | huyen | http://it.mt.gov.vn/dctquantri/tTrafficSafety_10_BinhLuan/ShowTTrafficSafety_10_BinhLuanTable.aspx|huyenhs|Truy cập trang:Xem danh sách  Bình luận của độc giả
9/17/2015 4:18:30 PM | ::1 | huyen | http://it.mt.gov.vn/dctquantri/tTrafficSafety_08_TinTuc/AddTTrafficSafety_08_TinTuc.aspx|huyenhs|Truy cập trang:Thêm Tin tức
9/17/2015 4:18:30 PM | ::1 | huyen | http://it.mt.gov.vn/dctquantri/tTrafficSafety_08_TinTuc/AddTTrafficSafety_08_TinTuc.aspx|huyenhs|Truy cập trang:Thêm Tin tức
9/17/2015 6:49:34 PM | ::1 | huyen | http://it.mt.gov.vn/dctquantri/tTrafficSafety_07_DanhMucTinTuc/ShowTTrafficSafety_07_DanhMucTinTucTable.aspx|huyenhs|Truy cập trang:Xem danh sách  Danh mục tin tức
9/17/2015 6:49:41 PM | ::1 | huyen | http://it.mt.gov.vn/dctquantri/tTrafficSafety_08_TinTuc/ShowTTrafficSafety_08_TinTucTable.aspx|huyenhs|Truy cập trang:Xem danh sách  Tin tức
