10/22/2015 8:45:38 AM | ::1 | huyen | http://it.mt.gov.vn/dctquantri/DashBoard/DashBoard.aspx|huyenhs|Truy cập trang:Tổng quan
10/22/2015 9:34:39 AM | ::1 | huyen | http://it.mt.gov.vn/dctquantri/DashBoard/DashBoard.aspx|huyenhs|Truy cập trang:Tổng quan
10/22/2015 9:45:41 AM | ::1 | huyen | http://it.mt.gov.vn/dctquantri/DashBoard/DashBoard.aspx|huyenhs|Truy cập trang:Tổng quan
10/22/2015 9:51:51 AM | ::1 | huyen | http://it.mt.gov.vn/dctquantri/DashBoard/DashBoard.aspx|huyenhs|Truy cập trang:Tổng quan
10/22/2015 10:04:33 AM | ::1 | huyen | http://it.mt.gov.vn/dctquantri/DashBoard/DashBoard.aspx|huyenhs|Truy cập trang:Tổng quan
10/22/2015 10:33:49 AM | ::1 | huyen | http://it.mt.gov.vn/dctquantri/tTrafficSafety_09_Videos/ShowTTrafficSafety_09_VideosTable.aspx|huyenhs|Truy cập trang:Xem danh sách  Videos
10/22/2015 10:36:46 AM | ::1 | huyen | http://it.mt.gov.vn/dctquantri/tTrafficSafety_09_Videos/ShowTTrafficSafety_09_VideosTable.aspx|huyenhs|Truy cập trang:Xem danh sách  Videos
10/22/2015 10:37:34 AM | ::1 | huyen | http://it.mt.gov.vn/dctquantri/tTrafficSafety_09_Videos/ShowTTrafficSafety_09_VideosTable.aspx|huyenhs|Truy cập trang:Xem danh sách  Videos
10/22/2015 10:37:39 AM | ::1 | huyen | http://it.mt.gov.vn/dctquantri/tTrafficSafety_09_Videos/ShowTTrafficSafety_09_Videos.aspx?TTrafficSafety_09_Videos=<key><cv><c>Id</c><v>14</v></cv></key>|huyenhs|Truy cập trang:Xem chi tiết Videos
10/22/2015 10:37:49 AM | ::1 | huyen | http://it.mt.gov.vn/dctquantri/tTrafficSafety_07_DanhMucTinTuc/ShowTTrafficSafety_07_DanhMucTinTucTable.aspx|huyenhs|Truy cập trang:Xem danh sách  Danh mục tin tức
10/22/2015 10:37:50 AM | ::1 | huyen | http://it.mt.gov.vn/dctquantri/tTrafficSafety_07_DanhMucTinTuc/ShowTTrafficSafety_07_DanhMucTinTuc.aspx?TTrafficSafety_07_DanhMucTinTuc=<key><cv><c>id</c><v>20</v></cv></key>|huyenhs|Truy cập trang:Xem chi tiết Danh mục tin tức
10/22/2015 10:37:53 AM | ::1 | huyen | http://it.mt.gov.vn/dctquantri/tTrafficSafety_07_DanhMucTinTuc/EditTTrafficSafety_07_DanhMucTinTuc.aspx?TTrafficSafety_07_DanhMucTinTuc=<key><cv><c>id</c><v>20</v></cv></key>|huyenhs|Truy cập trang:Sửa  Danh mục tin tức
10/22/2015 10:41:28 AM | ::1 | huyen | http://it.mt.gov.vn/dctquantri/tTrafficSafety_09_Videos/ShowTTrafficSafety_09_VideosTable.aspx|huyenhs|Truy cập trang:Xem danh sách  Videos
10/22/2015 10:41:30 AM | ::1 | huyen | http://it.mt.gov.vn/dctquantri/tTrafficSafety_09_Videos/ShowTTrafficSafety_09_Videos.aspx?TTrafficSafety_09_Videos=<key><cv><c>Id</c><v>14</v></cv></key>|huyenhs|Truy cập trang:Xem chi tiết Videos
10/22/2015 10:48:11 AM | ::1 | huyen | http://it.mt.gov.vn/dctquantri/tTrafficSafety_09_Videos/ShowTTrafficSafety_09_Videos.aspx?TTrafficSafety_09_Videos=<key><cv><c>Id</c><v>14</v></cv></key>|huyenhs|Truy cập trang:Xem chi tiết Videos
10/22/2015 10:50:46 AM | ::1 | huyen | http://it.mt.gov.vn/dctquantri/DashBoard/DashBoard.aspx|huyenhs|Truy cập trang:Tổng quan
10/22/2015 10:50:56 AM | ::1 | huyen | http://it.mt.gov.vn/dctquantri/tTrafficSafety_09_Videos/EditTTrafficSafety_09_Videos.aspx?TTrafficSafety_09_Videos=<key><cv><c>Id</c><v>14</v></cv></key>|huyenhs|Truy cập trang:Sửa  Videos
10/22/2015 10:51:11 AM | ::1 | huyen | http://it.mt.gov.vn/dctquantri/tTrafficSafety_09_Videos/EditTTrafficSafety_09_Videos.aspx?TTrafficSafety_09_Videos=<key><cv><c>Id</c><v>14</v></cv></key>|huyenhs|Truy cập trang:Sửa  Videos
10/22/2015 10:51:36 AM | ::1 | huyen | http://it.mt.gov.vn/dctquantri/tTrafficSafety_09_Videos/AddTTrafficSafety_09_Videos.aspx|huyenhs|Truy cập trang:Thêm Videos
10/22/2015 10:55:31 AM | ::1 | huyen | http://it.mt.gov.vn/dctquantri/tTrafficSafety_09_Videos/AddTTrafficSafety_09_Videos.aspx|huyenhs|Truy cập trang:Thêm Videos
10/22/2015 10:55:56 AM | ::1 | huyen | http://it.mt.gov.vn/dctquantri/tTrafficSafety_09_Videos/ShowTTrafficSafety_09_VideosTable.aspx|huyenhs|Truy cập trang:Xem danh sách  Videos
10/22/2015 10:56:01 AM | ::1 | huyen | http://it.mt.gov.vn/dctquantri/tTrafficSafety_09_Videos/ShowTTrafficSafety_09_Videos.aspx?TTrafficSafety_09_Videos=<key><cv><c>Id</c><v>23</v></cv></key>|huyenhs|Truy cập trang:Xem chi tiết Videos
10/22/2015 10:56:04 AM | ::1 | huyen | http://it.mt.gov.vn/dctquantri/tTrafficSafety_09_Videos/EditTTrafficSafety_09_Videos.aspx?TTrafficSafety_09_Videos=<key><cv><c>Id</c><v>23</v></cv></key>|huyenhs|Truy cập trang:Sửa  Videos
10/22/2015 11:01:22 AM | ::1 | huyen | http://it.mt.gov.vn/dctquantri/tTrafficSafety_09_Videos/EditTTrafficSafety_09_Videos.aspx?TTrafficSafety_09_Videos=<key><cv><c>Id</c><v>23</v></cv></key>|huyenhs|Truy cập trang:Sửa  Videos
10/22/2015 11:01:32 AM | ::1 | huyen | http://it.mt.gov.vn/dctquantri/tTrafficSafety_10_BinhLuan/ShowTTrafficSafety_10_BinhLuanTable.aspx|huyenhs|Truy cập trang:Xem danh sách  Bình luận của độc giả
10/22/2015 11:11:28 AM | ::1 | huyen | http://it.mt.gov.vn/dctquantri/tTrafficSafety_10_BinhLuan/ShowTTrafficSafety_10_BinhLuanTable.aspx|huyenhs|Truy cập trang:Xem danh sách  Bình luận của độc giả
10/22/2015 11:11:32 AM | ::1 | huyen | http://it.mt.gov.vn/dctquantri/tTrafficSafety_10_BinhLuan/ShowTTrafficSafety_10_BinhLuanTable.aspx|huyenhs|Truy cập trang:Xem danh sách  Bình luận của độc giả
10/22/2015 11:12:37 AM | ::1 | huyen | http://it.mt.gov.vn/dctquantri/tTrafficSafety_10_BinhLuan/ShowTTrafficSafety_10_BinhLuanTable.aspx|huyenhs|Truy cập trang:Xem danh sách  Bình luận của độc giả
10/22/2015 11:14:06 AM | ::1 | huyen | http://it.mt.gov.vn/dctquantri/tTrafficSafety_10_BinhLuan/ShowTTrafficSafety_10_BinhLuanTable.aspx|huyenhs|Truy cập trang:Xem danh sách  Bình luận của độc giả
10/22/2015 11:14:07 AM | ::1 | huyen | http://it.mt.gov.vn/dctquantri/tTrafficSafety_10_BinhLuan/ShowTTrafficSafety_10_BinhLuanTable.aspx|huyenhs|Truy cập trang:Xem danh sách  Bình luận của độc giả
10/22/2015 11:17:23 AM | ::1 | huyen | http://it.mt.gov.vn/dctquantri/tTrafficSafety_10_BinhLuan/ShowTTrafficSafety_10_BinhLuanTable.aspx|huyenhs|Truy cập trang:Xem danh sách  Bình luận của độc giả
10/22/2015 11:18:58 AM | ::1 | huyen | http://it.mt.gov.vn/dctquantri/tTrafficSafety_10_BinhLuan/ShowTTrafficSafety_10_BinhLuanTable.aspx|huyenhs|Truy cập trang:Xem danh sách  Bình luận của độc giả
10/22/2015 12:15:50 PM | ::1 | huyen | http://it.mt.gov.vn/dctquantri/tTrafficSafety_10_BinhLuan/ShowTTrafficSafety_10_BinhLuanTable.aspx|huyenhs|Truy cập trang:Xem danh sách  Bình luận của độc giả
10/22/2015 1:41:37 PM | ::1 | huyen | http://it.mt.gov.vn/dctquantri/tTrafficSafety_10_BinhLuan/ShowTTrafficSafety_10_BinhLuanTable.aspx|huyenhs|Truy cập trang:Xem danh sách  Bình luận của độc giả
10/22/2015 1:44:14 PM | ::1 | huyen | http://it.mt.gov.vn/dctquantri/tTrafficSafety_10_BinhLuan/ShowTTrafficSafety_10_BinhLuanTable.aspx|huyenhs|Truy cập trang:Xem danh sách  Bình luận của độc giả
10/22/2015 1:47:25 PM | ::1 | huyen | http://it.mt.gov.vn/dctquantri/tTrafficSafety_10_BinhLuan/ShowTTrafficSafety_10_BinhLuanTable.aspx|huyenhs|Truy cập trang:Xem danh sách  Bình luận của độc giả
10/22/2015 1:47:36 PM | ::1 | huyen | http://it.mt.gov.vn/dctquantri/tTrafficSafety_10_BinhLuan/ShowTTrafficSafety_10_BinhLuanTable.aspx|huyenhs|Truy cập trang:Xem danh sách  Bình luận của độc giả
10/22/2015 1:57:00 PM | ::1 | huyen | http://it.mt.gov.vn/dctquantri/tTrafficSafety_10_BinhLuan/ShowTTrafficSafety_10_BinhLuanTable.aspx|huyenhs|Truy cập trang:Xem danh sách  Bình luận của độc giả
10/22/2015 1:57:09 PM | ::1 | huyen | http://it.mt.gov.vn/dctquantri/tTrafficSafety_10_BinhLuan/ShowTTrafficSafety_10_BinhLuanTable.aspx|huyenhs|Truy cập trang:Xem danh sách  Bình luận của độc giả
10/22/2015 2:01:47 PM | ::1 | huyen | http://it.mt.gov.vn/dctquantri/tTrafficSafety_10_BinhLuan/ShowTTrafficSafety_10_BinhLuanTable.aspx|huyenhs|Truy cập trang:Xem danh sách  Bình luận của độc giả
10/22/2015 2:01:56 PM | ::1 | huyen | http://it.mt.gov.vn/dctquantri/tTrafficSafety_10_BinhLuan/ShowTTrafficSafety_10_BinhLuanTable.aspx|huyenhs|Truy cập trang:Xem danh sách  Bình luận của độc giả
10/22/2015 2:02:03 PM | ::1 | huyen | http://it.mt.gov.vn/dctquantri/tTrafficSafety_10_BinhLuan/ShowTTrafficSafety_10_BinhLuanTable.aspx|huyenhs|Truy cập trang:Xem danh sách  Bình luận của độc giả
10/22/2015 2:08:57 PM | ::1 | huyen | http://it.mt.gov.vn/dctquantri/tTrafficSafety_10_BinhLuan/ShowTTrafficSafety_10_BinhLuanTable.aspx|huyenhs|Truy cập trang:Xem danh sách  Bình luận của độc giả
10/22/2015 2:09:02 PM | ::1 | huyen | http://it.mt.gov.vn/dctquantri/tTrafficSafety_10_BinhLuan/ShowTTrafficSafety_10_BinhLuanTable.aspx|huyenhs|Truy cập trang:Xem danh sách  Bình luận của độc giả
10/22/2015 2:09:07 PM | ::1 | huyen | http://it.mt.gov.vn/dctquantri/tTrafficSafety_10_BinhLuan/ShowTTrafficSafety_10_BinhLuanTable.aspx|huyenhs|Truy cập trang:Xem danh sách  Bình luận của độc giả
10/22/2015 2:12:05 PM | ::1 | huyen | http://it.mt.gov.vn/dctquantri/tTrafficSafety_10_BinhLuan/ShowTTrafficSafety_10_BinhLuanTable.aspx|huyenhs|Truy cập trang:Xem danh sách  Bình luận của độc giả
10/22/2015 2:12:16 PM | ::1 | huyen | http://it.mt.gov.vn/dctquantri/tTrafficSafety_10_BinhLuan/ShowTTrafficSafety_10_BinhLuanTable.aspx|huyenhs|Truy cập trang:Xem danh sách  Bình luận của độc giả
10/22/2015 2:41:47 PM | ::1 | huyen | http://it.mt.gov.vn/dctquantri/tTrafficSafety_10_BinhLuan/ShowTTrafficSafety_10_BinhLuanTable.aspx|huyenhs|Truy cập trang:Xem danh sách  Bình luận của độc giả
10/22/2015 2:41:58 PM | ::1 | huyen | http://it.mt.gov.vn/dctquantri/tTrafficSafety_10_BinhLuan/ShowTTrafficSafety_10_BinhLuanTable.aspx|huyenhs|Truy cập trang:Xem danh sách  Bình luận của độc giả
10/22/2015 4:25:03 PM | ::1 | huyen | http://it.mt.gov.vn/dctquantri/tTrafficSafety_10_BinhLuan/ShowTTrafficSafety_10_BinhLuanTable.aspx|huyenhs|Truy cập trang:Xem danh sách  Bình luận của độc giả
10/22/2015 6:00:59 PM | ::1 | huyen | http://it.mt.gov.vn/dctquantri/tTrafficSafety_10_BinhLuan/ShowTTrafficSafety_10_BinhLuanTable.aspx|huyenhs|Truy cập trang:Xem danh sách  Bình luận của độc giả
10/22/2015 6:04:16 PM | ::1 | huyen | http://it.mt.gov.vn/dctquantri/tTrafficSafety_10_BinhLuan/ShowTTrafficSafety_10_BinhLuanTable.aspx|huyenhs|Truy cập trang:Xem danh sách  Bình luận của độc giả
