10/21/2015 10:56:53 AM | ::1 | huyen | http://it.mt.gov.vn/dctquantri/tTrafficSafety_07_DanhMucTinTuc/ShowTTrafficSafety_07_DanhMucTinTucTable.aspx|huyenhs|Truy cập trang:Xem danh sách  Danh mục tin tức
10/21/2015 10:56:56 AM | ::1 | huyen | http://it.mt.gov.vn/dctquantri/tTrafficSafety_07_DanhMucTinTuc/AddTTrafficSafety_07_DanhMucTinTuc.aspx|huyenhs|Truy cập trang:Thêm Danh mục tin tức
10/21/2015 10:57:09 AM | ::1 | huyen | http://it.mt.gov.vn/dctquantri/DashBoard/DashBoard.aspx|huyenhs|Truy cập trang:Tổng quan
10/21/2015 10:57:24 AM | ::1 | huyen | http://it.mt.gov.vn/dctquantri/DashBoard/DashBoard.aspx|huyenhs|Truy cập trang:Tổng quan
10/21/2015 10:57:25 AM | ::1 | huyen | http://it.mt.gov.vn/dctquantri/DashBoard/ChangePasswords.aspx|huyenhs|Truy cập trang:Thay đổi mật khẩu
10/21/2015 10:57:31 AM | ::1 | huyen | http://it.mt.gov.vn/dctquantri/DashBoard/DashBoard.aspx|huyenhs|Truy cập trang:Tổng quan
10/21/2015 11:09:16 AM | ::1 | huyen | http://it.mt.gov.vn/dctquantri/tTrafficSafety_07_DanhMucTinTuc/ShowTTrafficSafety_07_DanhMucTinTucTable.aspx|huyenhs|Truy cập trang:Xem danh sách  Danh mục tin tức
10/21/2015 11:09:19 AM | ::1 | huyen | http://it.mt.gov.vn/dctquantri/tTrafficSafety_07_DanhMucTinTuc/ShowTTrafficSafety_07_DanhMucTinTuc.aspx?TTrafficSafety_07_DanhMucTinTuc=<key><cv><c>id</c><v>27</v></cv></key>|huyenhs|Truy cập trang:Xem chi tiết Danh mục tin tức
10/21/2015 11:09:32 AM | ::1 | huyen | http://it.mt.gov.vn/dctquantri/tTrafficSafety_07_DanhMucTinTuc/EditTTrafficSafety_07_DanhMucTinTuc.aspx?TTrafficSafety_07_DanhMucTinTuc=<key><cv><c>id</c><v>27</v></cv></key>|huyenhs|Truy cập trang:Sửa  Danh mục tin tức
10/21/2015 11:09:35 AM | ::1 | huyen | http://it.mt.gov.vn/dctquantri/tTrafficSafety_07_DanhMucTinTuc/ShowTTrafficSafety_07_DanhMucTinTucTable.aspx|huyenhs|Truy cập trang:Xem danh sách  Danh mục tin tức
10/21/2015 11:09:37 AM | ::1 | huyen | http://it.mt.gov.vn/dctquantri/tTrafficSafety_07_DanhMucTinTuc/AddTTrafficSafety_07_DanhMucTinTuc.aspx|huyenhs|Truy cập trang:Thêm Danh mục tin tức
10/21/2015 11:10:01 AM | ::1 | huyen | http://it.mt.gov.vn/dctquantri/tTrafficSafety_07_DanhMucTinTuc/ShowTTrafficSafety_07_DanhMucTinTucTable.aspx|huyenhs|Truy cập trang:Xem danh sách  Danh mục tin tức
10/21/2015 11:10:05 AM | ::1 | huyen | http://it.mt.gov.vn/dctquantri/tTrafficSafety_07_DanhMucTinTuc/AddTTrafficSafety_07_DanhMucTinTuc.aspx|huyenhs|Truy cập trang:Thêm Danh mục tin tức
10/21/2015 11:10:24 AM | ::1 | huyen | http://it.mt.gov.vn/dctquantri/tTrafficSafety_07_DanhMucTinTuc/ShowTTrafficSafety_07_DanhMucTinTucTable.aspx|huyenhs|Truy cập trang:Xem danh sách  Danh mục tin tức
10/21/2015 11:10:31 AM | ::1 | huyen | http://it.mt.gov.vn/dctquantri/tTrafficSafety_07_DanhMucTinTuc/AddTTrafficSafety_07_DanhMucTinTuc.aspx|huyenhs|Truy cập trang:Thêm Danh mục tin tức
10/21/2015 11:10:42 AM | ::1 | huyen | http://it.mt.gov.vn/dctquantri/tTrafficSafety_07_DanhMucTinTuc/ShowTTrafficSafety_07_DanhMucTinTucTable.aspx|huyenhs|Truy cập trang:Xem danh sách  Danh mục tin tức
10/21/2015 11:10:45 AM | ::1 | huyen | http://it.mt.gov.vn/dctquantri/tTrafficSafety_07_DanhMucTinTuc/AddTTrafficSafety_07_DanhMucTinTuc.aspx|huyenhs|Truy cập trang:Thêm Danh mục tin tức
10/21/2015 11:11:00 AM | ::1 | huyen | http://it.mt.gov.vn/dctquantri/tTrafficSafety_07_DanhMucTinTuc/ShowTTrafficSafety_07_DanhMucTinTucTable.aspx|huyenhs|Truy cập trang:Xem danh sách  Danh mục tin tức
10/21/2015 11:11:08 AM | ::1 | huyen | http://it.mt.gov.vn/dctquantri/tTrafficSafety_07_DanhMucTinTuc/ShowTTrafficSafety_07_DanhMucTinTuc.aspx?TTrafficSafety_07_DanhMucTinTuc=<key><cv><c>id</c><v>63</v></cv></key>|huyenhs|Truy cập trang:Xem chi tiết Danh mục tin tức
10/21/2015 11:11:17 AM | ::1 | huyen | http://it.mt.gov.vn/dctquantri/tTrafficSafety_07_DanhMucTinTuc/EditTTrafficSafety_07_DanhMucTinTuc.aspx?TTrafficSafety_07_DanhMucTinTuc=<key><cv><c>id</c><v>63</v></cv></key>|huyenhs|Truy cập trang:Sửa  Danh mục tin tức
10/21/2015 11:11:21 AM | ::1 | huyen | http://it.mt.gov.vn/dctquantri/tTrafficSafety_07_DanhMucTinTuc/ShowTTrafficSafety_07_DanhMucTinTucTable.aspx|huyenhs|Truy cập trang:Xem danh sách  Danh mục tin tức
10/21/2015 11:12:09 AM | ::1 | huyen | http://it.mt.gov.vn/dctquantri/tTrafficSafety_07_DanhMucTinTuc/AddTTrafficSafety_07_DanhMucTinTuc.aspx|huyenhs|Truy cập trang:Thêm Danh mục tin tức
10/21/2015 11:12:21 AM | ::1 | huyen | http://it.mt.gov.vn/dctquantri/tTrafficSafety_07_DanhMucTinTuc/ShowTTrafficSafety_07_DanhMucTinTucTable.aspx|huyenhs|Truy cập trang:Xem danh sách  Danh mục tin tức
10/21/2015 11:12:29 AM | ::1 | huyen | http://it.mt.gov.vn/dctquantri/tTrafficSafety_07_DanhMucTinTuc/AddTTrafficSafety_07_DanhMucTinTuc.aspx|huyenhs|Truy cập trang:Thêm Danh mục tin tức
10/21/2015 11:12:40 AM | ::1 | huyen | http://it.mt.gov.vn/dctquantri/tTrafficSafety_07_DanhMucTinTuc/ShowTTrafficSafety_07_DanhMucTinTucTable.aspx|huyenhs|Truy cập trang:Xem danh sách  Danh mục tin tức
10/21/2015 11:12:44 AM | ::1 | huyen | http://it.mt.gov.vn/dctquantri/tTrafficSafety_07_DanhMucTinTuc/AddTTrafficSafety_07_DanhMucTinTuc.aspx|huyenhs|Truy cập trang:Thêm Danh mục tin tức
10/21/2015 11:12:54 AM | ::1 | huyen | http://it.mt.gov.vn/dctquantri/tTrafficSafety_07_DanhMucTinTuc/ShowTTrafficSafety_07_DanhMucTinTucTable.aspx|huyenhs|Truy cập trang:Xem danh sách  Danh mục tin tức
10/21/2015 11:14:51 AM | ::1 | huyen | http://it.mt.gov.vn/dctquantri/tTrafficSafety_07_DanhMucTinTuc/EditTTrafficSafety_07_DanhMucTinTuc.aspx?TTrafficSafety_07_DanhMucTinTuc=<key><cv><c>id</c><v>67</v></cv></key>|huyenhs|Truy cập trang:Sửa  Danh mục tin tức
10/21/2015 11:14:56 AM | ::1 | huyen | http://it.mt.gov.vn/dctquantri/tTrafficSafety_07_DanhMucTinTuc/AddTTrafficSafety_07_DanhMucTinTuc.aspx|huyenhs|Truy cập trang:Thêm Danh mục tin tức
10/21/2015 11:15:04 AM | ::1 | huyen | http://it.mt.gov.vn/dctquantri/tTrafficSafety_07_DanhMucTinTuc/ShowTTrafficSafety_07_DanhMucTinTucTable.aspx|huyenhs|Truy cập trang:Xem danh sách  Danh mục tin tức
10/21/2015 11:15:08 AM | ::1 | huyen | http://it.mt.gov.vn/dctquantri/tTrafficSafety_07_DanhMucTinTuc/EditTTrafficSafety_07_DanhMucTinTuc.aspx?TTrafficSafety_07_DanhMucTinTuc=<key><cv><c>id</c><v>67</v></cv></key>|huyenhs|Truy cập trang:Sửa  Danh mục tin tức
10/21/2015 11:15:16 AM | ::1 | huyen | http://it.mt.gov.vn/dctquantri/tTrafficSafety_07_DanhMucTinTuc/ShowTTrafficSafety_07_DanhMucTinTucTable.aspx|huyenhs|Truy cập trang:Xem danh sách  Danh mục tin tức
10/21/2015 11:15:43 AM | ::1 | huyen | http://it.mt.gov.vn/dctquantri/tTrafficSafety_07_DanhMucTinTuc/ShowTTrafficSafety_07_DanhMucTinTuc.aspx?TTrafficSafety_07_DanhMucTinTuc=<key><cv><c>id</c><v>68</v></cv></key>|huyenhs|Truy cập trang:Xem chi tiết Danh mục tin tức
10/21/2015 11:15:56 AM | ::1 | huyen | http://it.mt.gov.vn/dctquantri/tTrafficSafety_07_DanhMucTinTuc/ShowTTrafficSafety_07_DanhMucTinTucTable.aspx|huyenhs|Truy cập trang:Xem danh sách  Danh mục tin tức
10/21/2015 11:16:43 AM | ::1 | huyen | http://it.mt.gov.vn/dctquantri/tTrafficSafety_07_DanhMucTinTuc/EditTTrafficSafety_07_DanhMucTinTuc.aspx?TTrafficSafety_07_DanhMucTinTuc=<key><cv><c>id</c><v>20</v></cv></key>|huyenhs|Truy cập trang:Sửa  Danh mục tin tức
10/21/2015 11:17:08 AM | ::1 | huyen | http://it.mt.gov.vn/dctquantri/tTrafficSafety_07_DanhMucTinTuc/ShowTTrafficSafety_07_DanhMucTinTucTable.aspx|huyenhs|Truy cập trang:Xem danh sách  Danh mục tin tức
10/21/2015 12:44:04 PM | ::1 | huyen | http://it.mt.gov.vn/dctquantri/DashBoard/DashBoard.aspx|huyenhs|Truy cập trang:Tổng quan
10/21/2015 12:47:45 PM | ::1 | huyen | http://it.mt.gov.vn/dctquantri/tTrafficSafety_07_DanhMucTinTuc/ShowTTrafficSafety_07_DanhMucTinTucTable.aspx|huyenhs|Truy cập trang:Xem danh sách  Danh mục tin tức
10/21/2015 1:36:59 PM | ::1 | huyen | http://it.mt.gov.vn/dctquantri/tTrafficSafety_07_DanhMucTinTuc/ShowTTrafficSafety_07_DanhMucTinTucTable.aspx|huyenhs|Truy cập trang:Xem danh sách  Danh mục tin tức
10/21/2015 1:43:45 PM | ::1 | huyen | http://it.mt.gov.vn/dctquantri/tTrafficSafety_07_DanhMucTinTuc/ShowTTrafficSafety_07_DanhMucTinTucTable.aspx|huyenhs|Truy cập trang:Xem danh sách  Danh mục tin tức
10/21/2015 1:43:49 PM | ::1 | huyen | http://it.mt.gov.vn/dctquantri/tTrafficSafety_07_DanhMucTinTuc/ShowTTrafficSafety_07_DanhMucTinTuc.aspx?TTrafficSafety_07_DanhMucTinTuc=<key><cv><c>id</c><v>20</v></cv></key>|huyenhs|Truy cập trang:Xem chi tiết Danh mục tin tức
10/21/2015 1:44:27 PM | ::1 | huyen | http://it.mt.gov.vn/dctquantri/tTrafficSafety_07_DanhMucTinTuc/ShowTTrafficSafety_07_DanhMucTinTuc.aspx?TTrafficSafety_07_DanhMucTinTuc=<key><cv><c>id</c><v>20</v></cv></key>|huyenhs|Truy cập trang:Xem chi tiết Danh mục tin tức
10/21/2015 1:47:07 PM | ::1 | huyen | http://it.mt.gov.vn/dctquantri/tTrafficSafety_07_DanhMucTinTuc/ShowTTrafficSafety_07_DanhMucTinTuc.aspx?TTrafficSafety_07_DanhMucTinTuc=<key><cv><c>id</c><v>20</v></cv></key>|huyenhs|Truy cập trang:Xem chi tiết Danh mục tin tức
10/21/2015 1:48:50 PM | ::1 | huyen | http://it.mt.gov.vn/dctquantri/tTrafficSafety_07_DanhMucTinTuc/EditTTrafficSafety_07_DanhMucTinTuc.aspx?TTrafficSafety_07_DanhMucTinTuc=<key><cv><c>id</c><v>20</v></cv></key>|huyenhs|Truy cập trang:Sửa  Danh mục tin tức
10/21/2015 1:49:49 PM | ::1 | huyen | http://it.mt.gov.vn/dctquantri/tTrafficSafety_07_DanhMucTinTuc/EditTTrafficSafety_07_DanhMucTinTuc.aspx?TTrafficSafety_07_DanhMucTinTuc=<key><cv><c>id</c><v>20</v></cv></key>|huyenhs|Truy cập trang:Sửa  Danh mục tin tức
10/21/2015 1:50:26 PM | ::1 | huyen | http://it.mt.gov.vn/dctquantri/tTrafficSafety_07_DanhMucTinTuc/ShowTTrafficSafety_07_DanhMucTinTucTable.aspx|huyenhs|Truy cập trang:Xem danh sách  Danh mục tin tức
10/21/2015 1:51:37 PM | ::1 | huyen | http://it.mt.gov.vn/dctquantri/tTrafficSafety_07_DanhMucTinTuc/ShowTTrafficSafety_07_DanhMucTinTucTable.aspx|huyenhs|Truy cập trang:Xem danh sách  Danh mục tin tức
10/21/2015 1:51:38 PM | ::1 | huyen | http://it.mt.gov.vn/dctquantri/tTrafficSafety_07_DanhMucTinTuc/ShowTTrafficSafety_07_DanhMucTinTucTable.aspx|huyenhs|Truy cập trang:Xem danh sách  Danh mục tin tức
10/21/2015 2:23:14 PM | ::1 | huyen | http://it.mt.gov.vn/dctquantri/DashBoard/DashBoard.aspx|huyenhs|Truy cập trang:Tổng quan
10/21/2015 2:34:54 PM | ::1 | huyen | http://it.mt.gov.vn/dctquantri/DashBoard/DashBoard.aspx|huyenhs|Truy cập trang:Tổng quan
10/21/2015 2:37:20 PM | ::1 | huyen | http://it.mt.gov.vn/dctquantri/DashBoard/DashBoard.aspx|huyenhs|Truy cập trang:Tổng quan
10/21/2015 3:31:36 PM | ::1 | huyen | http://it.mt.gov.vn/dctquantri/tTrafficSafety_21_QuanLyTrangChu/ShowTTrafficSafety_21_QuanLyTrangChuTable.aspx|huyenhs|Truy cập trang:Xem danh sách module CT
10/21/2015 3:31:43 PM | ::1 | huyen | http://it.mt.gov.vn/dctquantri/tTrafficSafety_15_VanBan/AddTTrafficSafety_15_VanBan.aspx|huyenhs|Truy cập trang:Thêm Văn bản QPPPL
